<?xml version="1.0" encoding="UTF-8"?>
<testsuites name="Sub Test (US, PC)" time="671" tests="6" failures="4" errors="0">
   <testsuite name="Sub Test (US, PC)" tests="6" failures="4" errors="0" time="671" timestamp="2018-10-01 14:20:58" hostname="vbrooks - PLEMKTPLACE-08.esa.winadroot.com" id="Test Suites/Sub Test (US, PC)">
      <properties>
         <property name="deviceName" value=""/>
         <property name="devicePlatform" value=""/>
         <property name="logFolder" value="C:\\Users\\vbrooks\\Katalon Studio\\Birchbox\\Reports\\Sub Test (US, PC)\\20181001_142056"/>
         <property name="logFiles" value="C:\\Users\\vbrooks\\Katalon Studio\\Birchbox\\Reports\\Sub Test (US, PC)\\20181001_142056\\execution0.log"/>
         <property name="attachments" value=""/>
         <property name="hostName" value="vbrooks - PLEMKTPLACE-08.esa.winadroot.com"/>
         <property name="os" value="Windows 7 64bit"/>
         <property name="katalonVersion" value="5.7.1.1"/>
         <property name="browser" value="Chrome 69.0.3497.100"/>
         <property name="hostAddress" value="10.241.184.32"/>
         <property name="sessionId" value="286f012a515efe2c2b7e62017888eb42"/>
         <property name="seleniumVersion" value="3.7.1"/>
         <property name="proxyInformation" value="ProxyInformation{proxyOption=NO_PROXY, proxyServerType=HTTP, password=, proxyServerAddress=, proxyServerPort=0}"/>
         <property name="platform" value="Windows 7"/>
      </properties>
      <testcase name="Test Cases/US PC browser test/Launch the Birchbox site in the required locale - US (www.staging.birchbox.com)" classname="Test Cases/US PC browser test/Launch the Birchbox site in the required locale - US (www.staging.birchbox.com)" status="PASSED">
         <system-out><![CDATA[2018-10-01 14:20:59 - [TEST_CASE][PASSED] - Test Cases/US PC browser test/Launch the Birchbox site in the required locale - US (www.staging.birchbox.com): Test Cases/US PC browser test/Launch the Birchbox site in the required locale - US (www.staging.birchbox.com)

2018-10-01 14:20:59 - [TEST_STEP][PASSED] - openBrowser: Browser is opened with url: ''

2018-10-01 14:21:03 - [MESSAGE][PASSED] - Browser is opened with url: ''

2018-10-01 14:21:03 - [TEST_STEP][PASSED] - Statement - date = new java.util.Date(): null

2018-10-01 14:21:03 - [TEST_STEP][PASSED] - Statement - datetimeMMddyyhhmm = date.format("MMddyyhhmm"): null

2018-10-01 14:21:03 - [TEST_STEP][PASSED] - Statement - uniqueUSEmail = "birchbox.intertek+us" + datetimeMMddyyhhmm + "@gmail.com": null

2018-10-01 14:21:03 - [TEST_STEP][PASSED] - maximizeWindow: Current window maximized

2018-10-01 14:21:05 - [MESSAGE][PASSED] - Current window maximized

2018-10-01 14:21:05 - [TEST_STEP][PASSED] - navigateToUrl: Navigate to 'http://www.staging.birchbox.com/' successfully

2018-10-01 14:21:09 - [MESSAGE][PASSED] - Navigate to 'http://www.staging.birchbox.com/' successfully

2018-10-01 14:21:09 - [TEST_STEP][PASSED] - delay: Delayed 7 second(s)

2018-10-01 14:21:16 - [MESSAGE][PASSED] - Delayed 7 second(s)

2018-10-01 14:21:16 - [TEST_STEP][PASSED] - waitForElementVisible: Object 'Object Repository/Page_Beauty Box Subscription for Wo/div_The deals start now_dialog' is visible

2018-10-01 14:21:16 - [MESSAGE][WARNING] - Timeout '0' is invalid. Using default page load timeout: '30'

2018-10-01 14:21:16 - [MESSAGE][PASSED] - Object 'Object Repository/Page_Beauty Box Subscription for Wo/div_The deals start now_dialog' is visible

2018-10-01 14:21:16 - [TEST_STEP][PASSED] - click: Object: 'Object Repository/Page_Beauty Box Subscription for Wo/div_The deals start now_dialog' is clicked on

2018-10-01 14:21:17 - [MESSAGE][PASSED] - Object: 'Object Repository/Page_Beauty Box Subscription for Wo/div_The deals start now_dialog' is clicked on]]></system-out>
         <system-err><![CDATA[]]></system-err>
      </testcase>
      <testcase name="Test Cases/US PC browser test/Purchase subscription and create profile (US, PC)" classname="Test Cases/US PC browser test/Purchase subscription and create profile (US, PC)" status="PASSED">
         <system-out><![CDATA[2018-10-01 14:21:17 - [TEST_CASE][PASSED] - Test Cases/US PC browser test/Purchase subscription and create profile (US, PC): Test Cases/US PC browser test/Purchase subscription and create profile (US, PC)

2018-10-01 14:21:18 - [TEST_STEP][PASSED] - Statement - date = new java.util.Date(): null

2018-10-01 14:21:18 - [TEST_STEP][PASSED] - Statement - datetimeMMddyyhhmm = date.format("MMddyyhhmm"): null

2018-10-01 14:21:18 - [TEST_STEP][PASSED] - Statement - uniqueUSEmail = "birchbox.intertek+us" + datetimeMMddyyhhmm + "@gmail.com": null

2018-10-01 14:21:18 - [TEST_STEP][PASSED] - delay: Delayed 2 second(s)

2018-10-01 14:21:20 - [MESSAGE][PASSED] - Delayed 2 second(s)

2018-10-01 14:21:20 - [TEST_STEP][PASSED] - click: Object: 'Object Repository/Page_Beauty Box Subscription for Wo/a_Subscribe' is clicked on

2018-10-01 14:21:20 - [MESSAGE][PASSED] - Object: 'Object Repository/Page_Beauty Box Subscription for Wo/a_Subscribe' is clicked on

2018-10-01 14:21:20 - [TEST_STEP][PASSED] - delay: Delayed 2 second(s)

2018-10-01 14:21:22 - [MESSAGE][PASSED] - Delayed 2 second(s)

2018-10-01 14:21:22 - [TEST_STEP][PASSED] - click: Object: 'Object Repository/Page_Beauty Box Subscription for Wo/button_Get Your September Box' is clicked on

2018-10-01 14:21:23 - [MESSAGE][PASSED] - Object: 'Object Repository/Page_Beauty Box Subscription for Wo/button_Get Your September Box' is clicked on

2018-10-01 14:21:23 - [TEST_STEP][PASSED] - delay: Delayed 2 second(s)

2018-10-01 14:21:25 - [MESSAGE][PASSED] - Delayed 2 second(s)

2018-10-01 14:21:25 - [TEST_STEP][PASSED] - click: Object: 'Object Repository/Page_Beauty Box Subscription for Wo/div_Password_PC browser' is clicked on

2018-10-01 14:21:25 - [MESSAGE][PASSED] - Object: 'Object Repository/Page_Beauty Box Subscription for Wo/div_Password_PC browser' is clicked on

2018-10-01 14:21:25 - [TEST_STEP][PASSED] - setText: Text 'Peter' is set on object 'Object Repository/Page_Beauty Box Subscription for Wo/input_firstName (1)'

2018-10-01 14:21:26 - [MESSAGE][PASSED] - Text 'Peter' is set on object 'Object Repository/Page_Beauty Box Subscription for Wo/input_firstName (1)'

2018-10-01 14:21:26 - [TEST_STEP][PASSED] - setText: Text 'Gibbons' is set on object 'Object Repository/Page_Beauty Box Subscription for Wo/input_lastName (1)'

2018-10-01 14:21:26 - [MESSAGE][PASSED] - Text 'Gibbons' is set on object 'Object Repository/Page_Beauty Box Subscription for Wo/input_lastName (1)'

2018-10-01 14:21:26 - [TEST_STEP][PASSED] - setText: Text 'birchbox.intertek+us1001180221@gmail.com' is set on object 'Object Repository/Page_Beauty Box Subscription for Wo/input_emailAddress (1)'

2018-10-01 14:21:27 - [MESSAGE][PASSED] - Text 'birchbox.intertek+us1001180221@gmail.com' is set on object 'Object Repository/Page_Beauty Box Subscription for Wo/input_emailAddress (1)'

2018-10-01 14:21:27 - [TEST_STEP][PASSED] - setEncryptedText: Text ****** has been set on object 'Object Repository/Page_Beauty Box Subscription for Wo/input_password (2)'

2018-10-01 14:21:27 - [MESSAGE][PASSED] - Text ****** has been set on object 'Object Repository/Page_Beauty Box Subscription for Wo/input_password (2)'

2018-10-01 14:21:27 - [TEST_STEP][PASSED] - scrollToPosition: Browser is scrolled to position x = 0, y = 99999

2018-10-01 14:21:27 - [MESSAGE][PASSED] - Browser is scrolled to position x = 0, y = 99999

2018-10-01 14:21:27 - [TEST_STEP][PASSED] - click: Object: 'Object Repository/Page_Beauty Box Subscription for Wo/button_Next' is clicked on

2018-10-01 14:21:28 - [MESSAGE][PASSED] - Object: 'Object Repository/Page_Beauty Box Subscription for Wo/button_Next' is clicked on

2018-10-01 14:21:28 - [TEST_STEP][PASSED] - setText: Text 'Bill' is set on object 'Object Repository/Page_Beauty Box Subscription for Wo/input_shipping.firstName (1)'

2018-10-01 14:21:33 - [MESSAGE][PASSED] - Text 'Bill' is set on object 'Object Repository/Page_Beauty Box Subscription for Wo/input_shipping.firstName (1)'

2018-10-01 14:21:33 - [TEST_STEP][PASSED] - setText: Text 'Lumbergh' is set on object 'Object Repository/Page_Beauty Box Subscription for Wo/input_shipping.lastName (1)'

2018-10-01 14:21:33 - [MESSAGE][PASSED] - Text 'Lumbergh' is set on object 'Object Repository/Page_Beauty Box Subscription for Wo/input_shipping.lastName (1)'

2018-10-01 14:21:33 - [TEST_STEP][PASSED] - setText: Text '4683 Chabot Drive' is set on object 'Object Repository/Page_Beauty Box Subscription for Wo/input_shipping.streetAddress1 (1)'

2018-10-01 14:21:34 - [MESSAGE][PASSED] - Text '4683 Chabot Drive' is set on object 'Object Repository/Page_Beauty Box Subscription for Wo/input_shipping.streetAddress1 (1)'

2018-10-01 14:21:34 - [TEST_STEP][PASSED] - setText: Text 'Suite 200' is set on object 'Object Repository/Page_Beauty Box Subscription for Wo/input_shipping.streetAddress2 (1)'

2018-10-01 14:21:34 - [MESSAGE][PASSED] - Text 'Suite 200' is set on object 'Object Repository/Page_Beauty Box Subscription for Wo/input_shipping.streetAddress2 (1)'

2018-10-01 14:21:34 - [TEST_STEP][PASSED] - setText: Text 'Pleasanton' is set on object 'Object Repository/Page_Beauty Box Subscription for Wo/input_shipping.city (1)'

2018-10-01 14:21:35 - [MESSAGE][PASSED] - Text 'Pleasanton' is set on object 'Object Repository/Page_Beauty Box Subscription for Wo/input_shipping.city (1)'

2018-10-01 14:21:35 - [TEST_STEP][PASSED] - selectOptionByValue: All options with value 'California' are selected in object 'Object Repository/Page_Beauty Box Subscription for Wo/select_AAACAEAFAKALAMAPARAZCAC (1)'  using regular expression

2018-10-01 14:21:36 - [MESSAGE][PASSED] - All options with value 'California' are selected in object 'Object Repository/Page_Beauty Box Subscription for Wo/select_AAACAEAFAKALAMAPARAZCAC (1)'  using regular expression

2018-10-01 14:21:36 - [TEST_STEP][PASSED] - setText: Text '94588' is set on object 'Object Repository/Page_Beauty Box Subscription for Wo/input_shipping.postCode (1)'

2018-10-01 14:21:36 - [MESSAGE][PASSED] - Text '94588' is set on object 'Object Repository/Page_Beauty Box Subscription for Wo/input_shipping.postCode (1)'

2018-10-01 14:21:36 - [TEST_STEP][PASSED] - setText: Text '5100081112223332' is set on object 'Object Repository/Page_Beauty Box Subscription for Wo/input_payment.creditCardNumber (1)'

2018-10-01 14:21:36 - [MESSAGE][PASSED] - Text '5100081112223332' is set on object 'Object Repository/Page_Beauty Box Subscription for Wo/input_payment.creditCardNumber (1)'

2018-10-01 14:21:36 - [TEST_STEP][PASSED] - selectOptionByValue: All options with value '10' are selected in object 'Object Repository/Page_Beauty Box Subscription for Wo/select_01020304050607080910111 (1)'  using regular expression

2018-10-01 14:21:37 - [MESSAGE][PASSED] - All options with value '10' are selected in object 'Object Repository/Page_Beauty Box Subscription for Wo/select_01020304050607080910111 (1)'  using regular expression

2018-10-01 14:21:37 - [TEST_STEP][PASSED] - selectOptionByValue: All options with value '20' are selected in object 'Object Repository/Page_Beauty Box Subscription for Wo/select_16171819202122232425262 (1)'  using regular expression

2018-10-01 14:21:37 - [MESSAGE][PASSED] - All options with value '20' are selected in object 'Object Repository/Page_Beauty Box Subscription for Wo/select_16171819202122232425262 (1)'  using regular expression

2018-10-01 14:21:37 - [TEST_STEP][PASSED] - setText: Text '737' is set on object 'Object Repository/Page_Beauty Box Subscription for Wo/input_payment.cvv (1)'

2018-10-01 14:21:37 - [MESSAGE][PASSED] - Text '737' is set on object 'Object Repository/Page_Beauty Box Subscription for Wo/input_payment.cvv (1)'

2018-10-01 14:21:37 - [TEST_STEP][PASSED] - click: Object: 'Object Repository/Page_Beauty Box Subscription for Wo/button_Review Your Order (1)' is clicked on

2018-10-01 14:21:38 - [MESSAGE][PASSED] - Object: 'Object Repository/Page_Beauty Box Subscription for Wo/button_Review Your Order (1)' is clicked on

2018-10-01 14:21:38 - [TEST_STEP][PASSED] - waitForPageLoad: Wait for page load successfully

2018-10-01 14:21:38 - [MESSAGE][WARNING] - Timeout '0' is invalid. Using default page load timeout: '30'

2018-10-01 14:21:38 - [MESSAGE][PASSED] - Wait for page load successfully

2018-10-01 14:21:38 - [TEST_STEP][PASSED] - comment: Test - Check for correct sales tax calculation and currency symbol

2018-10-01 14:21:38 - [TEST_STEP][PASSED] - Statement - dollar_amount = com.kms.katalon.core.webui.keyword.WebUiBuiltInKeywords.getText(com.kms.katalon.core.testobject.ObjectRepository.findTestObject(Page_Beauty Box Subscription for Wo/div_subtotal_PC), STOP_ON_FAILURE): Text of object 'Object Repository/Page_Beauty Box Subscription for Wo/div_subtotal_PC' is: '$10.00'

2018-10-01 14:21:52 - [MESSAGE][PASSED] - Text of object 'Object Repository/Page_Beauty Box Subscription for Wo/div_subtotal_PC' is: '$10.00'

2018-10-01 14:21:52 - [TEST_STEP][PASSED] - verifyMatch: Actual text '$10.00' and expected text '^\$[0-9]+\.[0-9]{2}$' are matched  using regular expression

2018-10-01 14:21:52 - [MESSAGE][PASSED] - Actual text '$10.00' and expected text '^\$[0-9]+\.[0-9]{2}$' are matched  using regular expression

2018-10-01 14:21:52 - [TEST_STEP][PASSED] - Statement - dollar_amount = com.kms.katalon.core.webui.keyword.WebUiBuiltInKeywords.getText(com.kms.katalon.core.testobject.ObjectRepository.findTestObject(Page_Beauty Box Subscription for Wo/div_shipping_PC), STOP_ON_FAILURE): Text of object 'Object Repository/Page_Beauty Box Subscription for Wo/div_shipping_PC' is: 'FREE'

2018-10-01 14:21:52 - [MESSAGE][PASSED] - Text of object 'Object Repository/Page_Beauty Box Subscription for Wo/div_shipping_PC' is: 'FREE'

2018-10-01 14:21:52 - [TEST_STEP][PASSED] - verifyMatch: Actual text 'FREE' and expected text '^\$[0-9]+\.[0-9]{2}$|(?i)^FREE$' are matched  using regular expression

2018-10-01 14:21:52 - [MESSAGE][PASSED] - Actual text 'FREE' and expected text '^\$[0-9]+\.[0-9]{2}$|(?i)^FREE$' are matched  using regular expression

2018-10-01 14:21:52 - [TEST_STEP][PASSED] - Statement - dollar_amount = com.kms.katalon.core.webui.keyword.WebUiBuiltInKeywords.getText(com.kms.katalon.core.testobject.ObjectRepository.findTestObject(Page_Beauty Box Subscription for Wo/div_tax_PC), STOP_ON_FAILURE): Text of object 'Object Repository/Page_Beauty Box Subscription for Wo/div_tax_PC' is: '$10.00'

2018-10-01 14:21:52 - [MESSAGE][PASSED] - Text of object 'Object Repository/Page_Beauty Box Subscription for Wo/div_tax_PC' is: '$10.00'

2018-10-01 14:21:52 - [TEST_STEP][PASSED] - verifyMatch: Actual text '$10.00' and expected text '^\$[0-9]+\.[0-9]{2}$' are matched  using regular expression

2018-10-01 14:21:52 - [MESSAGE][PASSED] - Actual text '$10.00' and expected text '^\$[0-9]+\.[0-9]{2}$' are matched  using regular expression

2018-10-01 14:21:52 - [TEST_STEP][PASSED] - Statement - dollar_amount = com.kms.katalon.core.webui.keyword.WebUiBuiltInKeywords.getText(com.kms.katalon.core.testobject.ObjectRepository.findTestObject(Page_Beauty Box Subscription for Wo/div_total_PC), STOP_ON_FAILURE): Text of object 'Object Repository/Page_Beauty Box Subscription for Wo/div_total_PC' is: '$10.93'

2018-10-01 14:21:52 - [MESSAGE][PASSED] - Text of object 'Object Repository/Page_Beauty Box Subscription for Wo/div_total_PC' is: '$10.93'

2018-10-01 14:21:52 - [TEST_STEP][PASSED] - verifyMatch: Actual text '$10.93' and expected text '^\$[0-9]+\.[0-9]{2}$' are matched  using regular expression

2018-10-01 14:21:52 - [MESSAGE][PASSED] - Actual text '$10.93' and expected text '^\$[0-9]+\.[0-9]{2}$' are matched  using regular expression

2018-10-01 14:21:52 - [TEST_STEP][PASSED] - delay: Delayed 18 second(s)

2018-10-01 14:22:10 - [MESSAGE][PASSED] - Delayed 18 second(s)

2018-10-01 14:22:10 - [TEST_STEP][PASSED] - scrollToPosition: Browser is scrolled to position x = 0, y = 99999

2018-10-01 14:22:10 - [MESSAGE][PASSED] - Browser is scrolled to position x = 0, y = 99999

2018-10-01 14:22:10 - [TEST_STEP][PASSED] - delay: Delayed 2 second(s)

2018-10-01 14:22:12 - [MESSAGE][PASSED] - Delayed 2 second(s)

2018-10-01 14:22:12 - [TEST_STEP][PASSED] - waitForElementVisible: Object 'Object Repository/Page_Beauty Box Subscription for Wo/button_Confirm Subscription (1)' is visible

2018-10-01 14:22:12 - [MESSAGE][WARNING] - Timeout '0' is invalid. Using default page load timeout: '30'

2018-10-01 14:22:12 - [MESSAGE][PASSED] - Object 'Object Repository/Page_Beauty Box Subscription for Wo/button_Confirm Subscription (1)' is visible

2018-10-01 14:22:12 - [TEST_STEP][PASSED] - waitForElementClickable: Object 'Object Repository/Page_Beauty Box Subscription for Wo/button_Confirm Subscription (1)' is clickable

2018-10-01 14:22:12 - [MESSAGE][WARNING] - Timeout '0' is invalid. Using default page load timeout: '30'

2018-10-01 14:22:12 - [MESSAGE][PASSED] - Object 'Object Repository/Page_Beauty Box Subscription for Wo/button_Confirm Subscription (1)' is clickable

2018-10-01 14:22:12 - [TEST_STEP][PASSED] - click: Object: 'Object Repository/Page_Beauty Box Subscription for Wo/button_Confirm Subscription (1)' is clicked on

2018-10-01 14:22:12 - [MESSAGE][PASSED] - Object: 'Object Repository/Page_Beauty Box Subscription for Wo/button_Confirm Subscription (1)' is clicked on

2018-10-01 14:22:12 - [TEST_STEP][PASSED] - delay: Delayed 12 second(s)

2018-10-01 14:22:24 - [MESSAGE][PASSED] - Delayed 12 second(s)

2018-10-01 14:22:24 - [TEST_STEP][PASSED] - waitForElementClickable: Object 'Object Repository/Page_Beauty Box Subscription for Wo/a_Go to your profile (2)' is clickable

2018-10-01 14:22:24 - [MESSAGE][WARNING] - Timeout '0' is invalid. Using default page load timeout: '30'

2018-10-01 14:22:25 - [MESSAGE][PASSED] - Object 'Object Repository/Page_Beauty Box Subscription for Wo/a_Go to your profile (2)' is clickable

2018-10-01 14:22:25 - [TEST_STEP][PASSED] - click: Object: 'Object Repository/Page_Beauty Box Subscription for Wo/a_Go to your profile (2)' is clicked on

2018-10-01 14:22:25 - [MESSAGE][PASSED] - Object: 'Object Repository/Page_Beauty Box Subscription for Wo/a_Go to your profile (2)' is clicked on

2018-10-01 14:22:25 - [TEST_STEP][PASSED] - waitForElementClickable: Object 'Object Repository/Page_Beauty Box Subscription for Wo/div_Normal (2)' is clickable

2018-10-01 14:22:25 - [MESSAGE][WARNING] - Timeout '0' is invalid. Using default page load timeout: '30'

2018-10-01 14:22:26 - [MESSAGE][PASSED] - Object 'Object Repository/Page_Beauty Box Subscription for Wo/div_Normal (2)' is clickable

2018-10-01 14:22:26 - [TEST_STEP][PASSED] - click: Object: 'Object Repository/Page_Beauty Box Subscription for Wo/div_Normal (2)' is clicked on

2018-10-01 14:22:26 - [MESSAGE][PASSED] - Object: 'Object Repository/Page_Beauty Box Subscription for Wo/div_Normal (2)' is clicked on

2018-10-01 14:22:26 - [TEST_STEP][PASSED] - waitForElementClickable: Object 'Object Repository/Page_Beauty Box Subscription for Wo/div_Acne (2)' is clickable

2018-10-01 14:22:26 - [MESSAGE][WARNING] - Timeout '0' is invalid. Using default page load timeout: '30'

2018-10-01 14:22:26 - [MESSAGE][PASSED] - Object 'Object Repository/Page_Beauty Box Subscription for Wo/div_Acne (2)' is clickable

2018-10-01 14:22:26 - [TEST_STEP][PASSED] - click: Object: 'Object Repository/Page_Beauty Box Subscription for Wo/div_Acne (2)' is clicked on

2018-10-01 14:22:26 - [MESSAGE][PASSED] - Object: 'Object Repository/Page_Beauty Box Subscription for Wo/div_Acne (2)' is clicked on

2018-10-01 14:22:26 - [TEST_STEP][PASSED] - click: Object: 'Object Repository/Page_Beauty Box Subscription for Wo/div_Aging (2)' is clicked on

2018-10-01 14:22:27 - [MESSAGE][PASSED] - Object: 'Object Repository/Page_Beauty Box Subscription for Wo/div_Aging (2)' is clicked on

2018-10-01 14:22:27 - [TEST_STEP][PASSED] - click: Object: 'Object Repository/Page_Beauty Box Subscription for Wo/div_Cellulite (2)' is clicked on

2018-10-01 14:22:27 - [MESSAGE][PASSED] - Object: 'Object Repository/Page_Beauty Box Subscription for Wo/div_Cellulite (2)' is clicked on

2018-10-01 14:22:27 - [TEST_STEP][PASSED] - click: Object: 'Object Repository/Page_Beauty Box Subscription for Wo/div_Dark spots or uneven skin (2)' is clicked on

2018-10-01 14:22:27 - [MESSAGE][PASSED] - Object: 'Object Repository/Page_Beauty Box Subscription for Wo/div_Dark spots or uneven skin (2)' is clicked on

2018-10-01 14:22:27 - [TEST_STEP][PASSED] - scrollToElement: Scroll to object 'Object Repository/Page_Beauty Box Subscription for Wo/div_Dark spots or uneven skin (2)' successfully

2018-10-01 14:22:27 - [MESSAGE][WARNING] - Timeout '0' is invalid. Using default page load timeout: '30'

2018-10-01 14:22:27 - [MESSAGE][PASSED] - Scroll to object 'Object Repository/Page_Beauty Box Subscription for Wo/div_Dark spots or uneven skin (2)' successfully

2018-10-01 14:22:27 - [TEST_STEP][PASSED] - click: Object: 'Object Repository/Page_Beauty Box Subscription for Wo/div_Undereye circlespuffiness (2)' is clicked on

2018-10-01 14:22:27 - [MESSAGE][PASSED] - Object: 'Object Repository/Page_Beauty Box Subscription for Wo/div_Undereye circlespuffiness (2)' is clicked on

2018-10-01 14:22:27 - [TEST_STEP][PASSED] - click: Object: 'Object Repository/Page_Beauty Box Subscription for Wo/div_Redness or rosacea (2)' is clicked on

2018-10-01 14:22:27 - [MESSAGE][PASSED] - Object: 'Object Repository/Page_Beauty Box Subscription for Wo/div_Redness or rosacea (2)' is clicked on

2018-10-01 14:22:27 - [TEST_STEP][PASSED] - click: Object: 'Object Repository/Page_Beauty Box Subscription for Wo/div_Sensitivity (2)' is clicked on

2018-10-01 14:22:28 - [MESSAGE][PASSED] - Object: 'Object Repository/Page_Beauty Box Subscription for Wo/div_Sensitivity (2)' is clicked on

2018-10-01 14:22:28 - [TEST_STEP][PASSED] - click: Object: 'Object Repository/Page_Beauty Box Subscription for Wo/div_Stretch marks' is clicked on

2018-10-01 14:22:28 - [MESSAGE][PASSED] - Object: 'Object Repository/Page_Beauty Box Subscription for Wo/div_Stretch marks' is clicked on

2018-10-01 14:22:28 - [TEST_STEP][PASSED] - scrollToElement: Scroll to object 'Object Repository/Page_Beauty Box Subscription for Wo/div_Stretch marks' successfully

2018-10-01 14:22:28 - [MESSAGE][WARNING] - Timeout '0' is invalid. Using default page load timeout: '30'

2018-10-01 14:22:28 - [MESSAGE][PASSED] - Scroll to object 'Object Repository/Page_Beauty Box Subscription for Wo/div_Stretch marks' successfully

2018-10-01 14:22:28 - [TEST_STEP][PASSED] - click: Object: 'Object Repository/Page_Beauty Box Subscription for Wo/div_Sun protection' is clicked on

2018-10-01 14:22:28 - [MESSAGE][PASSED] - Object: 'Object Repository/Page_Beauty Box Subscription for Wo/div_Sun protection' is clicked on

2018-10-01 14:22:28 - [TEST_STEP][PASSED] - click: Object: 'Object Repository/Page_Beauty Box Subscription for Wo/div_Other (2)' is clicked on

2018-10-01 14:22:28 - [MESSAGE][PASSED] - Object: 'Object Repository/Page_Beauty Box Subscription for Wo/div_Other (2)' is clicked on

2018-10-01 14:22:28 - [TEST_STEP][PASSED] - click: Object: 'Object Repository/Page_Beauty Box Subscription for Wo/div_Next (2)' is clicked on

2018-10-01 14:22:29 - [MESSAGE][PASSED] - Object: 'Object Repository/Page_Beauty Box Subscription for Wo/div_Next (2)' is clicked on

2018-10-01 14:22:29 - [TEST_STEP][PASSED] - waitForElementClickable: Object 'Object Repository/Page_Beauty Box Subscription for Wo/div_Fair (2)' is clickable

2018-10-01 14:22:29 - [MESSAGE][WARNING] - Timeout '0' is invalid. Using default page load timeout: '30'

2018-10-01 14:22:29 - [MESSAGE][PASSED] - Object 'Object Repository/Page_Beauty Box Subscription for Wo/div_Fair (2)' is clickable

2018-10-01 14:22:29 - [TEST_STEP][PASSED] - click: Object: 'Object Repository/Page_Beauty Box Subscription for Wo/div_Fair (2)' is clicked on

2018-10-01 14:22:29 - [MESSAGE][PASSED] - Object: 'Object Repository/Page_Beauty Box Subscription for Wo/div_Fair (2)' is clicked on

2018-10-01 14:22:29 - [TEST_STEP][PASSED] - waitForElementClickable: Object 'Object Repository/Page_Beauty Box Subscription for Wo/div_Brown (2)' is clickable

2018-10-01 14:22:29 - [MESSAGE][WARNING] - Timeout '0' is invalid. Using default page load timeout: '30'

2018-10-01 14:22:29 - [MESSAGE][PASSED] - Object 'Object Repository/Page_Beauty Box Subscription for Wo/div_Brown (2)' is clickable

2018-10-01 14:22:29 - [TEST_STEP][PASSED] - click: Object: 'Object Repository/Page_Beauty Box Subscription for Wo/div_Brown (2)' is clicked on

2018-10-01 14:22:30 - [MESSAGE][PASSED] - Object: 'Object Repository/Page_Beauty Box Subscription for Wo/div_Brown (2)' is clicked on

2018-10-01 14:22:30 - [TEST_STEP][PASSED] - waitForElementClickable: Object 'Object Repository/Page_Beauty Box Subscription for Wo/div_Thick (2)' is clickable

2018-10-01 14:22:30 - [MESSAGE][WARNING] - Timeout '0' is invalid. Using default page load timeout: '30'

2018-10-01 14:22:30 - [MESSAGE][PASSED] - Object 'Object Repository/Page_Beauty Box Subscription for Wo/div_Thick (2)' is clickable

2018-10-01 14:22:30 - [TEST_STEP][PASSED] - click: Object: 'Object Repository/Page_Beauty Box Subscription for Wo/div_Thick (2)' is clicked on

2018-10-01 14:22:30 - [MESSAGE][PASSED] - Object: 'Object Repository/Page_Beauty Box Subscription for Wo/div_Thick (2)' is clicked on

2018-10-01 14:22:30 - [TEST_STEP][PASSED] - click: Object: 'Object Repository/Page_Beauty Box Subscription for Wo/div_Fine (2)' is clicked on

2018-10-01 14:22:30 - [MESSAGE][PASSED] - Object: 'Object Repository/Page_Beauty Box Subscription for Wo/div_Fine (2)' is clicked on

2018-10-01 14:22:30 - [TEST_STEP][PASSED] - scrollToElement: Scroll to object 'Object Repository/Page_Beauty Box Subscription for Wo/div_Fine (2)' successfully

2018-10-01 14:22:30 - [MESSAGE][WARNING] - Timeout '0' is invalid. Using default page load timeout: '30'

2018-10-01 14:22:30 - [MESSAGE][PASSED] - Scroll to object 'Object Repository/Page_Beauty Box Subscription for Wo/div_Fine (2)' successfully

2018-10-01 14:22:30 - [TEST_STEP][PASSED] - click: Object: 'Object Repository/Page_Beauty Box Subscription for Wo/div_Straight (2)' is clicked on

2018-10-01 14:22:31 - [MESSAGE][PASSED] - Object: 'Object Repository/Page_Beauty Box Subscription for Wo/div_Straight (2)' is clicked on

2018-10-01 14:22:31 - [TEST_STEP][PASSED] - click: Object: 'Object Repository/Page_Beauty Box Subscription for Wo/div_Wavy (2)' is clicked on

2018-10-01 14:22:31 - [MESSAGE][PASSED] - Object: 'Object Repository/Page_Beauty Box Subscription for Wo/div_Wavy (2)' is clicked on

2018-10-01 14:22:31 - [TEST_STEP][PASSED] - click: Object: 'Object Repository/Page_Beauty Box Subscription for Wo/div_Curly (2)' is clicked on

2018-10-01 14:22:31 - [MESSAGE][PASSED] - Object: 'Object Repository/Page_Beauty Box Subscription for Wo/div_Curly (2)' is clicked on

2018-10-01 14:22:31 - [TEST_STEP][PASSED] - click: Object: 'Object Repository/Page_Beauty Box Subscription for Wo/div_Frizzy (2)' is clicked on

2018-10-01 14:22:31 - [MESSAGE][PASSED] - Object: 'Object Repository/Page_Beauty Box Subscription for Wo/div_Frizzy (2)' is clicked on

2018-10-01 14:22:31 - [TEST_STEP][PASSED] - scrollToElement: Scroll to object 'Object Repository/Page_Beauty Box Subscription for Wo/div_Frizzy (2)' successfully

2018-10-01 14:22:31 - [MESSAGE][WARNING] - Timeout '0' is invalid. Using default page load timeout: '30'

2018-10-01 14:22:32 - [MESSAGE][PASSED] - Scroll to object 'Object Repository/Page_Beauty Box Subscription for Wo/div_Frizzy (2)' successfully

2018-10-01 14:22:32 - [TEST_STEP][PASSED] - click: Object: 'Object Repository/Page_Beauty Box Subscription for Wo/div_Kinky (2)' is clicked on

2018-10-01 14:22:32 - [MESSAGE][PASSED] - Object: 'Object Repository/Page_Beauty Box Subscription for Wo/div_Kinky (2)' is clicked on

2018-10-01 14:22:32 - [TEST_STEP][PASSED] - click: Object: 'Object Repository/Page_Beauty Box Subscription for Wo/div_Dry' is clicked on

2018-10-01 14:22:32 - [MESSAGE][PASSED] - Object: 'Object Repository/Page_Beauty Box Subscription for Wo/div_Dry' is clicked on

2018-10-01 14:22:32 - [TEST_STEP][PASSED] - click: Object: 'Object Repository/Page_Beauty Box Subscription for Wo/div_Normal (3)' is clicked on

2018-10-01 14:22:32 - [MESSAGE][PASSED] - Object: 'Object Repository/Page_Beauty Box Subscription for Wo/div_Normal (3)' is clicked on

2018-10-01 14:22:32 - [TEST_STEP][PASSED] - click: Object: 'Object Repository/Page_Beauty Box Subscription for Wo/div_Oily' is clicked on

2018-10-01 14:22:32 - [MESSAGE][PASSED] - Object: 'Object Repository/Page_Beauty Box Subscription for Wo/div_Oily' is clicked on

2018-10-01 14:22:32 - [TEST_STEP][PASSED] - scrollToElement: Scroll to object 'Object Repository/Page_Beauty Box Subscription for Wo/div_Oily' successfully

2018-10-01 14:22:32 - [MESSAGE][WARNING] - Timeout '0' is invalid. Using default page load timeout: '30'

2018-10-01 14:22:32 - [MESSAGE][PASSED] - Scroll to object 'Object Repository/Page_Beauty Box Subscription for Wo/div_Oily' successfully

2018-10-01 14:22:32 - [TEST_STEP][PASSED] - click: Object: 'Object Repository/Page_Beauty Box Subscription for Wo/div_Too short for a ponytail' is clicked on

2018-10-01 14:22:33 - [MESSAGE][PASSED] - Object: 'Object Repository/Page_Beauty Box Subscription for Wo/div_Too short for a ponytail' is clicked on

2018-10-01 14:22:33 - [TEST_STEP][PASSED] - click: Object: 'Object Repository/Page_Beauty Box Subscription for Wo/div_Next (2)' is clicked on

2018-10-01 14:22:33 - [MESSAGE][PASSED] - Object: 'Object Repository/Page_Beauty Box Subscription for Wo/div_Next (2)' is clicked on

2018-10-01 14:22:33 - [TEST_STEP][PASSED] - verifyElementClickable: Object 'Object Repository/Page_Beauty Box Subscription for Wo/div_Chemically treat (2)' is clickable

2018-10-01 14:22:34 - [MESSAGE][PASSED] - Object 'Object Repository/Page_Beauty Box Subscription for Wo/div_Chemically treat (2)' is clickable

2018-10-01 14:22:34 - [TEST_STEP][PASSED] - click: Object: 'Object Repository/Page_Beauty Box Subscription for Wo/div_Chemically treat (2)' is clicked on

2018-10-01 14:22:34 - [MESSAGE][PASSED] - Object: 'Object Repository/Page_Beauty Box Subscription for Wo/div_Chemically treat (2)' is clicked on

2018-10-01 14:22:34 - [TEST_STEP][PASSED] - click: Object: 'Object Repository/Page_Beauty Box Subscription for Wo/div_Color treat (2)' is clicked on

2018-10-01 14:22:34 - [MESSAGE][PASSED] - Object: 'Object Repository/Page_Beauty Box Subscription for Wo/div_Color treat (2)' is clicked on

2018-10-01 14:22:34 - [TEST_STEP][PASSED] - click: Object: 'Object Repository/Page_Beauty Box Subscription for Wo/div_Style with a curling iron (2)' is clicked on

2018-10-01 14:22:34 - [MESSAGE][PASSED] - Object: 'Object Repository/Page_Beauty Box Subscription for Wo/div_Style with a curling iron (2)' is clicked on

2018-10-01 14:22:34 - [TEST_STEP][PASSED] - click: Object: 'Object Repository/Page_Beauty Box Subscription for Wo/div_Blow dry frequently (2)' is clicked on

2018-10-01 14:22:34 - [MESSAGE][PASSED] - Object: 'Object Repository/Page_Beauty Box Subscription for Wo/div_Blow dry frequently (2)' is clicked on

2018-10-01 14:22:34 - [TEST_STEP][PASSED] - scrollToElement: Scroll to object 'Object Repository/Page_Beauty Box Subscription for Wo/div_Blow dry frequently (2)' successfully

2018-10-01 14:22:34 - [MESSAGE][WARNING] - Timeout '0' is invalid. Using default page load timeout: '30'

2018-10-01 14:22:35 - [MESSAGE][PASSED] - Scroll to object 'Object Repository/Page_Beauty Box Subscription for Wo/div_Blow dry frequently (2)' successfully

2018-10-01 14:22:35 - [TEST_STEP][PASSED] - click: Object: 'Object Repository/Page_Beauty Box Subscription for Wo/div_Straighten with a flat iro (2)' is clicked on

2018-10-01 14:22:35 - [MESSAGE][PASSED] - Object: 'Object Repository/Page_Beauty Box Subscription for Wo/div_Straighten with a flat iro (2)' is clicked on

2018-10-01 14:22:35 - [TEST_STEP][PASSED] - click: Object: 'Object Repository/Page_Beauty Box Subscription for Wo/div_Air dry most of the time (2)' is clicked on

2018-10-01 14:22:35 - [MESSAGE][PASSED] - Object: 'Object Repository/Page_Beauty Box Subscription for Wo/div_Air dry most of the time (2)' is clicked on

2018-10-01 14:22:35 - [TEST_STEP][PASSED] - click: Object: 'Object Repository/Page_Beauty Box Subscription for Wo/div_Next (2)' is clicked on

2018-10-01 14:22:35 - [MESSAGE][PASSED] - Object: 'Object Repository/Page_Beauty Box Subscription for Wo/div_Next (2)' is clicked on

2018-10-01 14:22:35 - [TEST_STEP][PASSED] - delay: Delayed 3 second(s)

2018-10-01 14:22:38 - [MESSAGE][PASSED] - Delayed 3 second(s)

2018-10-01 14:22:38 - [TEST_STEP][PASSED] - waitForElementClickable: Object 'Object Repository/Page_Beauty Box Subscription for Wo/div_Newbie' is clickable

2018-10-01 14:22:38 - [MESSAGE][WARNING] - Timeout '0' is invalid. Using default page load timeout: '30'

2018-10-01 14:22:38 - [MESSAGE][PASSED] - Object 'Object Repository/Page_Beauty Box Subscription for Wo/div_Newbie' is clickable

2018-10-01 14:22:38 - [TEST_STEP][PASSED] - click: Object: 'Object Repository/Page_Beauty Box Subscription for Wo/div_Newbie' is clicked on

2018-10-01 14:22:39 - [MESSAGE][PASSED] - Object: 'Object Repository/Page_Beauty Box Subscription for Wo/div_Newbie' is clicked on

2018-10-01 14:22:39 - [TEST_STEP][PASSED] - delay: Delayed 2 second(s)

2018-10-01 14:22:41 - [MESSAGE][PASSED] - Delayed 2 second(s)

2018-10-01 14:22:41 - [TEST_STEP][PASSED] - waitForElementClickable: Object 'Object Repository/Page_Beauty Box Subscription for Wo/div_Adventurous' is clickable

2018-10-01 14:22:41 - [MESSAGE][WARNING] - Timeout '0' is invalid. Using default page load timeout: '30'

2018-10-01 14:22:41 - [MESSAGE][PASSED] - Object 'Object Repository/Page_Beauty Box Subscription for Wo/div_Adventurous' is clickable

2018-10-01 14:22:41 - [TEST_STEP][PASSED] - click: Object: 'Object Repository/Page_Beauty Box Subscription for Wo/div_Adventurous' is clicked on

2018-10-01 14:22:41 - [MESSAGE][PASSED] - Object: 'Object Repository/Page_Beauty Box Subscription for Wo/div_Adventurous' is clicked on

2018-10-01 14:22:41 - [TEST_STEP][PASSED] - click: Object: 'Object Repository/Page_Beauty Box Subscription for Wo/div_Classic' is clicked on

2018-10-01 14:22:41 - [MESSAGE][PASSED] - Object: 'Object Repository/Page_Beauty Box Subscription for Wo/div_Classic' is clicked on

2018-10-01 14:22:41 - [TEST_STEP][PASSED] - click: Object: 'Object Repository/Page_Beauty Box Subscription for Wo/div_Trendy' is clicked on

2018-10-01 14:22:41 - [MESSAGE][PASSED] - Object: 'Object Repository/Page_Beauty Box Subscription for Wo/div_Trendy' is clicked on

2018-10-01 14:22:41 - [TEST_STEP][PASSED] - click: Object: 'Object Repository/Page_Beauty Box Subscription for Wo/div_Low-maintenance' is clicked on

2018-10-01 14:22:41 - [MESSAGE][PASSED] - Object: 'Object Repository/Page_Beauty Box Subscription for Wo/div_Low-maintenance' is clicked on

2018-10-01 14:22:41 - [TEST_STEP][PASSED] - click: Object: 'Object Repository/Page_Beauty Box Subscription for Wo/div_Next (2)' is clicked on

2018-10-01 14:22:42 - [MESSAGE][PASSED] - Object: 'Object Repository/Page_Beauty Box Subscription for Wo/div_Next (2)' is clicked on

2018-10-01 14:22:42 - [TEST_STEP][PASSED] - delay: Delayed 2 second(s)

2018-10-01 14:22:44 - [MESSAGE][PASSED] - Delayed 2 second(s)

2018-10-01 14:22:44 - [TEST_STEP][PASSED] - waitForElementVisible: Object 'Object Repository/Page_Beauty Box Subscription for Wo/div_Bath and Body' is visible

2018-10-01 14:22:44 - [MESSAGE][WARNING] - Timeout '0' is invalid. Using default page load timeout: '30'

2018-10-01 14:22:44 - [MESSAGE][PASSED] - Object 'Object Repository/Page_Beauty Box Subscription for Wo/div_Bath and Body' is visible

2018-10-01 14:22:44 - [TEST_STEP][PASSED] - waitForElementClickable: Object 'Object Repository/Page_Beauty Box Subscription for Wo/div_Bath and Body' is clickable

2018-10-01 14:22:44 - [MESSAGE][WARNING] - Timeout '0' is invalid. Using default page load timeout: '30'

2018-10-01 14:22:44 - [MESSAGE][PASSED] - Object 'Object Repository/Page_Beauty Box Subscription for Wo/div_Bath and Body' is clickable

2018-10-01 14:22:44 - [TEST_STEP][PASSED] - click: Object: 'Object Repository/Page_Beauty Box Subscription for Wo/div_Bath and Body' is clicked on

2018-10-01 14:22:44 - [MESSAGE][PASSED] - Object: 'Object Repository/Page_Beauty Box Subscription for Wo/div_Bath and Body' is clicked on

2018-10-01 14:22:44 - [TEST_STEP][PASSED] - click: Object: 'Object Repository/Page_Beauty Box Subscription for Wo/div_Fragrance' is clicked on

2018-10-01 14:22:44 - [MESSAGE][PASSED] - Object: 'Object Repository/Page_Beauty Box Subscription for Wo/div_Fragrance' is clicked on

2018-10-01 14:22:44 - [TEST_STEP][PASSED] - click: Object: 'Object Repository/Page_Beauty Box Subscription for Wo/div_Haircare' is clicked on

2018-10-01 14:22:44 - [MESSAGE][PASSED] - Object: 'Object Repository/Page_Beauty Box Subscription for Wo/div_Haircare' is clicked on

2018-10-01 14:22:44 - [TEST_STEP][PASSED] - click: Object: 'Object Repository/Page_Beauty Box Subscription for Wo/div_Makeup' is clicked on

2018-10-01 14:22:44 - [MESSAGE][PASSED] - Object: 'Object Repository/Page_Beauty Box Subscription for Wo/div_Makeup' is clicked on

2018-10-01 14:22:44 - [TEST_STEP][PASSED] - scrollToElement: Scroll to object 'Object Repository/Page_Beauty Box Subscription for Wo/div_Makeup' successfully

2018-10-01 14:22:44 - [MESSAGE][WARNING] - Timeout '0' is invalid. Using default page load timeout: '30'

2018-10-01 14:22:44 - [MESSAGE][PASSED] - Scroll to object 'Object Repository/Page_Beauty Box Subscription for Wo/div_Makeup' successfully

2018-10-01 14:22:44 - [TEST_STEP][PASSED] - click: Object: 'Object Repository/Page_Beauty Box Subscription for Wo/div_Skincare' is clicked on

2018-10-01 14:22:45 - [MESSAGE][PASSED] - Object: 'Object Repository/Page_Beauty Box Subscription for Wo/div_Skincare' is clicked on

2018-10-01 14:22:45 - [TEST_STEP][PASSED] - click: Object: 'Object Repository/Page_Beauty Box Subscription for Wo/div_Next (2)' is clicked on

2018-10-01 14:22:45 - [MESSAGE][PASSED] - Object: 'Object Repository/Page_Beauty Box Subscription for Wo/div_Next (2)' is clicked on

2018-10-01 14:22:45 - [TEST_STEP][PASSED] - delay: Delayed 2 second(s)

2018-10-01 14:22:47 - [MESSAGE][PASSED] - Delayed 2 second(s)

2018-10-01 14:22:47 - [TEST_STEP][PASSED] - waitForElementClickable: Object 'Object Repository/Page_Beauty Box Subscription for Wo/div_Anytime' is clickable

2018-10-01 14:22:47 - [MESSAGE][WARNING] - Timeout '0' is invalid. Using default page load timeout: '30'

2018-10-01 14:22:47 - [MESSAGE][PASSED] - Object 'Object Repository/Page_Beauty Box Subscription for Wo/div_Anytime' is clickable

2018-10-01 14:22:47 - [TEST_STEP][PASSED] - click: Object: 'Object Repository/Page_Beauty Box Subscription for Wo/div_Anytime' is clicked on

2018-10-01 14:22:47 - [MESSAGE][PASSED] - Object: 'Object Repository/Page_Beauty Box Subscription for Wo/div_Anytime' is clicked on

2018-10-01 14:22:47 - [TEST_STEP][PASSED] - delay: Delayed 2 second(s)

2018-10-01 14:22:49 - [MESSAGE][PASSED] - Delayed 2 second(s)

2018-10-01 14:22:49 - [TEST_STEP][PASSED] - waitForElementVisible: Object 'Object Repository/Page_Beauty Box Subscription for Wo/div_Yes please' is visible

2018-10-01 14:22:49 - [MESSAGE][WARNING] - Timeout '0' is invalid. Using default page load timeout: '30'

2018-10-01 14:22:49 - [MESSAGE][PASSED] - Object 'Object Repository/Page_Beauty Box Subscription for Wo/div_Yes please' is visible

2018-10-01 14:22:49 - [TEST_STEP][PASSED] - waitForElementClickable: Object 'Object Repository/Page_Beauty Box Subscription for Wo/div_Yes please' is clickable

2018-10-01 14:22:49 - [MESSAGE][WARNING] - Timeout '0' is invalid. Using default page load timeout: '30'

2018-10-01 14:22:49 - [MESSAGE][PASSED] - Object 'Object Repository/Page_Beauty Box Subscription for Wo/div_Yes please' is clickable

2018-10-01 14:22:49 - [TEST_STEP][PASSED] - click: Object: 'Object Repository/Page_Beauty Box Subscription for Wo/div_Yes please' is clicked on

2018-10-01 14:22:49 - [MESSAGE][PASSED] - Object: 'Object Repository/Page_Beauty Box Subscription for Wo/div_Yes please' is clicked on

2018-10-01 14:22:49 - [TEST_STEP][PASSED] - delay: Delayed 2 second(s)

2018-10-01 14:22:51 - [MESSAGE][PASSED] - Delayed 2 second(s)

2018-10-01 14:22:51 - [TEST_STEP][PASSED] - waitForElementClickable: Object 'Object Repository/Page_Beauty Box Subscription for Wo/div_Beauty-related tools' is clickable

2018-10-01 14:22:51 - [MESSAGE][WARNING] - Timeout '0' is invalid. Using default page load timeout: '30'

2018-10-01 14:22:51 - [MESSAGE][PASSED] - Object 'Object Repository/Page_Beauty Box Subscription for Wo/div_Beauty-related tools' is clickable

2018-10-01 14:22:51 - [TEST_STEP][PASSED] - click: Object: 'Object Repository/Page_Beauty Box Subscription for Wo/div_Beauty-related tools' is clicked on

2018-10-01 14:22:51 - [MESSAGE][PASSED] - Object: 'Object Repository/Page_Beauty Box Subscription for Wo/div_Beauty-related tools' is clicked on

2018-10-01 14:22:51 - [TEST_STEP][PASSED] - click: Object: 'Object Repository/Page_Beauty Box Subscription for Wo/div_Organic and natural products' is clicked on

2018-10-01 14:22:52 - [MESSAGE][PASSED] - Object: 'Object Repository/Page_Beauty Box Subscription for Wo/div_Organic and natural products' is clicked on

2018-10-01 14:22:52 - [TEST_STEP][PASSED] - click: Object: 'Object Repository/Page_Beauty Box Subscription for Wo/div_Small accessories' is clicked on

2018-10-01 14:22:52 - [MESSAGE][PASSED] - Object: 'Object Repository/Page_Beauty Box Subscription for Wo/div_Small accessories' is clicked on

2018-10-01 14:22:52 - [TEST_STEP][PASSED] - scrollToElement: Scroll to object 'Object Repository/Page_Beauty Box Subscription for Wo/div_Wellness-related items' successfully

2018-10-01 14:22:52 - [MESSAGE][WARNING] - Timeout '0' is invalid. Using default page load timeout: '30'

2018-10-01 14:22:52 - [MESSAGE][PASSED] - Scroll to object 'Object Repository/Page_Beauty Box Subscription for Wo/div_Wellness-related items' successfully

2018-10-01 14:22:52 - [TEST_STEP][PASSED] - click: Object: 'Object Repository/Page_Beauty Box Subscription for Wo/div_Wellness-related items' is clicked on

2018-10-01 14:22:52 - [MESSAGE][PASSED] - Object: 'Object Repository/Page_Beauty Box Subscription for Wo/div_Wellness-related items' is clicked on

2018-10-01 14:22:52 - [TEST_STEP][PASSED] - scrollToElement: Scroll to object 'Object Repository/Page_Beauty Box Subscription for Wo/div_Products for a mom' successfully

2018-10-01 14:22:52 - [MESSAGE][WARNING] - Timeout '0' is invalid. Using default page load timeout: '30'

2018-10-01 14:22:52 - [MESSAGE][PASSED] - Scroll to object 'Object Repository/Page_Beauty Box Subscription for Wo/div_Products for a mom' successfully

2018-10-01 14:22:52 - [TEST_STEP][PASSED] - click: Object: 'Object Repository/Page_Beauty Box Subscription for Wo/div_Next (2)' is clicked on

2018-10-01 14:22:52 - [MESSAGE][PASSED] - Object: 'Object Repository/Page_Beauty Box Subscription for Wo/div_Next (2)' is clicked on

2018-10-01 14:22:52 - [TEST_STEP][PASSED] - comment: Issue - Not sure how to enter the date of birth at this point, so the script just selects the Next button

2018-10-01 14:22:52 - [TEST_STEP][PASSED] - delay: Delayed 2 second(s)

2018-10-01 14:22:54 - [MESSAGE][PASSED] - Delayed 2 second(s)

2018-10-01 14:22:54 - [TEST_STEP][PASSED] - click: Object: 'Object Repository/Page_Beauty Box Subscription for Wo/div_Next (2)' is clicked on

2018-10-01 14:22:54 - [MESSAGE][PASSED] - Object: 'Object Repository/Page_Beauty Box Subscription for Wo/div_Next (2)' is clicked on

2018-10-01 14:22:54 - [TEST_STEP][PASSED] - waitForElementClickable: Object 'Object Repository/Page_Beauty Box Subscription for Wo/div_Other race' is clickable

2018-10-01 14:22:54 - [MESSAGE][WARNING] - Timeout '0' is invalid. Using default page load timeout: '30'

2018-10-01 14:22:55 - [MESSAGE][PASSED] - Object 'Object Repository/Page_Beauty Box Subscription for Wo/div_Other race' is clickable

2018-10-01 14:22:55 - [TEST_STEP][PASSED] - click: Object: 'Object Repository/Page_Beauty Box Subscription for Wo/div_Other race' is clicked on

2018-10-01 14:22:55 - [MESSAGE][PASSED] - Object: 'Object Repository/Page_Beauty Box Subscription for Wo/div_Other race' is clicked on

2018-10-01 14:22:55 - [TEST_STEP][PASSED] - delay: Delayed 2 second(s)

2018-10-01 14:22:57 - [MESSAGE][PASSED] - Delayed 2 second(s)

2018-10-01 14:22:57 - [TEST_STEP][PASSED] - waitForElementClickable: Object 'Object Repository/Page_Beauty Box Subscription for Wo/div_Under 36000' is clickable

2018-10-01 14:22:57 - [MESSAGE][WARNING] - Timeout '0' is invalid. Using default page load timeout: '30'

2018-10-01 14:22:57 - [MESSAGE][PASSED] - Object 'Object Repository/Page_Beauty Box Subscription for Wo/div_Under 36000' is clickable

2018-10-01 14:22:57 - [TEST_STEP][PASSED] - click: Object: 'Object Repository/Page_Beauty Box Subscription for Wo/div_Under 36000' is clicked on

2018-10-01 14:22:57 - [MESSAGE][PASSED] - Object: 'Object Repository/Page_Beauty Box Subscription for Wo/div_Under 36000' is clicked on

2018-10-01 14:22:57 - [TEST_STEP][PASSED] - delay: Delayed 2 second(s)

2018-10-01 14:22:59 - [MESSAGE][PASSED] - Delayed 2 second(s)

2018-10-01 14:22:59 - [TEST_STEP][PASSED] - waitForElementClickable: Object 'Object Repository/Page_Beauty Box Subscription for Wo/div_I want lots of beauty samples' is clickable

2018-10-01 14:22:59 - [MESSAGE][WARNING] - Timeout '0' is invalid. Using default page load timeout: '30'

2018-10-01 14:22:59 - [MESSAGE][PASSED] - Object 'Object Repository/Page_Beauty Box Subscription for Wo/div_I want lots of beauty samples' is clickable

2018-10-01 14:22:59 - [TEST_STEP][PASSED] - click: Object: 'Object Repository/Page_Beauty Box Subscription for Wo/div_I want lots of beauty samples' is clicked on

2018-10-01 14:23:00 - [MESSAGE][PASSED] - Object: 'Object Repository/Page_Beauty Box Subscription for Wo/div_I want lots of beauty samples' is clicked on

2018-10-01 14:23:00 - [TEST_STEP][PASSED] - click: Object: 'Object Repository/Page_Beauty Box Subscription for Wo/div_Id like to experiment' is clicked on

2018-10-01 14:23:00 - [MESSAGE][PASSED] - Object: 'Object Repository/Page_Beauty Box Subscription for Wo/div_Id like to experiment' is clicked on

2018-10-01 14:23:00 - [TEST_STEP][PASSED] - click: Object: 'Object Repository/Page_Beauty Box Subscription for Wo/div_I dont have time' is clicked on

2018-10-01 14:23:00 - [MESSAGE][PASSED] - Object: 'Object Repository/Page_Beauty Box Subscription for Wo/div_I dont have time' is clicked on

2018-10-01 14:23:00 - [TEST_STEP][PASSED] - click: Object: 'Object Repository/Page_Beauty Box Subscription for Wo/div_I want to receive' is clicked on

2018-10-01 14:23:00 - [MESSAGE][PASSED] - Object: 'Object Repository/Page_Beauty Box Subscription for Wo/div_I want to receive' is clicked on

2018-10-01 14:23:00 - [TEST_STEP][PASSED] - scrollToElement: Scroll to object 'Object Repository/Page_Beauty Box Subscription for Wo/div_I want to receive' successfully

2018-10-01 14:23:00 - [MESSAGE][WARNING] - Timeout '0' is invalid. Using default page load timeout: '30'

2018-10-01 14:23:00 - [MESSAGE][PASSED] - Scroll to object 'Object Repository/Page_Beauty Box Subscription for Wo/div_I want to receive' successfully

2018-10-01 14:23:00 - [TEST_STEP][PASSED] - click: Object: 'Object Repository/Page_Beauty Box Subscription for Wo/div_Its hard' is clicked on

2018-10-01 14:23:00 - [MESSAGE][PASSED] - Object: 'Object Repository/Page_Beauty Box Subscription for Wo/div_Its hard' is clicked on

2018-10-01 14:23:00 - [TEST_STEP][PASSED] - click: Object: 'Object Repository/Page_Beauty Box Subscription for Wo/div_Next (2)' is clicked on

2018-10-01 14:23:01 - [MESSAGE][PASSED] - Object: 'Object Repository/Page_Beauty Box Subscription for Wo/div_Next (2)' is clicked on

2018-10-01 14:23:01 - [TEST_STEP][PASSED] - delay: Delayed 2 second(s)

2018-10-01 14:23:03 - [MESSAGE][PASSED] - Delayed 2 second(s)

2018-10-01 14:23:03 - [TEST_STEP][PASSED] - waitForElementClickable: Object 'Object Repository/Page_Beauty Box Subscription for Wo/div_How did you hear about Bir' is clickable

2018-10-01 14:23:03 - [MESSAGE][WARNING] - Timeout '0' is invalid. Using default page load timeout: '30'

2018-10-01 14:23:03 - [MESSAGE][PASSED] - Object 'Object Repository/Page_Beauty Box Subscription for Wo/div_How did you hear about Bir' is clickable

2018-10-01 14:23:03 - [TEST_STEP][PASSED] - click: Object: 'Object Repository/Page_Beauty Box Subscription for Wo/div_How did you hear about Bir' is clicked on

2018-10-01 14:23:03 - [MESSAGE][PASSED] - Object: 'Object Repository/Page_Beauty Box Subscription for Wo/div_How did you hear about Bir' is clicked on

2018-10-01 14:23:03 - [TEST_STEP][PASSED] - waitForElementClickable: Object 'Object Repository/Page_Beauty Box Subscription for Wo/div_Friend family or coworker_' is clickable

2018-10-01 14:23:03 - [MESSAGE][WARNING] - Timeout '0' is invalid. Using default page load timeout: '30'

2018-10-01 14:23:03 - [MESSAGE][PASSED] - Object 'Object Repository/Page_Beauty Box Subscription for Wo/div_Friend family or coworker_' is clickable

2018-10-01 14:23:03 - [TEST_STEP][PASSED] - click: Object: 'Object Repository/Page_Beauty Box Subscription for Wo/div_Friend family or coworker_' is clicked on

2018-10-01 14:23:03 - [MESSAGE][PASSED] - Object: 'Object Repository/Page_Beauty Box Subscription for Wo/div_Friend family or coworker_' is clicked on

2018-10-01 14:23:03 - [TEST_STEP][PASSED] - click: Object: 'Object Repository/Page_Beauty Box Subscription for Wo/div_Given to me as a gift_boxI' is clicked on

2018-10-01 14:23:03 - [MESSAGE][PASSED] - Object: 'Object Repository/Page_Beauty Box Subscription for Wo/div_Given to me as a gift_boxI' is clicked on

2018-10-01 14:23:03 - [TEST_STEP][PASSED] - click: Object: 'Object Repository/Page_Beauty Box Subscription for Wo/div_Search (e.g. Google Bing)_' is clicked on

2018-10-01 14:23:03 - [MESSAGE][PASSED] - Object: 'Object Repository/Page_Beauty Box Subscription for Wo/div_Search (e.g. Google Bing)_' is clicked on

2018-10-01 14:23:03 - [TEST_STEP][PASSED] - click: Object: 'Object Repository/Page_Beauty Box Subscription for Wo/div_Facebook_boxInput__topCent' is clicked on

2018-10-01 14:23:03 - [MESSAGE][PASSED] - Object: 'Object Repository/Page_Beauty Box Subscription for Wo/div_Facebook_boxInput__topCent' is clicked on

2018-10-01 14:23:03 - [TEST_STEP][PASSED] - scrollToElement: Scroll to object 'Object Repository/Page_Beauty Box Subscription for Wo/div_Facebook_boxInput__topCent' successfully

2018-10-01 14:23:03 - [MESSAGE][WARNING] - Timeout '0' is invalid. Using default page load timeout: '30'

2018-10-01 14:23:03 - [MESSAGE][PASSED] - Scroll to object 'Object Repository/Page_Beauty Box Subscription for Wo/div_Facebook_boxInput__topCent' successfully

2018-10-01 14:23:03 - [TEST_STEP][PASSED] - click: Object: 'Object Repository/Page_Beauty Box Subscription for Wo/div_Next (2)' is clicked on

2018-10-01 14:23:04 - [MESSAGE][PASSED] - Object: 'Object Repository/Page_Beauty Box Subscription for Wo/div_Next (2)' is clicked on

2018-10-01 14:23:04 - [TEST_STEP][PASSED] - delay: Delayed 2 second(s)

2018-10-01 14:23:06 - [MESSAGE][PASSED] - Delayed 2 second(s)

2018-10-01 14:23:06 - [TEST_STEP][PASSED] - click: Object: 'Object Repository/Page_Beauty Box Subscription for Wo/div_Close (2)' is clicked on

2018-10-01 14:23:06 - [MESSAGE][PASSED] - Object: 'Object Repository/Page_Beauty Box Subscription for Wo/div_Close (2)' is clicked on]]></system-out>
         <system-err><![CDATA[]]></system-err>
      </testcase>
      <testcase name="Test Cases/US PC browser test/Add a regular full sized item to your cart and place an order" classname="Test Cases/US PC browser test/Add a regular full sized item to your cart and place an order" status="PASSED">
         <system-out><![CDATA[2018-10-01 14:23:06 - [TEST_CASE][PASSED] - Test Cases/US PC browser test/Add a regular full sized item to your cart and place an order: Test Cases/US PC browser test/Add a regular full sized item to your cart and place an order

2018-10-01 14:23:06 - [TEST_STEP][NOT_RUN] - callTestCase: NOT_RUN: callTestCase

2018-10-01 14:23:06 - [MESSAGE][NOT_RUN] - NOT_RUN: callTestCase

2018-10-01 14:23:06 - [TEST_STEP][PASSED] - delay: Delayed 3 second(s)

2018-10-01 14:23:09 - [MESSAGE][PASSED] - Delayed 3 second(s)

2018-10-01 14:23:09 - [TEST_STEP][PASSED] - waitForElementVisible: Object 'Object Repository/Page_Beauty Box Subscription for Wo/div_Hair (1)' is visible

2018-10-01 14:23:09 - [MESSAGE][WARNING] - Timeout '0' is invalid. Using default page load timeout: '30'

2018-10-01 14:23:09 - [MESSAGE][PASSED] - Object 'Object Repository/Page_Beauty Box Subscription for Wo/div_Hair (1)' is visible

2018-10-01 14:23:09 - [TEST_STEP][PASSED] - click: Object: 'Object Repository/Page_Beauty Box Subscription for Wo/div_Hair (1)' is clicked on

2018-10-01 14:23:10 - [MESSAGE][PASSED] - Object: 'Object Repository/Page_Beauty Box Subscription for Wo/div_Hair (1)' is clicked on

2018-10-01 14:23:10 - [TEST_STEP][PASSED] - delay: Delayed 1 second(s)

2018-10-01 14:23:11 - [MESSAGE][PASSED] - Delayed 1 second(s)

2018-10-01 14:23:11 - [TEST_STEP][PASSED] - waitForElementVisible: Object 'Object Repository/Page_Beauty Box Subscription for Wo/a_See all Haircare PC' is visible

2018-10-01 14:23:11 - [MESSAGE][WARNING] - Timeout '0' is invalid. Using default page load timeout: '30'

2018-10-01 14:23:11 - [MESSAGE][PASSED] - Object 'Object Repository/Page_Beauty Box Subscription for Wo/a_See all Haircare PC' is visible

2018-10-01 14:23:11 - [TEST_STEP][PASSED] - click: Object: 'Object Repository/Page_Beauty Box Subscription for Wo/a_See all Haircare PC' is clicked on

2018-10-01 14:23:11 - [MESSAGE][PASSED] - Object: 'Object Repository/Page_Beauty Box Subscription for Wo/a_See all Haircare PC' is clicked on

2018-10-01 14:23:11 - [TEST_STEP][PASSED] - delay: Delayed 1 second(s)

2018-10-01 14:23:12 - [MESSAGE][PASSED] - Delayed 1 second(s)

2018-10-01 14:23:12 - [TEST_STEP][PASSED] - scrollToElement: Scroll to object 'Object Repository/Page_Beauty Box Subscription for Wo/a_Style (1)' successfully

2018-10-01 14:23:12 - [MESSAGE][WARNING] - Timeout '0' is invalid. Using default page load timeout: '30'

2018-10-01 14:23:12 - [MESSAGE][PASSED] - Scroll to object 'Object Repository/Page_Beauty Box Subscription for Wo/a_Style (1)' successfully

2018-10-01 14:23:12 - [TEST_STEP][PASSED] - delay: Delayed 2 second(s)

2018-10-01 14:23:14 - [MESSAGE][PASSED] - Delayed 2 second(s)

2018-10-01 14:23:14 - [TEST_STEP][PASSED] - waitForElementVisible: Object 'Object Repository/Page_Beauty Box Subscription for Wo/a_Hot Tools (1)' is visible

2018-10-01 14:23:14 - [MESSAGE][WARNING] - Timeout '0' is invalid. Using default page load timeout: '30'

2018-10-01 14:23:14 - [MESSAGE][PASSED] - Object 'Object Repository/Page_Beauty Box Subscription for Wo/a_Hot Tools (1)' is visible

2018-10-01 14:23:14 - [TEST_STEP][PASSED] - click: Object: 'Object Repository/Page_Beauty Box Subscription for Wo/a_Hot Tools (1)' is clicked on

2018-10-01 14:23:14 - [MESSAGE][PASSED] - Object: 'Object Repository/Page_Beauty Box Subscription for Wo/a_Hot Tools (1)' is clicked on

2018-10-01 14:23:14 - [TEST_STEP][PASSED] - waitForElementVisible: Object 'Object Repository/Page_Shop Hair Tools/a_Spornette Little Wonder (1)' is visible

2018-10-01 14:23:14 - [MESSAGE][WARNING] - Timeout '0' is invalid. Using default page load timeout: '30'

2018-10-01 14:23:16 - [MESSAGE][PASSED] - Object 'Object Repository/Page_Shop Hair Tools/a_Spornette Little Wonder (1)' is visible

2018-10-01 14:23:16 - [TEST_STEP][PASSED] - click: Object: 'Object Repository/Page_Shop Hair Tools/a_Spornette Little Wonder (1)' is clicked on

2018-10-01 14:23:17 - [MESSAGE][PASSED] - Object: 'Object Repository/Page_Shop Hair Tools/a_Spornette Little Wonder (1)' is clicked on

2018-10-01 14:23:17 - [TEST_STEP][PASSED] - comment: Scroll the page to get the Add To Cart button to display

2018-10-01 14:23:17 - [TEST_STEP][PASSED] - scrollToPosition: Browser is scrolled to position x = 0, y = 0

2018-10-01 14:23:17 - [MESSAGE][PASSED] - Browser is scrolled to position x = 0, y = 0

2018-10-01 14:23:17 - [TEST_STEP][PASSED] - scrollToPosition: Browser is scrolled to position x = 0, y = 99999

2018-10-01 14:23:17 - [MESSAGE][PASSED] - Browser is scrolled to position x = 0, y = 99999

2018-10-01 14:23:17 - [TEST_STEP][PASSED] - scrollToPosition: Browser is scrolled to position x = 0, y = 0

2018-10-01 14:23:18 - [MESSAGE][PASSED] - Browser is scrolled to position x = 0, y = 0

2018-10-01 14:23:18 - [TEST_STEP][PASSED] - delay: Delayed 10 second(s)

2018-10-01 14:23:28 - [MESSAGE][PASSED] - Delayed 10 second(s)

2018-10-01 14:23:28 - [TEST_STEP][PASSED] - waitForElementVisible: Object 'Object Repository/Page_Spornette Little Wonder/div_Add to Cart8.00 (1)' is visible

2018-10-01 14:23:28 - [MESSAGE][WARNING] - Timeout '0' is invalid. Using default page load timeout: '30'

2018-10-01 14:23:28 - [MESSAGE][PASSED] - Object 'Object Repository/Page_Spornette Little Wonder/div_Add to Cart8.00 (1)' is visible

2018-10-01 14:23:28 - [TEST_STEP][PASSED] - waitForElementClickable: Object 'Object Repository/Page_Spornette Little Wonder/div_Add to Cart8.00 (1)' is clickable

2018-10-01 14:23:28 - [MESSAGE][WARNING] - Timeout '0' is invalid. Using default page load timeout: '30'

2018-10-01 14:23:28 - [MESSAGE][PASSED] - Object 'Object Repository/Page_Spornette Little Wonder/div_Add to Cart8.00 (1)' is clickable

2018-10-01 14:23:28 - [TEST_STEP][PASSED] - click: Object: 'Object Repository/Page_Spornette Little Wonder/div_Add to Cart8.00 (1)' is clicked on

2018-10-01 14:23:28 - [MESSAGE][PASSED] - Object: 'Object Repository/Page_Spornette Little Wonder/div_Add to Cart8.00 (1)' is clicked on

2018-10-01 14:23:28 - [TEST_STEP][PASSED] - delay: Delayed 10 second(s)

2018-10-01 14:23:38 - [MESSAGE][PASSED] - Delayed 10 second(s)

2018-10-01 14:23:38 - [TEST_STEP][PASSED] - waitForElementClickable: Object 'Object Repository/Page_Spornette Little Wonder/svg_Log In_icon__Birchbox' is clickable

2018-10-01 14:23:38 - [MESSAGE][WARNING] - Timeout '0' is invalid. Using default page load timeout: '30'

2018-10-01 14:23:38 - [MESSAGE][PASSED] - Object 'Object Repository/Page_Spornette Little Wonder/svg_Log In_icon__Birchbox' is clickable

2018-10-01 14:23:38 - [TEST_STEP][PASSED] - click: Object: 'Object Repository/Page_Spornette Little Wonder/svg_Log In_icon__Birchbox' is clicked on

2018-10-01 14:23:39 - [MESSAGE][PASSED] - Object: 'Object Repository/Page_Spornette Little Wonder/svg_Log In_icon__Birchbox' is clicked on

2018-10-01 14:23:39 - [TEST_STEP][PASSED] - delay: Delayed 4 second(s)

2018-10-01 14:23:43 - [MESSAGE][PASSED] - Delayed 4 second(s)

2018-10-01 14:23:43 - [TEST_STEP][PASSED] - click: Object: 'Object Repository/Page_Beauty Box Subscription for Wo/svg_The Mag_icon__svg___checkout icon PC browser' is clicked on

2018-10-01 14:23:44 - [MESSAGE][PASSED] - Object: 'Object Repository/Page_Beauty Box Subscription for Wo/svg_The Mag_icon__svg___checkout icon PC browser' is clicked on

2018-10-01 14:23:44 - [TEST_STEP][PASSED] - delay: Delayed 6 second(s)

2018-10-01 14:23:50 - [MESSAGE][PASSED] - Delayed 6 second(s)

2018-10-01 14:23:50 - [TEST_STEP][PASSED] - callTestCase: Call Test Case 'Test Cases/1. Common script/Complete checkout (US)' successfully

2018-10-01 14:23:50 - [TEST_CASE][PASSED] - Test Cases/1. Common script/Complete checkout (US): Test Cases/1. Common script/Complete checkout (US)

2018-10-01 14:23:50 - [TEST_STEP][PASSED] - delay: Delayed 3 second(s)

2018-10-01 14:23:53 - [MESSAGE][PASSED] - Delayed 3 second(s)

2018-10-01 14:23:53 - [TEST_STEP][PASSED] - waitForElementVisible: Object 'Object Repository/Page_Beauty Box Subscription for Wo/a_Checkout' is visible

2018-10-01 14:23:53 - [MESSAGE][WARNING] - Timeout '0' is invalid. Using default page load timeout: '30'

2018-10-01 14:23:53 - [MESSAGE][PASSED] - Object 'Object Repository/Page_Beauty Box Subscription for Wo/a_Checkout' is visible

2018-10-01 14:23:53 - [TEST_STEP][PASSED] - waitForElementClickable: Object 'Object Repository/Page_Beauty Box Subscription for Wo/a_Checkout' is clickable

2018-10-01 14:23:53 - [MESSAGE][WARNING] - Timeout '0' is invalid. Using default page load timeout: '30'

2018-10-01 14:23:53 - [MESSAGE][PASSED] - Object 'Object Repository/Page_Beauty Box Subscription for Wo/a_Checkout' is clickable

2018-10-01 14:23:53 - [TEST_STEP][PASSED] - click: Object: 'Object Repository/Page_Beauty Box Subscription for Wo/a_Checkout' is clicked on

2018-10-01 14:23:54 - [MESSAGE][PASSED] - Object: 'Object Repository/Page_Beauty Box Subscription for Wo/a_Checkout' is clicked on

2018-10-01 14:23:54 - [TEST_STEP][PASSED] - Statement - If (com.kms.katalon.core.webui.keyword.WebUiBuiltInKeywords.verifyElementPresent(com.kms.katalon.core.testobject.ObjectRepository.findTestObject(Page_Beauty Box Subscription for Wo/div_Email Address (3)), 5, OPTIONAL)): com.kms.katalon.core.webui.exception.WebElementNotFoundException: Web element with id: 'Object Repository/Page_Beauty Box Subscription for Wo/div_Email Address (3)' located by 'By.xpath: //div[(text() = 'Email Address' or . = 'Email Address')]' not found

2018-10-01 14:24:00 - [MESSAGE][WARNING] - com.kms.katalon.core.webui.exception.WebElementNotFoundException: Web element with id: 'Object Repository/Page_Beauty Box Subscription for Wo/div_Email Address (3)' located by 'By.xpath: //div[(text() = 'Email Address' or . = 'Email Address')]' not found

2018-10-01 14:24:00 - [TEST_STEP][PASSED] - delay: Delayed 10 second(s)

2018-10-01 14:24:10 - [MESSAGE][PASSED] - Delayed 10 second(s)

2018-10-01 14:24:10 - [TEST_STEP][PASSED] - Statement - If (com.kms.katalon.core.webui.keyword.WebUiBuiltInKeywords.verifyElementPresent(com.kms.katalon.core.testobject.ObjectRepository.findTestObject(Page_Beauty Box Subscription for Wo/div_Enter shipping address), 5, OPTIONAL)): com.kms.katalon.core.webui.exception.WebElementNotFoundException: Web element with id: 'Object Repository/Page_Beauty Box Subscription for Wo/div_Enter shipping address' located by 'By.xpath: //div[(text() = 'Enter shipping address' or . = 'Enter shipping address')]' not found

2018-10-01 14:24:18 - [MESSAGE][WARNING] - com.kms.katalon.core.webui.exception.WebElementNotFoundException: Web element with id: 'Object Repository/Page_Beauty Box Subscription for Wo/div_Enter shipping address' located by 'By.xpath: //div[(text() = 'Enter shipping address' or . = 'Enter shipping address')]' not found

2018-10-01 14:24:18 - [TEST_STEP][PASSED] - delay: Delayed 8 second(s)

2018-10-01 14:24:26 - [MESSAGE][PASSED] - Delayed 8 second(s)

2018-10-01 14:24:26 - [TEST_STEP][PASSED] - waitForElementVisible: Object 'Object Repository/Page_Beauty Box Subscription for Wo/div_Select shipping method' is visible

2018-10-01 14:24:26 - [MESSAGE][WARNING] - Timeout '0' is invalid. Using default page load timeout: '30'

2018-10-01 14:24:26 - [MESSAGE][PASSED] - Object 'Object Repository/Page_Beauty Box Subscription for Wo/div_Select shipping method' is visible

2018-10-01 14:24:26 - [TEST_STEP][PASSED] - click: Object: 'Object Repository/Page_Beauty Box Subscription for Wo/div_Select shipping method' is clicked on

2018-10-01 14:24:26 - [MESSAGE][PASSED] - Object: 'Object Repository/Page_Beauty Box Subscription for Wo/div_Select shipping method' is clicked on

2018-10-01 14:24:26 - [TEST_STEP][PASSED] - delay: Delayed 5 second(s)

2018-10-01 14:24:31 - [MESSAGE][PASSED] - Delayed 5 second(s)

2018-10-01 14:24:31 - [TEST_STEP][PASSED] - waitForElementVisible: Object 'Object Repository/Page_Beauty Box Subscription for Wo/div_UPS Ground 7.00' is visible

2018-10-01 14:24:31 - [MESSAGE][WARNING] - Timeout '0' is invalid. Using default page load timeout: '30'

2018-10-01 14:24:31 - [MESSAGE][PASSED] - Object 'Object Repository/Page_Beauty Box Subscription for Wo/div_UPS Ground 7.00' is visible

2018-10-01 14:24:31 - [TEST_STEP][PASSED] - delay: Delayed 8 second(s)

2018-10-01 14:24:39 - [MESSAGE][PASSED] - Delayed 8 second(s)

2018-10-01 14:24:39 - [TEST_STEP][PASSED] - click: Object: 'Object Repository/Page_Beauty Box Subscription for Wo/div_UPS Ground 7.00' is clicked on

2018-10-01 14:24:39 - [MESSAGE][PASSED] - Object: 'Object Repository/Page_Beauty Box Subscription for Wo/div_UPS Ground 7.00' is clicked on

2018-10-01 14:24:39 - [TEST_STEP][PASSED] - click: Unable to click on object 'Object Repository/Page_Beauty Box Subscription for Wo/button_Continue' (Root cause: com.kms.katalon.core.webui.exception.WebElementNotFoundException: Web element with id: 'Object Repository/Page_Beauty Box Subscription for Wo/button_Continue' located by 'By.xpath: //button[@color = 'colorWhite' and (text() = 'Continue' or . = 'Continue')]' not found)

2018-10-01 14:25:10 - [MESSAGE][WARNING] - Unable to click on object 'Object Repository/Page_Beauty Box Subscription for Wo/button_Continue' (Root cause: com.kms.katalon.core.webui.exception.WebElementNotFoundException: Web element with id: 'Object Repository/Page_Beauty Box Subscription for Wo/button_Continue' located by 'By.xpath: //button[@color = 'colorWhite' and (text() = 'Continue' or . = 'Continue')]' not found)

2018-10-01 14:25:10 - [TEST_STEP][PASSED] - delay: Delayed 5 second(s)

2018-10-01 14:25:15 - [MESSAGE][PASSED] - Delayed 5 second(s)

2018-10-01 14:25:15 - [TEST_STEP][PASSED] - Statement - If (com.kms.katalon.core.webui.keyword.WebUiBuiltInKeywords.verifyElementPresent(com.kms.katalon.core.testobject.ObjectRepository.findTestObject(Page_Beauty Box Subscription for Wo/div_Add payment information), 5, OPTIONAL)): com.kms.katalon.core.webui.exception.WebElementNotFoundException: Web element with id: 'Object Repository/Page_Beauty Box Subscription for Wo/div_Add payment information' located by 'By.xpath: //*[@class = 'checkout__actionPrompt___2wOf7 theme__themeColor___2NAYX' and (text() = 'Add payment information' or . = 'Add payment information')]' not found

2018-10-01 14:25:23 - [MESSAGE][WARNING] - com.kms.katalon.core.webui.exception.WebElementNotFoundException: Web element with id: 'Object Repository/Page_Beauty Box Subscription for Wo/div_Add payment information' located by 'By.xpath: //*[@class = 'checkout__actionPrompt___2wOf7 theme__themeColor___2NAYX' and (text() = 'Add payment information' or . = 'Add payment information')]' not found

2018-10-01 14:25:23 - [TEST_STEP][PASSED] - delay: Delayed 5 second(s)

2018-10-01 14:25:28 - [MESSAGE][PASSED] - Delayed 5 second(s)

2018-10-01 14:25:28 - [TEST_STEP][PASSED] - delay: Delayed 5 second(s)

2018-10-01 14:25:33 - [MESSAGE][PASSED] - Delayed 5 second(s)

2018-10-01 14:25:33 - [TEST_STEP][PASSED] - scrollToPosition: Browser is scrolled to position x = 0, y = 0

2018-10-01 14:25:33 - [MESSAGE][PASSED] - Browser is scrolled to position x = 0, y = 0

2018-10-01 14:25:33 - [TEST_STEP][PASSED] - comment: Test - Check for correct sales tax calculation and currency symbol

2018-10-01 14:25:33 - [TEST_STEP][NOT_RUN] - Statement - subtotal = com.kms.katalon.core.webui.keyword.WebUiBuiltInKeywords.getText(com.kms.katalon.core.testobject.ObjectRepository.findTestObject(Page_Beauty Box Subscription for Wo/div_subtotal), STOP_ON_FAILURE): NOT_RUN: Statement - subtotal = com.kms.katalon.core.webui.keyword.WebUiBuiltInKeywords.getText(com.kms.katalon.core.testobject.ObjectRepository.findTestObject(Page_Beauty Box Subscription for Wo/div_subtotal), STOP_ON_FAILURE)

2018-10-01 14:25:33 - [MESSAGE][NOT_RUN] - NOT_RUN: Statement - subtotal = com.kms.katalon.core.webui.keyword.WebUiBuiltInKeywords.getText(com.kms.katalon.core.testobject.ObjectRepository.findTestObject(Page_Beauty Box Subscription for Wo/div_subtotal), STOP_ON_FAILURE)

2018-10-01 14:25:33 - [TEST_STEP][NOT_RUN] - Statement - tax = com.kms.katalon.core.webui.keyword.WebUiBuiltInKeywords.getText(com.kms.katalon.core.testobject.ObjectRepository.findTestObject(Page_Beauty Box Subscription for Wo/div_tax), STOP_ON_FAILURE): NOT_RUN: Statement - tax = com.kms.katalon.core.webui.keyword.WebUiBuiltInKeywords.getText(com.kms.katalon.core.testobject.ObjectRepository.findTestObject(Page_Beauty Box Subscription for Wo/div_tax), STOP_ON_FAILURE)

2018-10-01 14:25:33 - [MESSAGE][NOT_RUN] - NOT_RUN: Statement - tax = com.kms.katalon.core.webui.keyword.WebUiBuiltInKeywords.getText(com.kms.katalon.core.testobject.ObjectRepository.findTestObject(Page_Beauty Box Subscription for Wo/div_tax), STOP_ON_FAILURE)

2018-10-01 14:25:33 - [TEST_STEP][NOT_RUN] - Statement - shipping = com.kms.katalon.core.webui.keyword.WebUiBuiltInKeywords.getText(com.kms.katalon.core.testobject.ObjectRepository.findTestObject(Page_Beauty Box Subscription for Wo/div_shipping), STOP_ON_FAILURE): NOT_RUN: Statement - shipping = com.kms.katalon.core.webui.keyword.WebUiBuiltInKeywords.getText(com.kms.katalon.core.testobject.ObjectRepository.findTestObject(Page_Beauty Box Subscription for Wo/div_shipping), STOP_ON_FAILURE)

2018-10-01 14:25:33 - [MESSAGE][NOT_RUN] - NOT_RUN: Statement - shipping = com.kms.katalon.core.webui.keyword.WebUiBuiltInKeywords.getText(com.kms.katalon.core.testobject.ObjectRepository.findTestObject(Page_Beauty Box Subscription for Wo/div_shipping), STOP_ON_FAILURE)

2018-10-01 14:25:33 - [TEST_STEP][NOT_RUN] - Statement - discount = com.kms.katalon.core.webui.keyword.WebUiBuiltInKeywords.getText(com.kms.katalon.core.testobject.ObjectRepository.findTestObject(Page_Beauty Box Subscription for Wo/div_discount), STOP_ON_FAILURE): NOT_RUN: Statement - discount = com.kms.katalon.core.webui.keyword.WebUiBuiltInKeywords.getText(com.kms.katalon.core.testobject.ObjectRepository.findTestObject(Page_Beauty Box Subscription for Wo/div_discount), STOP_ON_FAILURE)

2018-10-01 14:25:33 - [MESSAGE][NOT_RUN] - NOT_RUN: Statement - discount = com.kms.katalon.core.webui.keyword.WebUiBuiltInKeywords.getText(com.kms.katalon.core.testobject.ObjectRepository.findTestObject(Page_Beauty Box Subscription for Wo/div_discount), STOP_ON_FAILURE)

2018-10-01 14:25:33 - [TEST_STEP][NOT_RUN] - Statement - total = com.kms.katalon.core.webui.keyword.WebUiBuiltInKeywords.getText(com.kms.katalon.core.testobject.ObjectRepository.findTestObject(Page_Beauty Box Subscription for Wo/div_total), STOP_ON_FAILURE): NOT_RUN: Statement - total = com.kms.katalon.core.webui.keyword.WebUiBuiltInKeywords.getText(com.kms.katalon.core.testobject.ObjectRepository.findTestObject(Page_Beauty Box Subscription for Wo/div_total), STOP_ON_FAILURE)

2018-10-01 14:25:33 - [MESSAGE][NOT_RUN] - NOT_RUN: Statement - total = com.kms.katalon.core.webui.keyword.WebUiBuiltInKeywords.getText(com.kms.katalon.core.testobject.ObjectRepository.findTestObject(Page_Beauty Box Subscription for Wo/div_total), STOP_ON_FAILURE)

2018-10-01 14:25:33 - [TEST_STEP][NOT_RUN] - verifyMatch: NOT_RUN: verifyMatch

2018-10-01 14:25:33 - [MESSAGE][NOT_RUN] - NOT_RUN: verifyMatch

2018-10-01 14:25:33 - [TEST_STEP][NOT_RUN] - verifyMatch: NOT_RUN: verifyMatch

2018-10-01 14:25:33 - [MESSAGE][NOT_RUN] - NOT_RUN: verifyMatch

2018-10-01 14:25:33 - [TEST_STEP][NOT_RUN] - verifyMatch: NOT_RUN: verifyMatch

2018-10-01 14:25:33 - [MESSAGE][NOT_RUN] - NOT_RUN: verifyMatch

2018-10-01 14:25:33 - [TEST_STEP][NOT_RUN] - verifyMatch: NOT_RUN: verifyMatch

2018-10-01 14:25:33 - [MESSAGE][NOT_RUN] - NOT_RUN: verifyMatch

2018-10-01 14:25:33 - [TEST_STEP][NOT_RUN] - verifyMatch: NOT_RUN: verifyMatch

2018-10-01 14:25:33 - [MESSAGE][NOT_RUN] - NOT_RUN: verifyMatch

2018-10-01 14:25:33 - [TEST_STEP][PASSED] - delay: Delayed 5 second(s)

2018-10-01 14:25:38 - [MESSAGE][PASSED] - Delayed 5 second(s)

2018-10-01 14:25:38 - [TEST_STEP][PASSED] - waitForElementVisible: Object 'Object Repository/Page_Beauty Box Subscription for Wo/button_Place Order' is visible

2018-10-01 14:25:38 - [MESSAGE][WARNING] - Timeout '0' is invalid. Using default page load timeout: '30'

2018-10-01 14:25:38 - [MESSAGE][PASSED] - Object 'Object Repository/Page_Beauty Box Subscription for Wo/button_Place Order' is visible

2018-10-01 14:25:38 - [TEST_STEP][PASSED] - click: Object: 'Object Repository/Page_Beauty Box Subscription for Wo/button_Place Order' is clicked on

2018-10-01 14:25:38 - [MESSAGE][PASSED] - Object: 'Object Repository/Page_Beauty Box Subscription for Wo/button_Place Order' is clicked on

2018-10-01 14:25:38 - [TEST_STEP][PASSED] - delay: Delayed 17 second(s)

2018-10-01 14:25:55 - [MESSAGE][PASSED] - Delayed 17 second(s)

2018-10-01 14:25:55 - [TEST_STEP][PASSED] - waitForElementVisible: Object 'Object Repository/Page_Beauty Box Subscription for Wo/a_Continue Shopping (2)' is visible

2018-10-01 14:25:55 - [MESSAGE][WARNING] - Timeout '0' is invalid. Using default page load timeout: '30'

2018-10-01 14:25:55 - [MESSAGE][PASSED] - Object 'Object Repository/Page_Beauty Box Subscription for Wo/a_Continue Shopping (2)' is visible

2018-10-01 14:25:55 - [TEST_STEP][PASSED] - click: Object: 'Object Repository/Page_Beauty Box Subscription for Wo/a_Continue Shopping (2)' is clicked on

2018-10-01 14:25:56 - [MESSAGE][PASSED] - Object: 'Object Repository/Page_Beauty Box Subscription for Wo/a_Continue Shopping (2)' is clicked on

2018-10-01 14:25:56 - [TEST_STEP][PASSED] - delay: Delayed 8 second(s)

2018-10-01 14:26:04 - [MESSAGE][PASSED] - Delayed 8 second(s)

2018-10-01 14:26:04 - [TEST_STEP][PASSED] - Comment - "Click the Birchbox icon": null

2018-10-01 14:26:04 - [TEST_STEP][PASSED] - Statement - If (com.kms.katalon.core.webui.keyword.WebUiBuiltInKeywords.verifyElementPresent(com.kms.katalon.core.testobject.ObjectRepository.findTestObject(Page_Shop Best Sellers/svg_Log In_icon__svg___Birchbox), 5, OPTIONAL)): Object: 'Object Repository/Page_Shop Best Sellers/svg_Log In_icon__svg___Birchbox' is clicked on

2018-10-01 14:26:04 - [MESSAGE][PASSED] - Object 'Object Repository/Page_Shop Best Sellers/svg_Log In_icon__svg___Birchbox' is present

2018-10-01 14:26:04 - [TEST_STEP][PASSED] - click: Object: 'Object Repository/Page_Shop Best Sellers/svg_Log In_icon__svg___Birchbox' is clicked on

2018-10-01 14:26:04 - [MESSAGE][PASSED] - Object: 'Object Repository/Page_Shop Best Sellers/svg_Log In_icon__svg___Birchbox' is clicked on

2018-10-01 14:26:04 - [MESSAGE][PASSED] - Call Test Case 'Test Cases/1. Common script/Complete checkout (US)' successfully]]></system-out>
         <system-err><![CDATA[]]></system-err>
      </testcase>
      <testcase name="Test Cases/US PC browser test/Add a configurable item and place an order" classname="Test Cases/US PC browser test/Add a configurable item and place an order" status="FAILED">
         <failure type="FAILED" message="(Stack trace: com.kms.katalon.core.exception.StepFailedException: Unable to click on object 'Object Repository/Page_Beauty Box Subscription for Wo/a_Lipsticks' (Root cause: org.openqa.selenium.WebDriverException: unknown error: Element &lt;a class=&quot;StyledLink-khUpca fgCKOS&quot; href=&quot;/category/46&quot;>...&lt;/a> is not clickable at point (331, 445). Other element would receive the click: &lt;div class=&quot;maskContainer__mask___1VWsR utilities__flexCenterBoth___bT52v utilities__flexContainer___2sCJV utilities__cover___WKDvY utilities__fixed___1nM3D maskContainer__loading___3Ady_&quot;>...&lt;/div>
  (Session info: chrome=69.0.3497.100)
  (Driver info: chromedriver=2.35.528161 (5b82f2d2aae0ca24b877009200ced9065a772e73),platform=Windows NT 6.1.7601 SP1 x86_64) (WARNING: The server did not provide any stacktrace information)
Command duration or timeout: 0 milliseconds
Build info: version: '3.7.1', revision: '8a0099a', time: '2017-11-06T21:07:36.161Z'
System info: host: 'PLEMKTPLACE-08', ip: '10.241.184.32', os.name: 'Windows 7', os.arch: 'amd64', os.version: '6.1', java.version: '1.8.0_181'
Driver info: com.kms.katalon.selenium.driver.CChromeDriver
Capabilities {acceptInsecureCerts: false, acceptSslCerts: false, applicationCacheEnabled: false, browserConnectionEnabled: false, browserName: chrome, chrome: {chromedriverVersion: 2.35.528161 (5b82f2d2aae0ca..., userDataDir: C:\Users\vbrooks\AppData\Lo...}, cssSelectorsEnabled: true, databaseEnabled: false, handlesAlerts: true, hasTouchScreen: false, javascriptEnabled: true, locationContextEnabled: true, mobileEmulationEnabled: false, nativeEvents: true, networkConnectionEnabled: false, pageLoadStrategy: normal, platform: XP, platformName: XP, rotatable: false, setWindowRect: true, takesHeapSnapshot: true, takesScreenshot: true, unexpectedAlertBehaviour: , unhandledPromptBehavior: , version: 69.0.3497.100, webStorageEnabled: true}
Session ID: 286f012a515efe2c2b7e62017888eb42)
	at com.kms.katalon.core.keyword.internal.KeywordMain.stepFailed(KeywordMain.groovy:36)
	at com.kms.katalon.core.webui.keyword.internal.WebUIKeywordMain.stepFailed(WebUIKeywordMain.groovy:65)
	at com.kms.katalon.core.webui.keyword.internal.WebUIKeywordMain.runKeyword(WebUIKeywordMain.groovy:27)
	at com.kms.katalon.core.webui.keyword.builtin.ClickKeyword.click(ClickKeyword.groovy:86)
	at com.kms.katalon.core.webui.keyword.builtin.ClickKeyword.execute(ClickKeyword.groovy:67)
	at com.kms.katalon.core.keyword.internal.KeywordExecutor.executeKeywordForPlatform(KeywordExecutor.groovy:53)
	at com.kms.katalon.core.webui.keyword.WebUiBuiltInKeywords.click(WebUiBuiltInKeywords.groovy:616)
	at com.kms.katalon.core.webui.keyword.WebUiBuiltInKeywords$click$3.call(Unknown Source)
	at org.codehaus.groovy.runtime.callsite.CallSiteArray.defaultCall(CallSiteArray.java:48)
	at org.codehaus.groovy.runtime.callsite.AbstractCallSite.call(AbstractCallSite.java:113)
	at org.codehaus.groovy.runtime.callsite.AbstractCallSite.call(AbstractCallSite.java:125)
	at Script1536869678738.run(Script1536869678738.groovy:43)
	at com.kms.katalon.core.main.ScriptEngine.run(ScriptEngine.java:183)
	at com.kms.katalon.core.main.ScriptEngine.runScriptAsRawText(ScriptEngine.java:108)
	at com.kms.katalon.core.main.TestCaseExecutor.runScript(TestCaseExecutor.java:294)
	at com.kms.katalon.core.main.TestCaseExecutor.doExecute(TestCaseExecutor.java:285)
	at com.kms.katalon.core.main.TestCaseExecutor.processExecutionPhase(TestCaseExecutor.java:264)
	at com.kms.katalon.core.main.TestCaseExecutor.accessMainPhase(TestCaseExecutor.java:256)
	at com.kms.katalon.core.main.TestCaseExecutor.execute(TestCaseExecutor.java:200)
	at com.kms.katalon.core.main.TestSuiteExecutor.accessTestCaseMainPhase(TestSuiteExecutor.java:129)
	at com.kms.katalon.core.main.TestSuiteExecutor.accessTestSuiteMainPhase(TestSuiteExecutor.java:112)
	at com.kms.katalon.core.main.TestSuiteExecutor.execute(TestSuiteExecutor.java:81)
	at com.kms.katalon.core.main.TestCaseMain.startTestSuite(TestCaseMain.java:142)
	at com.kms.katalon.core.main.TestCaseMain$startTestSuite$0.call(Unknown Source)
	at org.codehaus.groovy.runtime.callsite.CallSiteArray.defaultCall(CallSiteArray.java:48)
	at org.codehaus.groovy.runtime.callsite.AbstractCallSite.call(AbstractCallSite.java:113)
	at org.codehaus.groovy.runtime.callsite.AbstractCallSite.call(AbstractCallSite.java:141)
	at TempTestSuite1538428856608.run(TempTestSuite1538428856608.groovy:36)
	at groovy.lang.GroovyShell.runScriptOrMainOrTestOrRunnable(GroovyShell.java:263)
	at groovy.lang.GroovyShell.run(GroovyShell.java:518)
	at groovy.lang.GroovyShell.run(GroovyShell.java:507)
	at groovy.ui.GroovyMain.processOnce(GroovyMain.java:653)
	at groovy.ui.GroovyMain.run(GroovyMain.java:384)
	at groovy.ui.GroovyMain.process(GroovyMain.java:370)
	at groovy.ui.GroovyMain.processArgs(GroovyMain.java:129)
	at groovy.ui.GroovyMain.main(GroovyMain.java:109)
	at sun.reflect.NativeMethodAccessorImpl.invoke0(Native Method)
	at sun.reflect.NativeMethodAccessorImpl.invoke(NativeMethodAccessorImpl.java:62)
	at sun.reflect.DelegatingMethodAccessorImpl.invoke(DelegatingMethodAccessorImpl.java:43)
	at java.lang.reflect.Method.invoke(Method.java:498)
	at org.codehaus.groovy.tools.GroovyStarter.rootLoader(GroovyStarter.java:109)
	at org.codehaus.groovy.tools.GroovyStarter.main(GroovyStarter.java:131)
)"/>
         <system-out><![CDATA[2018-10-01 14:26:05 - [TEST_CASE][FAILED] - Test Cases/US PC browser test/Add a configurable item and place an order: Test Cases/US PC browser test/Add a configurable item and place an order FAILED because (of) (Stack trace: com.kms.katalon.core.exception.StepFailedException: Unable to click on object 'Object Repository/Page_Beauty Box Subscription for Wo/a_Lipsticks' (Root cause: org.openqa.selenium.WebDriverException: unknown error: Element <a class="StyledLink-khUpca fgCKOS" href="/category/46">...</a> is not clickable at point (331, 445). Other element would receive the click: <div class="maskContainer__mask___1VWsR utilities__flexCenterBoth___bT52v utilities__flexContainer___2sCJV utilities__cover___WKDvY utilities__fixed___1nM3D maskContainer__loading___3Ady_">...</div>
  (Session info: chrome=69.0.3497.100)
  (Driver info: chromedriver=2.35.528161 (5b82f2d2aae0ca24b877009200ced9065a772e73),platform=Windows NT 6.1.7601 SP1 x86_64) (WARNING: The server did not provide any stacktrace information)
Command duration or timeout: 0 milliseconds
Build info: version: '3.7.1', revision: '8a0099a', time: '2017-11-06T21:07:36.161Z'
System info: host: 'PLEMKTPLACE-08', ip: '10.241.184.32', os.name: 'Windows 7', os.arch: 'amd64', os.version: '6.1', java.version: '1.8.0_181'
Driver info: com.kms.katalon.selenium.driver.CChromeDriver
Capabilities {acceptInsecureCerts: false, acceptSslCerts: false, applicationCacheEnabled: false, browserConnectionEnabled: false, browserName: chrome, chrome: {chromedriverVersion: 2.35.528161 (5b82f2d2aae0ca..., userDataDir: C:\Users\vbrooks\AppData\Lo...}, cssSelectorsEnabled: true, databaseEnabled: false, handlesAlerts: true, hasTouchScreen: false, javascriptEnabled: true, locationContextEnabled: true, mobileEmulationEnabled: false, nativeEvents: true, networkConnectionEnabled: false, pageLoadStrategy: normal, platform: XP, platformName: XP, rotatable: false, setWindowRect: true, takesHeapSnapshot: true, takesScreenshot: true, unexpectedAlertBehaviour: , unhandledPromptBehavior: , version: 69.0.3497.100, webStorageEnabled: true}
Session ID: 286f012a515efe2c2b7e62017888eb42)
	at com.kms.katalon.core.keyword.internal.KeywordMain.stepFailed(KeywordMain.groovy:36)
	at com.kms.katalon.core.webui.keyword.internal.WebUIKeywordMain.stepFailed(WebUIKeywordMain.groovy:65)
	at com.kms.katalon.core.webui.keyword.internal.WebUIKeywordMain.runKeyword(WebUIKeywordMain.groovy:27)
	at com.kms.katalon.core.webui.keyword.builtin.ClickKeyword.click(ClickKeyword.groovy:86)
	at com.kms.katalon.core.webui.keyword.builtin.ClickKeyword.execute(ClickKeyword.groovy:67)
	at com.kms.katalon.core.keyword.internal.KeywordExecutor.executeKeywordForPlatform(KeywordExecutor.groovy:53)
	at com.kms.katalon.core.webui.keyword.WebUiBuiltInKeywords.click(WebUiBuiltInKeywords.groovy:616)
	at com.kms.katalon.core.webui.keyword.WebUiBuiltInKeywords$click$3.call(Unknown Source)
	at org.codehaus.groovy.runtime.callsite.CallSiteArray.defaultCall(CallSiteArray.java:48)
	at org.codehaus.groovy.runtime.callsite.AbstractCallSite.call(AbstractCallSite.java:113)
	at org.codehaus.groovy.runtime.callsite.AbstractCallSite.call(AbstractCallSite.java:125)
	at Script1536869678738.run(Script1536869678738.groovy:43)
	at com.kms.katalon.core.main.ScriptEngine.run(ScriptEngine.java:183)
	at com.kms.katalon.core.main.ScriptEngine.runScriptAsRawText(ScriptEngine.java:108)
	at com.kms.katalon.core.main.TestCaseExecutor.runScript(TestCaseExecutor.java:294)
	at com.kms.katalon.core.main.TestCaseExecutor.doExecute(TestCaseExecutor.java:285)
	at com.kms.katalon.core.main.TestCaseExecutor.processExecutionPhase(TestCaseExecutor.java:264)
	at com.kms.katalon.core.main.TestCaseExecutor.accessMainPhase(TestCaseExecutor.java:256)
	at com.kms.katalon.core.main.TestCaseExecutor.execute(TestCaseExecutor.java:200)
	at com.kms.katalon.core.main.TestSuiteExecutor.accessTestCaseMainPhase(TestSuiteExecutor.java:129)
	at com.kms.katalon.core.main.TestSuiteExecutor.accessTestSuiteMainPhase(TestSuiteExecutor.java:112)
	at com.kms.katalon.core.main.TestSuiteExecutor.execute(TestSuiteExecutor.java:81)
	at com.kms.katalon.core.main.TestCaseMain.startTestSuite(TestCaseMain.java:142)
	at com.kms.katalon.core.main.TestCaseMain$startTestSuite$0.call(Unknown Source)
	at org.codehaus.groovy.runtime.callsite.CallSiteArray.defaultCall(CallSiteArray.java:48)
	at org.codehaus.groovy.runtime.callsite.AbstractCallSite.call(AbstractCallSite.java:113)
	at org.codehaus.groovy.runtime.callsite.AbstractCallSite.call(AbstractCallSite.java:141)
	at TempTestSuite1538428856608.run(TempTestSuite1538428856608.groovy:36)
	at groovy.lang.GroovyShell.runScriptOrMainOrTestOrRunnable(GroovyShell.java:263)
	at groovy.lang.GroovyShell.run(GroovyShell.java:518)
	at groovy.lang.GroovyShell.run(GroovyShell.java:507)
	at groovy.ui.GroovyMain.processOnce(GroovyMain.java:653)
	at groovy.ui.GroovyMain.run(GroovyMain.java:384)
	at groovy.ui.GroovyMain.process(GroovyMain.java:370)
	at groovy.ui.GroovyMain.processArgs(GroovyMain.java:129)
	at groovy.ui.GroovyMain.main(GroovyMain.java:109)
	at sun.reflect.NativeMethodAccessorImpl.invoke0(Native Method)
	at sun.reflect.NativeMethodAccessorImpl.invoke(NativeMethodAccessorImpl.java:62)
	at sun.reflect.DelegatingMethodAccessorImpl.invoke(DelegatingMethodAccessorImpl.java:43)
	at java.lang.reflect.Method.invoke(Method.java:498)
	at org.codehaus.groovy.tools.GroovyStarter.rootLoader(GroovyStarter.java:109)
	at org.codehaus.groovy.tools.GroovyStarter.main(GroovyStarter.java:131)
)

2018-10-01 14:26:05 - [TEST_STEP][NOT_RUN] - callTestCase: NOT_RUN: callTestCase

2018-10-01 14:26:05 - [MESSAGE][NOT_RUN] - NOT_RUN: callTestCase

2018-10-01 14:26:05 - [TEST_STEP][PASSED] - delay: Delayed 1 second(s)

2018-10-01 14:26:06 - [MESSAGE][PASSED] - Delayed 1 second(s)

2018-10-01 14:26:06 - [TEST_STEP][PASSED] - waitForElementClickable: Object 'Object Repository/Page_Beauty Box Subscription for Wo/div_Makeup (2)' is clickable

2018-10-01 14:26:06 - [MESSAGE][WARNING] - Timeout '0' is invalid. Using default page load timeout: '30'

2018-10-01 14:26:06 - [MESSAGE][PASSED] - Object 'Object Repository/Page_Beauty Box Subscription for Wo/div_Makeup (2)' is clickable

2018-10-01 14:26:06 - [TEST_STEP][PASSED] - click: Object: 'Object Repository/Page_Beauty Box Subscription for Wo/div_Makeup (2)' is clicked on

2018-10-01 14:26:07 - [MESSAGE][PASSED] - Object: 'Object Repository/Page_Beauty Box Subscription for Wo/div_Makeup (2)' is clicked on

2018-10-01 14:26:07 - [TEST_STEP][PASSED] - delay: Delayed 1 second(s)

2018-10-01 14:26:08 - [MESSAGE][PASSED] - Delayed 1 second(s)

2018-10-01 14:26:08 - [TEST_STEP][PASSED] - waitForElementClickable: Object 'Object Repository/Page_Beauty Box Subscription for Wo/div_Lip' is clickable

2018-10-01 14:26:08 - [MESSAGE][WARNING] - Timeout '0' is invalid. Using default page load timeout: '30'

2018-10-01 14:26:09 - [MESSAGE][PASSED] - Object 'Object Repository/Page_Beauty Box Subscription for Wo/div_Lip' is clickable

2018-10-01 14:26:09 - [TEST_STEP][PASSED] - click: Object: 'Object Repository/Page_Beauty Box Subscription for Wo/div_Lip' is clicked on

2018-10-01 14:26:09 - [MESSAGE][PASSED] - Object: 'Object Repository/Page_Beauty Box Subscription for Wo/div_Lip' is clicked on

2018-10-01 14:26:09 - [TEST_STEP][PASSED] - delay: Delayed 3 second(s)

2018-10-01 14:26:12 - [MESSAGE][PASSED] - Delayed 3 second(s)

2018-10-01 14:26:12 - [TEST_STEP][PASSED] - waitForElementClickable: Object 'Object Repository/Page_Beauty Box Subscription for Wo/a_Lipsticks' is clickable

2018-10-01 14:26:12 - [MESSAGE][WARNING] - Timeout '0' is invalid. Using default page load timeout: '30'

2018-10-01 14:26:12 - [MESSAGE][PASSED] - Object 'Object Repository/Page_Beauty Box Subscription for Wo/a_Lipsticks' is clickable

2018-10-01 14:26:12 - [TEST_STEP][FAILED] - click: Unable to click on object 'Object Repository/Page_Beauty Box Subscription for Wo/a_Lipsticks' (Root cause: org.openqa.selenium.WebDriverException: unknown error: Element <a class="StyledLink-khUpca fgCKOS" href="/category/46">...</a> is not clickable at point (331, 445). Other element would receive the click: <div class="maskContainer__mask___1VWsR utilities__flexCenterBoth___bT52v utilities__flexContainer___2sCJV utilities__cover___WKDvY utilities__fixed___1nM3D maskContainer__loading___3Ady_">...</div>
  (Session info: chrome=69.0.3497.100)
  (Driver info: chromedriver=2.35.528161 (5b82f2d2aae0ca24b877009200ced9065a772e73),platform=Windows NT 6.1.7601 SP1 x86_64) (WARNING: The server did not provide any stacktrace information)
Command duration or timeout: 0 milliseconds
Build info: version: '3.7.1', revision: '8a0099a', time: '2017-11-06T21:07:36.161Z'
System info: host: 'PLEMKTPLACE-08', ip: '10.241.184.32', os.name: 'Windows 7', os.arch: 'amd64', os.version: '6.1', java.version: '1.8.0_181'
Driver info: com.kms.katalon.selenium.driver.CChromeDriver
Capabilities {acceptInsecureCerts: false, acceptSslCerts: false, applicationCacheEnabled: false, browserConnectionEnabled: false, browserName: chrome, chrome: {chromedriverVersion: 2.35.528161 (5b82f2d2aae0ca..., userDataDir: C:\Users\vbrooks\AppData\Lo...}, cssSelectorsEnabled: true, databaseEnabled: false, handlesAlerts: true, hasTouchScreen: false, javascriptEnabled: true, locationContextEnabled: true, mobileEmulationEnabled: false, nativeEvents: true, networkConnectionEnabled: false, pageLoadStrategy: normal, platform: XP, platformName: XP, rotatable: false, setWindowRect: true, takesHeapSnapshot: true, takesScreenshot: true, unexpectedAlertBehaviour: , unhandledPromptBehavior: , version: 69.0.3497.100, webStorageEnabled: true}
Session ID: 286f012a515efe2c2b7e62017888eb42)

2018-10-01 14:26:12 - [MESSAGE][FAILED] - Unable to click on object 'Object Repository/Page_Beauty Box Subscription for Wo/a_Lipsticks' (Root cause: org.openqa.selenium.WebDriverException: unknown error: Element <a class="StyledLink-khUpca fgCKOS" href="/category/46">...</a> is not clickable at point (331, 445). Other element would receive the click: <div class="maskContainer__mask___1VWsR utilities__flexCenterBoth___bT52v utilities__flexContainer___2sCJV utilities__cover___WKDvY utilities__fixed___1nM3D maskContainer__loading___3Ady_">...</div>
  (Session info: chrome=69.0.3497.100)
  (Driver info: chromedriver=2.35.528161 (5b82f2d2aae0ca24b877009200ced9065a772e73),platform=Windows NT 6.1.7601 SP1 x86_64) (WARNING: The server did not provide any stacktrace information)
Command duration or timeout: 0 milliseconds
Build info: version: '3.7.1', revision: '8a0099a', time: '2017-11-06T21:07:36.161Z'
System info: host: 'PLEMKTPLACE-08', ip: '10.241.184.32', os.name: 'Windows 7', os.arch: 'amd64', os.version: '6.1', java.version: '1.8.0_181'
Driver info: com.kms.katalon.selenium.driver.CChromeDriver
Capabilities {acceptInsecureCerts: false, acceptSslCerts: false, applicationCacheEnabled: false, browserConnectionEnabled: false, browserName: chrome, chrome: {chromedriverVersion: 2.35.528161 (5b82f2d2aae0ca..., userDataDir: C:\Users\vbrooks\AppData\Lo...}, cssSelectorsEnabled: true, databaseEnabled: false, handlesAlerts: true, hasTouchScreen: false, javascriptEnabled: true, locationContextEnabled: true, mobileEmulationEnabled: false, nativeEvents: true, networkConnectionEnabled: false, pageLoadStrategy: normal, platform: XP, platformName: XP, rotatable: false, setWindowRect: true, takesHeapSnapshot: true, takesScreenshot: true, unexpectedAlertBehaviour: , unhandledPromptBehavior: , version: 69.0.3497.100, webStorageEnabled: true}
Session ID: 286f012a515efe2c2b7e62017888eb42)]]></system-out>
         <system-err><![CDATA[2018-10-01 14:26:05 - [TEST_CASE][FAILED] - Test Cases/US PC browser test/Add a configurable item and place an order: Test Cases/US PC browser test/Add a configurable item and place an order FAILED because (of) (Stack trace: com.kms.katalon.core.exception.StepFailedException: Unable to click on object 'Object Repository/Page_Beauty Box Subscription for Wo/a_Lipsticks' (Root cause: org.openqa.selenium.WebDriverException: unknown error: Element <a class="StyledLink-khUpca fgCKOS" href="/category/46">...</a> is not clickable at point (331, 445). Other element would receive the click: <div class="maskContainer__mask___1VWsR utilities__flexCenterBoth___bT52v utilities__flexContainer___2sCJV utilities__cover___WKDvY utilities__fixed___1nM3D maskContainer__loading___3Ady_">...</div>
  (Session info: chrome=69.0.3497.100)
  (Driver info: chromedriver=2.35.528161 (5b82f2d2aae0ca24b877009200ced9065a772e73),platform=Windows NT 6.1.7601 SP1 x86_64) (WARNING: The server did not provide any stacktrace information)
Command duration or timeout: 0 milliseconds
Build info: version: '3.7.1', revision: '8a0099a', time: '2017-11-06T21:07:36.161Z'
System info: host: 'PLEMKTPLACE-08', ip: '10.241.184.32', os.name: 'Windows 7', os.arch: 'amd64', os.version: '6.1', java.version: '1.8.0_181'
Driver info: com.kms.katalon.selenium.driver.CChromeDriver
Capabilities {acceptInsecureCerts: false, acceptSslCerts: false, applicationCacheEnabled: false, browserConnectionEnabled: false, browserName: chrome, chrome: {chromedriverVersion: 2.35.528161 (5b82f2d2aae0ca..., userDataDir: C:\Users\vbrooks\AppData\Lo...}, cssSelectorsEnabled: true, databaseEnabled: false, handlesAlerts: true, hasTouchScreen: false, javascriptEnabled: true, locationContextEnabled: true, mobileEmulationEnabled: false, nativeEvents: true, networkConnectionEnabled: false, pageLoadStrategy: normal, platform: XP, platformName: XP, rotatable: false, setWindowRect: true, takesHeapSnapshot: true, takesScreenshot: true, unexpectedAlertBehaviour: , unhandledPromptBehavior: , version: 69.0.3497.100, webStorageEnabled: true}
Session ID: 286f012a515efe2c2b7e62017888eb42)
	at com.kms.katalon.core.keyword.internal.KeywordMain.stepFailed(KeywordMain.groovy:36)
	at com.kms.katalon.core.webui.keyword.internal.WebUIKeywordMain.stepFailed(WebUIKeywordMain.groovy:65)
	at com.kms.katalon.core.webui.keyword.internal.WebUIKeywordMain.runKeyword(WebUIKeywordMain.groovy:27)
	at com.kms.katalon.core.webui.keyword.builtin.ClickKeyword.click(ClickKeyword.groovy:86)
	at com.kms.katalon.core.webui.keyword.builtin.ClickKeyword.execute(ClickKeyword.groovy:67)
	at com.kms.katalon.core.keyword.internal.KeywordExecutor.executeKeywordForPlatform(KeywordExecutor.groovy:53)
	at com.kms.katalon.core.webui.keyword.WebUiBuiltInKeywords.click(WebUiBuiltInKeywords.groovy:616)
	at com.kms.katalon.core.webui.keyword.WebUiBuiltInKeywords$click$3.call(Unknown Source)
	at org.codehaus.groovy.runtime.callsite.CallSiteArray.defaultCall(CallSiteArray.java:48)
	at org.codehaus.groovy.runtime.callsite.AbstractCallSite.call(AbstractCallSite.java:113)
	at org.codehaus.groovy.runtime.callsite.AbstractCallSite.call(AbstractCallSite.java:125)
	at Script1536869678738.run(Script1536869678738.groovy:43)
	at com.kms.katalon.core.main.ScriptEngine.run(ScriptEngine.java:183)
	at com.kms.katalon.core.main.ScriptEngine.runScriptAsRawText(ScriptEngine.java:108)
	at com.kms.katalon.core.main.TestCaseExecutor.runScript(TestCaseExecutor.java:294)
	at com.kms.katalon.core.main.TestCaseExecutor.doExecute(TestCaseExecutor.java:285)
	at com.kms.katalon.core.main.TestCaseExecutor.processExecutionPhase(TestCaseExecutor.java:264)
	at com.kms.katalon.core.main.TestCaseExecutor.accessMainPhase(TestCaseExecutor.java:256)
	at com.kms.katalon.core.main.TestCaseExecutor.execute(TestCaseExecutor.java:200)
	at com.kms.katalon.core.main.TestSuiteExecutor.accessTestCaseMainPhase(TestSuiteExecutor.java:129)
	at com.kms.katalon.core.main.TestSuiteExecutor.accessTestSuiteMainPhase(TestSuiteExecutor.java:112)
	at com.kms.katalon.core.main.TestSuiteExecutor.execute(TestSuiteExecutor.java:81)
	at com.kms.katalon.core.main.TestCaseMain.startTestSuite(TestCaseMain.java:142)
	at com.kms.katalon.core.main.TestCaseMain$startTestSuite$0.call(Unknown Source)
	at org.codehaus.groovy.runtime.callsite.CallSiteArray.defaultCall(CallSiteArray.java:48)
	at org.codehaus.groovy.runtime.callsite.AbstractCallSite.call(AbstractCallSite.java:113)
	at org.codehaus.groovy.runtime.callsite.AbstractCallSite.call(AbstractCallSite.java:141)
	at TempTestSuite1538428856608.run(TempTestSuite1538428856608.groovy:36)
	at groovy.lang.GroovyShell.runScriptOrMainOrTestOrRunnable(GroovyShell.java:263)
	at groovy.lang.GroovyShell.run(GroovyShell.java:518)
	at groovy.lang.GroovyShell.run(GroovyShell.java:507)
	at groovy.ui.GroovyMain.processOnce(GroovyMain.java:653)
	at groovy.ui.GroovyMain.run(GroovyMain.java:384)
	at groovy.ui.GroovyMain.process(GroovyMain.java:370)
	at groovy.ui.GroovyMain.processArgs(GroovyMain.java:129)
	at groovy.ui.GroovyMain.main(GroovyMain.java:109)
	at sun.reflect.NativeMethodAccessorImpl.invoke0(Native Method)
	at sun.reflect.NativeMethodAccessorImpl.invoke(NativeMethodAccessorImpl.java:62)
	at sun.reflect.DelegatingMethodAccessorImpl.invoke(DelegatingMethodAccessorImpl.java:43)
	at java.lang.reflect.Method.invoke(Method.java:498)
	at org.codehaus.groovy.tools.GroovyStarter.rootLoader(GroovyStarter.java:109)
	at org.codehaus.groovy.tools.GroovyStarter.main(GroovyStarter.java:131)
)]]></system-err>
      </testcase>
      <testcase name="Test Cases/US PC browser test/Remove an item from the cart" classname="Test Cases/US PC browser test/Remove an item from the cart" status="PASSED">
         <system-out><![CDATA[2018-10-01 14:26:13 - [TEST_CASE][PASSED] - Test Cases/US PC browser test/Remove an item from the cart: Test Cases/US PC browser test/Remove an item from the cart

2018-10-01 14:26:13 - [TEST_STEP][NOT_RUN] - callTestCase: NOT_RUN: callTestCase

2018-10-01 14:26:13 - [MESSAGE][NOT_RUN] - NOT_RUN: callTestCase

2018-10-01 14:26:13 - [TEST_STEP][PASSED] - waitForElementClickable: Object 'Object Repository/Page_Beauty Box Subscription for Wo/svg_icon__search' is clickable

2018-10-01 14:26:13 - [MESSAGE][WARNING] - Timeout '0' is invalid. Using default page load timeout: '30'

2018-10-01 14:26:14 - [MESSAGE][PASSED] - Object 'Object Repository/Page_Beauty Box Subscription for Wo/svg_icon__search' is clickable

2018-10-01 14:26:14 - [TEST_STEP][PASSED] - click: Object: 'Object Repository/Page_Beauty Box Subscription for Wo/svg_icon__search' is clicked on

2018-10-01 14:26:14 - [MESSAGE][PASSED] - Object: 'Object Repository/Page_Beauty Box Subscription for Wo/svg_icon__search' is clicked on

2018-10-01 14:26:14 - [TEST_STEP][PASSED] - delay: Delayed 5 second(s)

2018-10-01 14:26:19 - [MESSAGE][PASSED] - Delayed 5 second(s)

2018-10-01 14:26:19 - [TEST_STEP][PASSED] - setText: Text 'soap' is set on object 'Object Repository/Page_Beauty Box Subscription for Wo/input_searchForm__input___2s6r (2)'

2018-10-01 14:26:19 - [MESSAGE][PASSED] - Text 'soap' is set on object 'Object Repository/Page_Beauty Box Subscription for Wo/input_searchForm__input___2s6r (2)'

2018-10-01 14:26:19 - [TEST_STEP][PASSED] - click: Object: 'Object Repository/Page_Beauty Box Subscription for Wo/button_Search (2)' is clicked on

2018-10-01 14:26:20 - [MESSAGE][PASSED] - Object: 'Object Repository/Page_Beauty Box Subscription for Wo/button_Search (2)' is clicked on

2018-10-01 14:26:20 - [TEST_STEP][PASSED] - click: Object: 'Object Repository/Page_Beauty Box Subscription for Wo/a_Level Naturals Peppermint  P' is clicked on

2018-10-01 14:26:22 - [MESSAGE][PASSED] - Object: 'Object Repository/Page_Beauty Box Subscription for Wo/a_Level Naturals Peppermint  P' is clicked on

2018-10-01 14:26:22 - [TEST_STEP][PASSED] - waitForElementVisible: Object 'Object Repository/Page_Tweezerman Smooth Finish Facia/div_Add to Cart20.00' is visible

2018-10-01 14:26:22 - [MESSAGE][WARNING] - Timeout '0' is invalid. Using default page load timeout: '30'

2018-10-01 14:26:22 - [MESSAGE][PASSED] - Object 'Object Repository/Page_Tweezerman Smooth Finish Facia/div_Add to Cart20.00' is visible

2018-10-01 14:26:22 - [TEST_STEP][PASSED] - click: Object: 'Object Repository/Page_Tweezerman Smooth Finish Facia/div_Add to Cart20.00' is clicked on

2018-10-01 14:26:23 - [MESSAGE][PASSED] - Object: 'Object Repository/Page_Tweezerman Smooth Finish Facia/div_Add to Cart20.00' is clicked on

2018-10-01 14:26:23 - [TEST_STEP][PASSED] - delay: Delayed 8 second(s)

2018-10-01 14:26:31 - [MESSAGE][PASSED] - Delayed 8 second(s)

2018-10-01 14:26:31 - [TEST_STEP][PASSED] - waitForElementClickable: Object 'Object Repository/Page_Beauty Box Subscription for Wo/svg_icon__search' is clickable

2018-10-01 14:26:31 - [MESSAGE][WARNING] - Timeout '0' is invalid. Using default page load timeout: '30'

2018-10-01 14:26:31 - [MESSAGE][PASSED] - Object 'Object Repository/Page_Beauty Box Subscription for Wo/svg_icon__search' is clickable

2018-10-01 14:26:31 - [TEST_STEP][PASSED] - click: Object: 'Object Repository/Page_Beauty Box Subscription for Wo/svg_icon__search' is clicked on

2018-10-01 14:26:31 - [MESSAGE][PASSED] - Object: 'Object Repository/Page_Beauty Box Subscription for Wo/svg_icon__search' is clicked on

2018-10-01 14:26:31 - [TEST_STEP][PASSED] - delay: Delayed 5 second(s)

2018-10-01 14:26:36 - [MESSAGE][PASSED] - Delayed 5 second(s)

2018-10-01 14:26:36 - [TEST_STEP][PASSED] - setText: Text 'rubber' is set on object 'Object Repository/Page_Beauty Box Subscription for Wo/input_searchForm__input___2s6r (2)'

2018-10-01 14:26:36 - [MESSAGE][PASSED] - Text 'rubber' is set on object 'Object Repository/Page_Beauty Box Subscription for Wo/input_searchForm__input___2s6r (2)'

2018-10-01 14:26:36 - [TEST_STEP][PASSED] - click: Object: 'Object Repository/Page_Beauty Box Subscription for Wo/button_Search (2)' is clicked on

2018-10-01 14:26:36 - [MESSAGE][PASSED] - Object: 'Object Repository/Page_Beauty Box Subscription for Wo/button_Search (2)' is clicked on

2018-10-01 14:26:36 - [TEST_STEP][PASSED] - click: Object: 'Object Repository/Page_Beauty Box Subscription for Wo/a_Dr. Jart Bright Lover Rubber' is clicked on

2018-10-01 14:26:39 - [MESSAGE][PASSED] - Object: 'Object Repository/Page_Beauty Box Subscription for Wo/a_Dr. Jart Bright Lover Rubber' is clicked on

2018-10-01 14:26:39 - [TEST_STEP][PASSED] - waitForElementVisible: Object 'Object Repository/Page_Dr. Jart Bright Lover Rubber M/div_Add to Cart12.00' is visible

2018-10-01 14:26:39 - [MESSAGE][WARNING] - Timeout '0' is invalid. Using default page load timeout: '30'

2018-10-01 14:26:40 - [MESSAGE][PASSED] - Object 'Object Repository/Page_Dr. Jart Bright Lover Rubber M/div_Add to Cart12.00' is visible

2018-10-01 14:26:40 - [TEST_STEP][PASSED] - click: Object: 'Object Repository/Page_Dr. Jart Bright Lover Rubber M/div_Add to Cart12.00' is clicked on

2018-10-01 14:26:40 - [MESSAGE][PASSED] - Object: 'Object Repository/Page_Dr. Jart Bright Lover Rubber M/div_Add to Cart12.00' is clicked on

2018-10-01 14:26:40 - [TEST_STEP][PASSED] - delay: Delayed 10 second(s)

2018-10-01 14:26:50 - [MESSAGE][PASSED] - Delayed 10 second(s)

2018-10-01 14:26:50 - [TEST_STEP][PASSED] - click: Object: 'Object Repository/Page_Beauty Box Subscription for Wo/svg_The Mag_icon__svg___checkout icon PC browser' is clicked on

2018-10-01 14:26:50 - [MESSAGE][PASSED] - Object: 'Object Repository/Page_Beauty Box Subscription for Wo/svg_The Mag_icon__svg___checkout icon PC browser' is clicked on

2018-10-01 14:26:50 - [TEST_STEP][PASSED] - comment: Verify that an item can be removed by selecting the 'X' button

2018-10-01 14:26:50 - [TEST_STEP][PASSED] - delay: Delayed 5 second(s)

2018-10-01 14:26:55 - [MESSAGE][PASSED] - Delayed 5 second(s)

2018-10-01 14:26:55 - [TEST_STEP][PASSED] - waitForElementClickable: Object 'Object Repository/Page_Beauty Box Subscription for Wo/svg_icon__X_Dr._Jart' is clickable

2018-10-01 14:26:55 - [MESSAGE][WARNING] - Timeout '0' is invalid. Using default page load timeout: '30'

2018-10-01 14:26:55 - [MESSAGE][PASSED] - Object 'Object Repository/Page_Beauty Box Subscription for Wo/svg_icon__X_Dr._Jart' is clickable

2018-10-01 14:26:55 - [TEST_STEP][PASSED] - click: Object: 'Object Repository/Page_Beauty Box Subscription for Wo/svg_icon__X_Dr._Jart' is clicked on

2018-10-01 14:26:56 - [MESSAGE][PASSED] - Object: 'Object Repository/Page_Beauty Box Subscription for Wo/svg_icon__X_Dr._Jart' is clicked on

2018-10-01 14:26:56 - [TEST_STEP][PASSED] - delay: Delayed 5 second(s)

2018-10-01 14:27:01 - [MESSAGE][PASSED] - Delayed 5 second(s)

2018-10-01 14:27:01 - [TEST_STEP][PASSED] - comment: Verify that an item can be removed by selecting the '-' button

2018-10-01 14:27:01 - [TEST_STEP][PASSED] - waitForElementClickable: Object 'Object Repository/Page_Beauty Box Subscription for Wo/svg_icon__-_Soap' is clickable

2018-10-01 14:27:01 - [MESSAGE][WARNING] - Timeout '0' is invalid. Using default page load timeout: '30'

2018-10-01 14:27:01 - [MESSAGE][PASSED] - Object 'Object Repository/Page_Beauty Box Subscription for Wo/svg_icon__-_Soap' is clickable

2018-10-01 14:27:01 - [TEST_STEP][PASSED] - click: Object: 'Object Repository/Page_Beauty Box Subscription for Wo/svg_icon__-_Soap' is clicked on

2018-10-01 14:27:01 - [MESSAGE][PASSED] - Object: 'Object Repository/Page_Beauty Box Subscription for Wo/svg_icon__-_Soap' is clicked on

2018-10-01 14:27:01 - [TEST_STEP][PASSED] - delay: Delayed 1 second(s)

2018-10-01 14:27:02 - [MESSAGE][PASSED] - Delayed 1 second(s)

2018-10-01 14:27:02 - [TEST_STEP][PASSED] - waitForElementVisible: Object 'Object Repository/Page_Beauty Box Subscription for Wo/a_Continue Shopping (1)' is visible

2018-10-01 14:27:02 - [MESSAGE][WARNING] - Timeout '0' is invalid. Using default page load timeout: '30'

2018-10-01 14:27:03 - [MESSAGE][PASSED] - Object 'Object Repository/Page_Beauty Box Subscription for Wo/a_Continue Shopping (1)' is visible

2018-10-01 14:27:03 - [TEST_STEP][PASSED] - waitForElementClickable: Object 'Object Repository/Page_Beauty Box Subscription for Wo/a_Continue Shopping (1)' is clickable

2018-10-01 14:27:03 - [MESSAGE][WARNING] - Timeout '0' is invalid. Using default page load timeout: '30'

2018-10-01 14:27:03 - [MESSAGE][PASSED] - Object 'Object Repository/Page_Beauty Box Subscription for Wo/a_Continue Shopping (1)' is clickable

2018-10-01 14:27:03 - [TEST_STEP][PASSED] - click: Object: 'Object Repository/Page_Beauty Box Subscription for Wo/a_Continue Shopping (1)' is clicked on

2018-10-01 14:27:03 - [MESSAGE][PASSED] - Object: 'Object Repository/Page_Beauty Box Subscription for Wo/a_Continue Shopping (1)' is clicked on]]></system-out>
         <system-err><![CDATA[]]></system-err>
      </testcase>
      <testcase name="Test Cases/US PC browser test/Log in as a subscriber with existing boxes and navigate to Boxes" classname="Test Cases/US PC browser test/Log in as a subscriber with existing boxes and navigate to Boxes" status="PASSED">
         <system-out><![CDATA[2018-10-01 14:27:03 - [TEST_CASE][PASSED] - Test Cases/US PC browser test/Log in as a subscriber with existing boxes and navigate to Boxes: Test Cases/US PC browser test/Log in as a subscriber with existing boxes and navigate to Boxes

2018-10-01 14:27:03 - [TEST_STEP][NOT_RUN] - callTestCase: NOT_RUN: callTestCase

2018-10-01 14:27:03 - [MESSAGE][NOT_RUN] - NOT_RUN: callTestCase

2018-10-01 14:27:03 - [TEST_STEP][PASSED] - delay: Delayed 2 second(s)

2018-10-01 14:27:05 - [MESSAGE][PASSED] - Delayed 2 second(s)

2018-10-01 14:27:05 - [TEST_STEP][PASSED] - Statement - If (com.kms.katalon.core.webui.keyword.WebUiBuiltInKeywords.verifyElementPresent(com.kms.katalon.core.testobject.ObjectRepository.findTestObject(Page_Beauty Box Subscription for Wo/div_Log In), 5, OPTIONAL)): com.kms.katalon.core.webui.exception.WebElementNotFoundException: Web element with id: 'Object Repository/Page_Beauty Box Subscription for Wo/div_Log In' located by 'By.xpath: //*[@class = 'AccountItem__StyledLogin-dqqowx typography__copy13___2sIAt typography__bold___1hpib utilities__bold___3ltf7 ddQQNL']' not found

2018-10-01 14:27:14 - [MESSAGE][WARNING] - com.kms.katalon.core.webui.exception.WebElementNotFoundException: Web element with id: 'Object Repository/Page_Beauty Box Subscription for Wo/div_Log In' located by 'By.xpath: //*[@class = 'AccountItem__StyledLogin-dqqowx typography__copy13___2sIAt typography__bold___1hpib utilities__bold___3ltf7 ddQQNL']' not found

2018-10-01 14:27:14 - [TEST_STEP][PASSED] - delay: Delayed 2 second(s)

2018-10-01 14:27:16 - [MESSAGE][PASSED] - Delayed 2 second(s)

2018-10-01 14:27:16 - [TEST_STEP][PASSED] - waitForElementVisible: Object 'Object Repository/Page_Beauty Box Subscription for Wo/div_My Birchbox' is visible

2018-10-01 14:27:16 - [MESSAGE][WARNING] - Timeout '0' is invalid. Using default page load timeout: '30'

2018-10-01 14:27:16 - [MESSAGE][PASSED] - Object 'Object Repository/Page_Beauty Box Subscription for Wo/div_My Birchbox' is visible

2018-10-01 14:27:16 - [TEST_STEP][PASSED] - waitForElementClickable: Object 'Object Repository/Page_Beauty Box Subscription for Wo/div_My Birchbox' is clickable

2018-10-01 14:27:16 - [MESSAGE][WARNING] - Timeout '0' is invalid. Using default page load timeout: '30'

2018-10-01 14:27:16 - [MESSAGE][PASSED] - Object 'Object Repository/Page_Beauty Box Subscription for Wo/div_My Birchbox' is clickable

2018-10-01 14:27:16 - [TEST_STEP][PASSED] - click: Object: 'Object Repository/Page_Beauty Box Subscription for Wo/div_My Birchbox' is clicked on

2018-10-01 14:27:17 - [MESSAGE][PASSED] - Object: 'Object Repository/Page_Beauty Box Subscription for Wo/div_My Birchbox' is clicked on

2018-10-01 14:27:17 - [TEST_STEP][PASSED] - comment: Note: Purchased boxes never populate in this page.  The following is the most that can be verified.

2018-10-01 14:27:17 - [TEST_STEP][PASSED] - delay: Delayed 3 second(s)

2018-10-01 14:27:20 - [MESSAGE][PASSED] - Delayed 3 second(s)

2018-10-01 14:27:20 - [TEST_STEP][NOT_RUN] - verifyTextPresent: NOT_RUN: verifyTextPresent

2018-10-01 14:27:20 - [MESSAGE][NOT_RUN] - NOT_RUN: verifyTextPresent

2018-10-01 14:27:20 - [TEST_STEP][NOT_RUN] - verifyTextPresent: NOT_RUN: verifyTextPresent

2018-10-01 14:27:20 - [MESSAGE][NOT_RUN] - NOT_RUN: verifyTextPresent]]></system-out>
         <system-err><![CDATA[]]></system-err>
      </testcase>
      <testcase name="Test Cases/US PC browser test/Search for a product from the menu and add a product to existing list from within the product page" classname="Test Cases/US PC browser test/Search for a product from the menu and add a product to existing list from within the product page" status="FAILED">
         <failure type="FAILED" message="(Stack trace: com.kms.katalon.core.exception.StepFailedException: Unable to click on object 'Object Repository/Page_Montale Dark Purple Eau de Par/div_Profile_PC browser' (Root cause: com.kms.katalon.core.webui.exception.WebElementNotFoundException: Web element with id: 'Object Repository/Page_Montale Dark Purple Eau de Par/div_Profile_PC browser' located by 'By.xpath: id(&quot;root&quot;)/div[@class=&quot;app__container___1iszn app__containerWithTrimWide___1wGXG app__container___1iszn&quot;]/div[@class=&quot;NavBar__OuterDiv-iYytUm jWomxD&quot;]/div[@class=&quot;NavBar__ColumnReverse-izFtDU fVIvca&quot;]/div[2]/div[@class=&quot;BarWide__BarsDiv-bhiioM gbjKVU&quot;]/div[@class=&quot;GutterDiv-uPqzs eAjzvm&quot;]/div[@class=&quot;TopBar__StyledJustifiedBar-iKwPAX guzkjv JustifiedBar__OuterDiv-cTCyOC dKaHqT&quot;]/div[@class=&quot;JustifiedBar__LeftDiv-ebIrmq gOCzyM&quot;]/div[@class=&quot;utilities__relative___1GEg3&quot;]/div[@class=&quot;dropdown__control___3i-ai utilities__flexCenterVertical___2nEt- utilities__flexContainer___2sCJV utilities__relative___1GEg3 theme__themeHover___2yDP1 dropdown__controlEvoText___1apmU typography__copy13___2sIAt typography__bold___1hpib utilities__bold___3ltf7 theme__navText___32Qoi utilities__pointer___1ctfY&quot;]/div[@class=&quot;dropdown__label____leow&quot;]/div[1]' not found)
	at com.kms.katalon.core.keyword.internal.KeywordMain.stepFailed(KeywordMain.groovy:36)
	at com.kms.katalon.core.webui.keyword.internal.WebUIKeywordMain.stepFailed(WebUIKeywordMain.groovy:65)
	at com.kms.katalon.core.webui.keyword.internal.WebUIKeywordMain.runKeyword(WebUIKeywordMain.groovy:27)
	at com.kms.katalon.core.webui.keyword.builtin.ClickKeyword.click(ClickKeyword.groovy:86)
	at com.kms.katalon.core.webui.keyword.builtin.ClickKeyword.execute(ClickKeyword.groovy:67)
	at com.kms.katalon.core.keyword.internal.KeywordExecutor.executeKeywordForPlatform(KeywordExecutor.groovy:53)
	at com.kms.katalon.core.webui.keyword.WebUiBuiltInKeywords.click(WebUiBuiltInKeywords.groovy:616)
	at com.kms.katalon.core.webui.keyword.WebUiBuiltInKeywords$click$3.call(Unknown Source)
	at org.codehaus.groovy.runtime.callsite.CallSiteArray.defaultCall(CallSiteArray.java:48)
	at org.codehaus.groovy.runtime.callsite.AbstractCallSite.call(AbstractCallSite.java:113)
	at org.codehaus.groovy.runtime.callsite.AbstractCallSite.call(AbstractCallSite.java:125)
	at Script1536955417674.run(Script1536955417674.groovy:70)
	at com.kms.katalon.core.main.ScriptEngine.run(ScriptEngine.java:183)
	at com.kms.katalon.core.main.ScriptEngine.runScriptAsRawText(ScriptEngine.java:108)
	at com.kms.katalon.core.main.TestCaseExecutor.runScript(TestCaseExecutor.java:294)
	at com.kms.katalon.core.main.TestCaseExecutor.doExecute(TestCaseExecutor.java:285)
	at com.kms.katalon.core.main.TestCaseExecutor.processExecutionPhase(TestCaseExecutor.java:264)
	at com.kms.katalon.core.main.TestCaseExecutor.accessMainPhase(TestCaseExecutor.java:256)
	at com.kms.katalon.core.main.TestCaseExecutor.execute(TestCaseExecutor.java:200)
	at com.kms.katalon.core.main.TestSuiteExecutor.accessTestCaseMainPhase(TestSuiteExecutor.java:129)
	at com.kms.katalon.core.main.TestSuiteExecutor.accessTestSuiteMainPhase(TestSuiteExecutor.java:112)
	at com.kms.katalon.core.main.TestSuiteExecutor.execute(TestSuiteExecutor.java:81)
	at com.kms.katalon.core.main.TestCaseMain.startTestSuite(TestCaseMain.java:142)
	at com.kms.katalon.core.main.TestCaseMain$startTestSuite$0.call(Unknown Source)
	at org.codehaus.groovy.runtime.callsite.CallSiteArray.defaultCall(CallSiteArray.java:48)
	at org.codehaus.groovy.runtime.callsite.AbstractCallSite.call(AbstractCallSite.java:113)
	at org.codehaus.groovy.runtime.callsite.AbstractCallSite.call(AbstractCallSite.java:141)
	at TempTestSuite1538428856608.run(TempTestSuite1538428856608.groovy:36)
	at groovy.lang.GroovyShell.runScriptOrMainOrTestOrRunnable(GroovyShell.java:263)
	at groovy.lang.GroovyShell.run(GroovyShell.java:518)
	at groovy.lang.GroovyShell.run(GroovyShell.java:507)
	at groovy.ui.GroovyMain.processOnce(GroovyMain.java:653)
	at groovy.ui.GroovyMain.run(GroovyMain.java:384)
	at groovy.ui.GroovyMain.process(GroovyMain.java:370)
	at groovy.ui.GroovyMain.processArgs(GroovyMain.java:129)
	at groovy.ui.GroovyMain.main(GroovyMain.java:109)
	at sun.reflect.NativeMethodAccessorImpl.invoke0(Native Method)
	at sun.reflect.NativeMethodAccessorImpl.invoke(NativeMethodAccessorImpl.java:62)
	at sun.reflect.DelegatingMethodAccessorImpl.invoke(DelegatingMethodAccessorImpl.java:43)
	at java.lang.reflect.Method.invoke(Method.java:498)
	at org.codehaus.groovy.tools.GroovyStarter.rootLoader(GroovyStarter.java:109)
	at org.codehaus.groovy.tools.GroovyStarter.main(GroovyStarter.java:131)
)"/>
         <system-out><![CDATA[2018-10-01 14:27:20 - [TEST_CASE][FAILED] - Test Cases/US PC browser test/Search for a product from the menu and add a product to existing list from within the product page: Test Cases/US PC browser test/Search for a product from the menu and add a product to existing list from within the product page FAILED because (of) (Stack trace: com.kms.katalon.core.exception.StepFailedException: Unable to click on object 'Object Repository/Page_Montale Dark Purple Eau de Par/div_Profile_PC browser' (Root cause: com.kms.katalon.core.webui.exception.WebElementNotFoundException: Web element with id: 'Object Repository/Page_Montale Dark Purple Eau de Par/div_Profile_PC browser' located by 'By.xpath: id("root")/div[@class="app__container___1iszn app__containerWithTrimWide___1wGXG app__container___1iszn"]/div[@class="NavBar__OuterDiv-iYytUm jWomxD"]/div[@class="NavBar__ColumnReverse-izFtDU fVIvca"]/div[2]/div[@class="BarWide__BarsDiv-bhiioM gbjKVU"]/div[@class="GutterDiv-uPqzs eAjzvm"]/div[@class="TopBar__StyledJustifiedBar-iKwPAX guzkjv JustifiedBar__OuterDiv-cTCyOC dKaHqT"]/div[@class="JustifiedBar__LeftDiv-ebIrmq gOCzyM"]/div[@class="utilities__relative___1GEg3"]/div[@class="dropdown__control___3i-ai utilities__flexCenterVertical___2nEt- utilities__flexContainer___2sCJV utilities__relative___1GEg3 theme__themeHover___2yDP1 dropdown__controlEvoText___1apmU typography__copy13___2sIAt typography__bold___1hpib utilities__bold___3ltf7 theme__navText___32Qoi utilities__pointer___1ctfY"]/div[@class="dropdown__label____leow"]/div[1]' not found)
	at com.kms.katalon.core.keyword.internal.KeywordMain.stepFailed(KeywordMain.groovy:36)
	at com.kms.katalon.core.webui.keyword.internal.WebUIKeywordMain.stepFailed(WebUIKeywordMain.groovy:65)
	at com.kms.katalon.core.webui.keyword.internal.WebUIKeywordMain.runKeyword(WebUIKeywordMain.groovy:27)
	at com.kms.katalon.core.webui.keyword.builtin.ClickKeyword.click(ClickKeyword.groovy:86)
	at com.kms.katalon.core.webui.keyword.builtin.ClickKeyword.execute(ClickKeyword.groovy:67)
	at com.kms.katalon.core.keyword.internal.KeywordExecutor.executeKeywordForPlatform(KeywordExecutor.groovy:53)
	at com.kms.katalon.core.webui.keyword.WebUiBuiltInKeywords.click(WebUiBuiltInKeywords.groovy:616)
	at com.kms.katalon.core.webui.keyword.WebUiBuiltInKeywords$click$3.call(Unknown Source)
	at org.codehaus.groovy.runtime.callsite.CallSiteArray.defaultCall(CallSiteArray.java:48)
	at org.codehaus.groovy.runtime.callsite.AbstractCallSite.call(AbstractCallSite.java:113)
	at org.codehaus.groovy.runtime.callsite.AbstractCallSite.call(AbstractCallSite.java:125)
	at Script1536955417674.run(Script1536955417674.groovy:70)
	at com.kms.katalon.core.main.ScriptEngine.run(ScriptEngine.java:183)
	at com.kms.katalon.core.main.ScriptEngine.runScriptAsRawText(ScriptEngine.java:108)
	at com.kms.katalon.core.main.TestCaseExecutor.runScript(TestCaseExecutor.java:294)
	at com.kms.katalon.core.main.TestCaseExecutor.doExecute(TestCaseExecutor.java:285)
	at com.kms.katalon.core.main.TestCaseExecutor.processExecutionPhase(TestCaseExecutor.java:264)
	at com.kms.katalon.core.main.TestCaseExecutor.accessMainPhase(TestCaseExecutor.java:256)
	at com.kms.katalon.core.main.TestCaseExecutor.execute(TestCaseExecutor.java:200)
	at com.kms.katalon.core.main.TestSuiteExecutor.accessTestCaseMainPhase(TestSuiteExecutor.java:129)
	at com.kms.katalon.core.main.TestSuiteExecutor.accessTestSuiteMainPhase(TestSuiteExecutor.java:112)
	at com.kms.katalon.core.main.TestSuiteExecutor.execute(TestSuiteExecutor.java:81)
	at com.kms.katalon.core.main.TestCaseMain.startTestSuite(TestCaseMain.java:142)
	at com.kms.katalon.core.main.TestCaseMain$startTestSuite$0.call(Unknown Source)
	at org.codehaus.groovy.runtime.callsite.CallSiteArray.defaultCall(CallSiteArray.java:48)
	at org.codehaus.groovy.runtime.callsite.AbstractCallSite.call(AbstractCallSite.java:113)
	at org.codehaus.groovy.runtime.callsite.AbstractCallSite.call(AbstractCallSite.java:141)
	at TempTestSuite1538428856608.run(TempTestSuite1538428856608.groovy:36)
	at groovy.lang.GroovyShell.runScriptOrMainOrTestOrRunnable(GroovyShell.java:263)
	at groovy.lang.GroovyShell.run(GroovyShell.java:518)
	at groovy.lang.GroovyShell.run(GroovyShell.java:507)
	at groovy.ui.GroovyMain.processOnce(GroovyMain.java:653)
	at groovy.ui.GroovyMain.run(GroovyMain.java:384)
	at groovy.ui.GroovyMain.process(GroovyMain.java:370)
	at groovy.ui.GroovyMain.processArgs(GroovyMain.java:129)
	at groovy.ui.GroovyMain.main(GroovyMain.java:109)
	at sun.reflect.NativeMethodAccessorImpl.invoke0(Native Method)
	at sun.reflect.NativeMethodAccessorImpl.invoke(NativeMethodAccessorImpl.java:62)
	at sun.reflect.DelegatingMethodAccessorImpl.invoke(DelegatingMethodAccessorImpl.java:43)
	at java.lang.reflect.Method.invoke(Method.java:498)
	at org.codehaus.groovy.tools.GroovyStarter.rootLoader(GroovyStarter.java:109)
	at org.codehaus.groovy.tools.GroovyStarter.main(GroovyStarter.java:131)
)

2018-10-01 14:27:21 - [TEST_STEP][NOT_RUN] - callTestCase: NOT_RUN: callTestCase

2018-10-01 14:27:21 - [MESSAGE][NOT_RUN] - NOT_RUN: callTestCase

2018-10-01 14:27:21 - [TEST_STEP][PASSED] - waitForElementClickable: Object 'Object Repository/Page_Beauty Box Subscription for Wo/svg_icon__search' is clickable

2018-10-01 14:27:21 - [MESSAGE][WARNING] - Timeout '0' is invalid. Using default page load timeout: '30'

2018-10-01 14:27:21 - [MESSAGE][PASSED] - Object 'Object Repository/Page_Beauty Box Subscription for Wo/svg_icon__search' is clickable

2018-10-01 14:27:21 - [TEST_STEP][PASSED] - click: Object: 'Object Repository/Page_Beauty Box Subscription for Wo/svg_icon__search' is clicked on

2018-10-01 14:27:21 - [MESSAGE][PASSED] - Object: 'Object Repository/Page_Beauty Box Subscription for Wo/svg_icon__search' is clicked on

2018-10-01 14:27:21 - [TEST_STEP][PASSED] - delay: Delayed 5 second(s)

2018-10-01 14:27:26 - [MESSAGE][PASSED] - Delayed 5 second(s)

2018-10-01 14:27:26 - [TEST_STEP][PASSED] - setText: Text 'purple' is set on object 'Object Repository/Page_Beauty Box Subscription for Wo/input_searchForm__input___2s6r (1)'

2018-10-01 14:27:26 - [MESSAGE][PASSED] - Text 'purple' is set on object 'Object Repository/Page_Beauty Box Subscription for Wo/input_searchForm__input___2s6r (1)'

2018-10-01 14:27:26 - [TEST_STEP][PASSED] - click: Object: 'Object Repository/Page_Beauty Box Subscription for Wo/button_Search (1)' is clicked on

2018-10-01 14:27:26 - [MESSAGE][PASSED] - Object: 'Object Repository/Page_Beauty Box Subscription for Wo/button_Search (1)' is clicked on

2018-10-01 14:27:26 - [TEST_STEP][PASSED] - click: Object: 'Object Repository/Page_Beauty Box Subscription for Wo/a_Montale Dark Purple Eau de P (1)' is clicked on

2018-10-01 14:27:30 - [MESSAGE][PASSED] - Object: 'Object Repository/Page_Beauty Box Subscription for Wo/a_Montale Dark Purple Eau de P (1)' is clicked on

2018-10-01 14:27:30 - [TEST_STEP][PASSED] - delay: Delayed 2 second(s)

2018-10-01 14:27:32 - [MESSAGE][PASSED] - Delayed 2 second(s)

2018-10-01 14:27:32 - [TEST_STEP][PASSED] - waitForElementClickable: Object 'Object Repository/Page_Montale Dark Purple Eau de Par/svg_icon__svg___cc1CR utilitie_1' is clickable

2018-10-01 14:27:32 - [MESSAGE][WARNING] - Timeout '0' is invalid. Using default page load timeout: '30'

2018-10-01 14:27:32 - [MESSAGE][PASSED] - Object 'Object Repository/Page_Montale Dark Purple Eau de Par/svg_icon__svg___cc1CR utilitie_1' is clickable

2018-10-01 14:27:32 - [TEST_STEP][PASSED] - click: Object: 'Object Repository/Page_Montale Dark Purple Eau de Par/svg_icon__svg___cc1CR utilitie_1' is clicked on

2018-10-01 14:27:32 - [MESSAGE][PASSED] - Object: 'Object Repository/Page_Montale Dark Purple Eau de Par/svg_icon__svg___cc1CR utilitie_1' is clicked on

2018-10-01 14:27:32 - [TEST_STEP][PASSED] - delay: Delayed 2 second(s)

2018-10-01 14:27:34 - [MESSAGE][PASSED] - Delayed 2 second(s)

2018-10-01 14:27:34 - [TEST_STEP][PASSED] - Statement - If (com.kms.katalon.core.webui.keyword.WebUiBuiltInKeywords.verifyElementPresent(com.kms.katalon.core.testobject.ObjectRepository.findTestObject(Page_Montale Dark Purple Eau de Par/div_Sign Up), 5, OPTIONAL)): com.kms.katalon.core.webui.exception.WebElementNotFoundException: Web element with id: 'Object Repository/Page_Montale Dark Purple Eau de Par/div_Sign Up' located by 'By.xpath: //div[(text() = 'Sign Up' or . = 'Sign Up')]' not found

2018-10-01 14:27:43 - [MESSAGE][WARNING] - com.kms.katalon.core.webui.exception.WebElementNotFoundException: Web element with id: 'Object Repository/Page_Montale Dark Purple Eau de Par/div_Sign Up' located by 'By.xpath: //div[(text() = 'Sign Up' or . = 'Sign Up')]' not found

2018-10-01 14:27:43 - [TEST_STEP][PASSED] - click: Object: 'Object Repository/Page_Montale Dark Purple Eau de Par/div_listSelector__checkboxUnch' is clicked on

2018-10-01 14:27:43 - [MESSAGE][PASSED] - Object: 'Object Repository/Page_Montale Dark Purple Eau de Par/div_listSelector__checkboxUnch' is clicked on

2018-10-01 14:27:43 - [TEST_STEP][PASSED] - delay: Delayed 5 second(s)

2018-10-01 14:27:48 - [MESSAGE][PASSED] - Delayed 5 second(s)

2018-10-01 14:27:48 - [TEST_STEP][PASSED] - waitForElementClickable: Web element with id: 'Object Repository/Page_Montale Dark Purple Eau de Par/div_Profile_PC browser' located by 'By.xpath: id("root")/div[@class="app__container___1iszn app__containerWithTrimWide___1wGXG app__container___1iszn"]/div[@class="NavBar__OuterDiv-iYytUm jWomxD"]/div[@class="NavBar__ColumnReverse-izFtDU fVIvca"]/div[2]/div[@class="BarWide__BarsDiv-bhiioM gbjKVU"]/div[@class="GutterDiv-uPqzs eAjzvm"]/div[@class="TopBar__StyledJustifiedBar-iKwPAX guzkjv JustifiedBar__OuterDiv-cTCyOC dKaHqT"]/div[@class="JustifiedBar__LeftDiv-ebIrmq gOCzyM"]/div[@class="utilities__relative___1GEg3"]/div[@class="dropdown__control___3i-ai utilities__flexCenterVertical___2nEt- utilities__flexContainer___2sCJV utilities__relative___1GEg3 theme__themeHover___2yDP1 dropdown__controlEvoText___1apmU typography__copy13___2sIAt typography__bold___1hpib utilities__bold___3ltf7 theme__navText___32Qoi utilities__pointer___1ctfY"]/div[@class="dropdown__label____leow"]/div[1]' not found

2018-10-01 14:27:48 - [MESSAGE][WARNING] - Timeout '0' is invalid. Using default page load timeout: '30'

2018-10-01 14:28:21 - [MESSAGE][WARNING] - Web element with id: 'Object Repository/Page_Montale Dark Purple Eau de Par/div_Profile_PC browser' located by 'By.xpath: id("root")/div[@class="app__container___1iszn app__containerWithTrimWide___1wGXG app__container___1iszn"]/div[@class="NavBar__OuterDiv-iYytUm jWomxD"]/div[@class="NavBar__ColumnReverse-izFtDU fVIvca"]/div[2]/div[@class="BarWide__BarsDiv-bhiioM gbjKVU"]/div[@class="GutterDiv-uPqzs eAjzvm"]/div[@class="TopBar__StyledJustifiedBar-iKwPAX guzkjv JustifiedBar__OuterDiv-cTCyOC dKaHqT"]/div[@class="JustifiedBar__LeftDiv-ebIrmq gOCzyM"]/div[@class="utilities__relative___1GEg3"]/div[@class="dropdown__control___3i-ai utilities__flexCenterVertical___2nEt- utilities__flexContainer___2sCJV utilities__relative___1GEg3 theme__themeHover___2yDP1 dropdown__controlEvoText___1apmU typography__copy13___2sIAt typography__bold___1hpib utilities__bold___3ltf7 theme__navText___32Qoi utilities__pointer___1ctfY"]/div[@class="dropdown__label____leow"]/div[1]' not found

2018-10-01 14:28:21 - [TEST_STEP][FAILED] - click: Unable to click on object 'Object Repository/Page_Montale Dark Purple Eau de Par/div_Profile_PC browser' (Root cause: com.kms.katalon.core.webui.exception.WebElementNotFoundException: Web element with id: 'Object Repository/Page_Montale Dark Purple Eau de Par/div_Profile_PC browser' located by 'By.xpath: id("root")/div[@class="app__container___1iszn app__containerWithTrimWide___1wGXG app__container___1iszn"]/div[@class="NavBar__OuterDiv-iYytUm jWomxD"]/div[@class="NavBar__ColumnReverse-izFtDU fVIvca"]/div[2]/div[@class="BarWide__BarsDiv-bhiioM gbjKVU"]/div[@class="GutterDiv-uPqzs eAjzvm"]/div[@class="TopBar__StyledJustifiedBar-iKwPAX guzkjv JustifiedBar__OuterDiv-cTCyOC dKaHqT"]/div[@class="JustifiedBar__LeftDiv-ebIrmq gOCzyM"]/div[@class="utilities__relative___1GEg3"]/div[@class="dropdown__control___3i-ai utilities__flexCenterVertical___2nEt- utilities__flexContainer___2sCJV utilities__relative___1GEg3 theme__themeHover___2yDP1 dropdown__controlEvoText___1apmU typography__copy13___2sIAt typography__bold___1hpib utilities__bold___3ltf7 theme__navText___32Qoi utilities__pointer___1ctfY"]/div[@class="dropdown__label____leow"]/div[1]' not found)

2018-10-01 14:28:53 - [MESSAGE][FAILED] - Unable to click on object 'Object Repository/Page_Montale Dark Purple Eau de Par/div_Profile_PC browser' (Root cause: com.kms.katalon.core.webui.exception.WebElementNotFoundException: Web element with id: 'Object Repository/Page_Montale Dark Purple Eau de Par/div_Profile_PC browser' located by 'By.xpath: id("root")/div[@class="app__container___1iszn app__containerWithTrimWide___1wGXG app__container___1iszn"]/div[@class="NavBar__OuterDiv-iYytUm jWomxD"]/div[@class="NavBar__ColumnReverse-izFtDU fVIvca"]/div[2]/div[@class="BarWide__BarsDiv-bhiioM gbjKVU"]/div[@class="GutterDiv-uPqzs eAjzvm"]/div[@class="TopBar__StyledJustifiedBar-iKwPAX guzkjv JustifiedBar__OuterDiv-cTCyOC dKaHqT"]/div[@class="JustifiedBar__LeftDiv-ebIrmq gOCzyM"]/div[@class="utilities__relative___1GEg3"]/div[@class="dropdown__control___3i-ai utilities__flexCenterVertical___2nEt- utilities__flexContainer___2sCJV utilities__relative___1GEg3 theme__themeHover___2yDP1 dropdown__controlEvoText___1apmU typography__copy13___2sIAt typography__bold___1hpib utilities__bold___3ltf7 theme__navText___32Qoi utilities__pointer___1ctfY"]/div[@class="dropdown__label____leow"]/div[1]' not found)]]></system-out>
         <system-err><![CDATA[2018-10-01 14:27:20 - [TEST_CASE][FAILED] - Test Cases/US PC browser test/Search for a product from the menu and add a product to existing list from within the product page: Test Cases/US PC browser test/Search for a product from the menu and add a product to existing list from within the product page FAILED because (of) (Stack trace: com.kms.katalon.core.exception.StepFailedException: Unable to click on object 'Object Repository/Page_Montale Dark Purple Eau de Par/div_Profile_PC browser' (Root cause: com.kms.katalon.core.webui.exception.WebElementNotFoundException: Web element with id: 'Object Repository/Page_Montale Dark Purple Eau de Par/div_Profile_PC browser' located by 'By.xpath: id("root")/div[@class="app__container___1iszn app__containerWithTrimWide___1wGXG app__container___1iszn"]/div[@class="NavBar__OuterDiv-iYytUm jWomxD"]/div[@class="NavBar__ColumnReverse-izFtDU fVIvca"]/div[2]/div[@class="BarWide__BarsDiv-bhiioM gbjKVU"]/div[@class="GutterDiv-uPqzs eAjzvm"]/div[@class="TopBar__StyledJustifiedBar-iKwPAX guzkjv JustifiedBar__OuterDiv-cTCyOC dKaHqT"]/div[@class="JustifiedBar__LeftDiv-ebIrmq gOCzyM"]/div[@class="utilities__relative___1GEg3"]/div[@class="dropdown__control___3i-ai utilities__flexCenterVertical___2nEt- utilities__flexContainer___2sCJV utilities__relative___1GEg3 theme__themeHover___2yDP1 dropdown__controlEvoText___1apmU typography__copy13___2sIAt typography__bold___1hpib utilities__bold___3ltf7 theme__navText___32Qoi utilities__pointer___1ctfY"]/div[@class="dropdown__label____leow"]/div[1]' not found)
	at com.kms.katalon.core.keyword.internal.KeywordMain.stepFailed(KeywordMain.groovy:36)
	at com.kms.katalon.core.webui.keyword.internal.WebUIKeywordMain.stepFailed(WebUIKeywordMain.groovy:65)
	at com.kms.katalon.core.webui.keyword.internal.WebUIKeywordMain.runKeyword(WebUIKeywordMain.groovy:27)
	at com.kms.katalon.core.webui.keyword.builtin.ClickKeyword.click(ClickKeyword.groovy:86)
	at com.kms.katalon.core.webui.keyword.builtin.ClickKeyword.execute(ClickKeyword.groovy:67)
	at com.kms.katalon.core.keyword.internal.KeywordExecutor.executeKeywordForPlatform(KeywordExecutor.groovy:53)
	at com.kms.katalon.core.webui.keyword.WebUiBuiltInKeywords.click(WebUiBuiltInKeywords.groovy:616)
	at com.kms.katalon.core.webui.keyword.WebUiBuiltInKeywords$click$3.call(Unknown Source)
	at org.codehaus.groovy.runtime.callsite.CallSiteArray.defaultCall(CallSiteArray.java:48)
	at org.codehaus.groovy.runtime.callsite.AbstractCallSite.call(AbstractCallSite.java:113)
	at org.codehaus.groovy.runtime.callsite.AbstractCallSite.call(AbstractCallSite.java:125)
	at Script1536955417674.run(Script1536955417674.groovy:70)
	at com.kms.katalon.core.main.ScriptEngine.run(ScriptEngine.java:183)
	at com.kms.katalon.core.main.ScriptEngine.runScriptAsRawText(ScriptEngine.java:108)
	at com.kms.katalon.core.main.TestCaseExecutor.runScript(TestCaseExecutor.java:294)
	at com.kms.katalon.core.main.TestCaseExecutor.doExecute(TestCaseExecutor.java:285)
	at com.kms.katalon.core.main.TestCaseExecutor.processExecutionPhase(TestCaseExecutor.java:264)
	at com.kms.katalon.core.main.TestCaseExecutor.accessMainPhase(TestCaseExecutor.java:256)
	at com.kms.katalon.core.main.TestCaseExecutor.execute(TestCaseExecutor.java:200)
	at com.kms.katalon.core.main.TestSuiteExecutor.accessTestCaseMainPhase(TestSuiteExecutor.java:129)
	at com.kms.katalon.core.main.TestSuiteExecutor.accessTestSuiteMainPhase(TestSuiteExecutor.java:112)
	at com.kms.katalon.core.main.TestSuiteExecutor.execute(TestSuiteExecutor.java:81)
	at com.kms.katalon.core.main.TestCaseMain.startTestSuite(TestCaseMain.java:142)
	at com.kms.katalon.core.main.TestCaseMain$startTestSuite$0.call(Unknown Source)
	at org.codehaus.groovy.runtime.callsite.CallSiteArray.defaultCall(CallSiteArray.java:48)
	at org.codehaus.groovy.runtime.callsite.AbstractCallSite.call(AbstractCallSite.java:113)
	at org.codehaus.groovy.runtime.callsite.AbstractCallSite.call(AbstractCallSite.java:141)
	at TempTestSuite1538428856608.run(TempTestSuite1538428856608.groovy:36)
	at groovy.lang.GroovyShell.runScriptOrMainOrTestOrRunnable(GroovyShell.java:263)
	at groovy.lang.GroovyShell.run(GroovyShell.java:518)
	at groovy.lang.GroovyShell.run(GroovyShell.java:507)
	at groovy.ui.GroovyMain.processOnce(GroovyMain.java:653)
	at groovy.ui.GroovyMain.run(GroovyMain.java:384)
	at groovy.ui.GroovyMain.process(GroovyMain.java:370)
	at groovy.ui.GroovyMain.processArgs(GroovyMain.java:129)
	at groovy.ui.GroovyMain.main(GroovyMain.java:109)
	at sun.reflect.NativeMethodAccessorImpl.invoke0(Native Method)
	at sun.reflect.NativeMethodAccessorImpl.invoke(NativeMethodAccessorImpl.java:62)
	at sun.reflect.DelegatingMethodAccessorImpl.invoke(DelegatingMethodAccessorImpl.java:43)
	at java.lang.reflect.Method.invoke(Method.java:498)
	at org.codehaus.groovy.tools.GroovyStarter.rootLoader(GroovyStarter.java:109)
	at org.codehaus.groovy.tools.GroovyStarter.main(GroovyStarter.java:131)
)]]></system-err>
      </testcase>
      <testcase name="Test Cases/US PC browser test/Tap Men or Women tab" classname="Test Cases/US PC browser test/Tap Men or Women tab" status="PASSED">
         <system-out><![CDATA[2018-10-01 14:28:53 - [TEST_CASE][PASSED] - Test Cases/US PC browser test/Tap Men or Women tab: Test Cases/US PC browser test/Tap Men or Women tab

2018-10-01 14:28:53 - [TEST_STEP][NOT_RUN] - callTestCase: NOT_RUN: callTestCase

2018-10-01 14:28:53 - [MESSAGE][NOT_RUN] - NOT_RUN: callTestCase

2018-10-01 14:28:53 - [TEST_STEP][PASSED] - navigateToUrl: Navigate to 'https://www.staging.birchbox.com/' successfully

2018-10-01 14:28:54 - [MESSAGE][PASSED] - Navigate to 'https://www.staging.birchbox.com/' successfully

2018-10-01 14:28:54 - [TEST_STEP][PASSED] - click: Object: 'Object Repository/Page_Beauty Box Subscription for Wo/a_Visit Birchbox Grooming' is clicked on

2018-10-01 14:28:58 - [MESSAGE][PASSED] - Object: 'Object Repository/Page_Beauty Box Subscription for Wo/a_Visit Birchbox Grooming' is clicked on

2018-10-01 14:28:58 - [TEST_STEP][PASSED] - delay: Delayed 2 second(s)

2018-10-01 14:29:00 - [MESSAGE][PASSED] - Delayed 2 second(s)

2018-10-01 14:29:00 - [TEST_STEP][PASSED] - waitForPageLoad: Wait for page load successfully

2018-10-01 14:29:00 - [MESSAGE][WARNING] - Timeout '0' is invalid. Using default page load timeout: '30'

2018-10-01 14:29:00 - [MESSAGE][PASSED] - Wait for page load successfully

2018-10-01 14:29:00 - [TEST_STEP][PASSED] - click: Object: 'Object Repository/Page_Beauty Box Subscription for Wo/a_Visit Birchbox Beauty' is clicked on

2018-10-01 14:29:01 - [MESSAGE][PASSED] - Object: 'Object Repository/Page_Beauty Box Subscription for Wo/a_Visit Birchbox Beauty' is clicked on

2018-10-01 14:29:01 - [TEST_STEP][NOT_RUN] - delay: NOT_RUN: delay

2018-10-01 14:29:01 - [MESSAGE][NOT_RUN] - NOT_RUN: delay

2018-10-01 14:29:01 - [TEST_STEP][NOT_RUN] - waitForElementVisible: NOT_RUN: waitForElementVisible

2018-10-01 14:29:01 - [MESSAGE][NOT_RUN] - NOT_RUN: waitForElementVisible

2018-10-01 14:29:01 - [TEST_STEP][NOT_RUN] - click: NOT_RUN: click

2018-10-01 14:29:01 - [MESSAGE][NOT_RUN] - NOT_RUN: click]]></system-out>
         <system-err><![CDATA[]]></system-err>
      </testcase>
      <testcase name="Test Cases/US PC browser test/Tap the heart icon for a product and uncheck the item from a list" classname="Test Cases/US PC browser test/Tap the heart icon for a product and uncheck the item from a list" status="FAILED">
         <failure type="FAILED" message="(Stack trace: com.kms.katalon.core.exception.StepFailedException: Unable to click on object 'Object Repository/Page_Beauty Protector Protect  Deta/div_Profile_PC browser' (Root cause: com.kms.katalon.core.webui.exception.WebElementNotFoundException: Web element with id: 'Object Repository/Page_Beauty Protector Protect  Deta/div_Profile_PC browser' located by 'By.xpath: id(&quot;root&quot;)/div[@class=&quot;app__container___1iszn app__containerWithTrimWide___1wGXG app__container___1iszn&quot;]/div[@class=&quot;NavBar__OuterDiv-iYytUm jWomxD&quot;]/div[@class=&quot;NavBar__ColumnReverse-izFtDU fVIvca&quot;]/div[2]/div[@class=&quot;BarWide__BarsDiv-bhiioM gbjKVU&quot;]/div[@class=&quot;GutterDiv-uPqzs eAjzvm&quot;]/div[@class=&quot;TopBar__StyledJustifiedBar-iKwPAX guzkjv JustifiedBar__OuterDiv-cTCyOC dKaHqT&quot;]/div[@class=&quot;JustifiedBar__LeftDiv-ebIrmq gOCzyM&quot;]/div[@class=&quot;utilities__relative___1GEg3&quot;]/div[@class=&quot;dropdown__control___3i-ai utilities__flexCenterVertical___2nEt- utilities__flexContainer___2sCJV utilities__relative___1GEg3 theme__themeHover___2yDP1 dropdown__controlEvoText___1apmU typography__copy13___2sIAt typography__bold___1hpib utilities__bold___3ltf7 theme__navText___32Qoi utilities__pointer___1ctfY&quot;]' not found)
	at com.kms.katalon.core.keyword.internal.KeywordMain.stepFailed(KeywordMain.groovy:36)
	at com.kms.katalon.core.webui.keyword.internal.WebUIKeywordMain.stepFailed(WebUIKeywordMain.groovy:65)
	at com.kms.katalon.core.webui.keyword.internal.WebUIKeywordMain.runKeyword(WebUIKeywordMain.groovy:27)
	at com.kms.katalon.core.webui.keyword.builtin.ClickKeyword.click(ClickKeyword.groovy:86)
	at com.kms.katalon.core.webui.keyword.builtin.ClickKeyword.execute(ClickKeyword.groovy:67)
	at com.kms.katalon.core.keyword.internal.KeywordExecutor.executeKeywordForPlatform(KeywordExecutor.groovy:53)
	at com.kms.katalon.core.webui.keyword.WebUiBuiltInKeywords.click(WebUiBuiltInKeywords.groovy:616)
	at com.kms.katalon.core.webui.keyword.WebUiBuiltInKeywords$click$3.call(Unknown Source)
	at org.codehaus.groovy.runtime.callsite.CallSiteArray.defaultCall(CallSiteArray.java:48)
	at org.codehaus.groovy.runtime.callsite.AbstractCallSite.call(AbstractCallSite.java:113)
	at org.codehaus.groovy.runtime.callsite.AbstractCallSite.call(AbstractCallSite.java:125)
	at Script1536956833814.run(Script1536956833814.groovy:103)
	at com.kms.katalon.core.main.ScriptEngine.run(ScriptEngine.java:183)
	at com.kms.katalon.core.main.ScriptEngine.runScriptAsRawText(ScriptEngine.java:108)
	at com.kms.katalon.core.main.TestCaseExecutor.runScript(TestCaseExecutor.java:294)
	at com.kms.katalon.core.main.TestCaseExecutor.doExecute(TestCaseExecutor.java:285)
	at com.kms.katalon.core.main.TestCaseExecutor.processExecutionPhase(TestCaseExecutor.java:264)
	at com.kms.katalon.core.main.TestCaseExecutor.accessMainPhase(TestCaseExecutor.java:256)
	at com.kms.katalon.core.main.TestCaseExecutor.execute(TestCaseExecutor.java:200)
	at com.kms.katalon.core.main.TestSuiteExecutor.accessTestCaseMainPhase(TestSuiteExecutor.java:129)
	at com.kms.katalon.core.main.TestSuiteExecutor.accessTestSuiteMainPhase(TestSuiteExecutor.java:112)
	at com.kms.katalon.core.main.TestSuiteExecutor.execute(TestSuiteExecutor.java:81)
	at com.kms.katalon.core.main.TestCaseMain.startTestSuite(TestCaseMain.java:142)
	at com.kms.katalon.core.main.TestCaseMain$startTestSuite$0.call(Unknown Source)
	at org.codehaus.groovy.runtime.callsite.CallSiteArray.defaultCall(CallSiteArray.java:48)
	at org.codehaus.groovy.runtime.callsite.AbstractCallSite.call(AbstractCallSite.java:113)
	at org.codehaus.groovy.runtime.callsite.AbstractCallSite.call(AbstractCallSite.java:141)
	at TempTestSuite1538428856608.run(TempTestSuite1538428856608.groovy:36)
	at groovy.lang.GroovyShell.runScriptOrMainOrTestOrRunnable(GroovyShell.java:263)
	at groovy.lang.GroovyShell.run(GroovyShell.java:518)
	at groovy.lang.GroovyShell.run(GroovyShell.java:507)
	at groovy.ui.GroovyMain.processOnce(GroovyMain.java:653)
	at groovy.ui.GroovyMain.run(GroovyMain.java:384)
	at groovy.ui.GroovyMain.process(GroovyMain.java:370)
	at groovy.ui.GroovyMain.processArgs(GroovyMain.java:129)
	at groovy.ui.GroovyMain.main(GroovyMain.java:109)
	at sun.reflect.NativeMethodAccessorImpl.invoke0(Native Method)
	at sun.reflect.NativeMethodAccessorImpl.invoke(NativeMethodAccessorImpl.java:62)
	at sun.reflect.DelegatingMethodAccessorImpl.invoke(DelegatingMethodAccessorImpl.java:43)
	at java.lang.reflect.Method.invoke(Method.java:498)
	at org.codehaus.groovy.tools.GroovyStarter.rootLoader(GroovyStarter.java:109)
	at org.codehaus.groovy.tools.GroovyStarter.main(GroovyStarter.java:131)
)"/>
         <system-out><![CDATA[2018-10-01 14:29:01 - [TEST_CASE][FAILED] - Test Cases/US PC browser test/Tap the heart icon for a product and uncheck the item from a list: Test Cases/US PC browser test/Tap the heart icon for a product and uncheck the item from a list FAILED because (of) (Stack trace: com.kms.katalon.core.exception.StepFailedException: Unable to click on object 'Object Repository/Page_Beauty Protector Protect  Deta/div_Profile_PC browser' (Root cause: com.kms.katalon.core.webui.exception.WebElementNotFoundException: Web element with id: 'Object Repository/Page_Beauty Protector Protect  Deta/div_Profile_PC browser' located by 'By.xpath: id("root")/div[@class="app__container___1iszn app__containerWithTrimWide___1wGXG app__container___1iszn"]/div[@class="NavBar__OuterDiv-iYytUm jWomxD"]/div[@class="NavBar__ColumnReverse-izFtDU fVIvca"]/div[2]/div[@class="BarWide__BarsDiv-bhiioM gbjKVU"]/div[@class="GutterDiv-uPqzs eAjzvm"]/div[@class="TopBar__StyledJustifiedBar-iKwPAX guzkjv JustifiedBar__OuterDiv-cTCyOC dKaHqT"]/div[@class="JustifiedBar__LeftDiv-ebIrmq gOCzyM"]/div[@class="utilities__relative___1GEg3"]/div[@class="dropdown__control___3i-ai utilities__flexCenterVertical___2nEt- utilities__flexContainer___2sCJV utilities__relative___1GEg3 theme__themeHover___2yDP1 dropdown__controlEvoText___1apmU typography__copy13___2sIAt typography__bold___1hpib utilities__bold___3ltf7 theme__navText___32Qoi utilities__pointer___1ctfY"]' not found)
	at com.kms.katalon.core.keyword.internal.KeywordMain.stepFailed(KeywordMain.groovy:36)
	at com.kms.katalon.core.webui.keyword.internal.WebUIKeywordMain.stepFailed(WebUIKeywordMain.groovy:65)
	at com.kms.katalon.core.webui.keyword.internal.WebUIKeywordMain.runKeyword(WebUIKeywordMain.groovy:27)
	at com.kms.katalon.core.webui.keyword.builtin.ClickKeyword.click(ClickKeyword.groovy:86)
	at com.kms.katalon.core.webui.keyword.builtin.ClickKeyword.execute(ClickKeyword.groovy:67)
	at com.kms.katalon.core.keyword.internal.KeywordExecutor.executeKeywordForPlatform(KeywordExecutor.groovy:53)
	at com.kms.katalon.core.webui.keyword.WebUiBuiltInKeywords.click(WebUiBuiltInKeywords.groovy:616)
	at com.kms.katalon.core.webui.keyword.WebUiBuiltInKeywords$click$3.call(Unknown Source)
	at org.codehaus.groovy.runtime.callsite.CallSiteArray.defaultCall(CallSiteArray.java:48)
	at org.codehaus.groovy.runtime.callsite.AbstractCallSite.call(AbstractCallSite.java:113)
	at org.codehaus.groovy.runtime.callsite.AbstractCallSite.call(AbstractCallSite.java:125)
	at Script1536956833814.run(Script1536956833814.groovy:103)
	at com.kms.katalon.core.main.ScriptEngine.run(ScriptEngine.java:183)
	at com.kms.katalon.core.main.ScriptEngine.runScriptAsRawText(ScriptEngine.java:108)
	at com.kms.katalon.core.main.TestCaseExecutor.runScript(TestCaseExecutor.java:294)
	at com.kms.katalon.core.main.TestCaseExecutor.doExecute(TestCaseExecutor.java:285)
	at com.kms.katalon.core.main.TestCaseExecutor.processExecutionPhase(TestCaseExecutor.java:264)
	at com.kms.katalon.core.main.TestCaseExecutor.accessMainPhase(TestCaseExecutor.java:256)
	at com.kms.katalon.core.main.TestCaseExecutor.execute(TestCaseExecutor.java:200)
	at com.kms.katalon.core.main.TestSuiteExecutor.accessTestCaseMainPhase(TestSuiteExecutor.java:129)
	at com.kms.katalon.core.main.TestSuiteExecutor.accessTestSuiteMainPhase(TestSuiteExecutor.java:112)
	at com.kms.katalon.core.main.TestSuiteExecutor.execute(TestSuiteExecutor.java:81)
	at com.kms.katalon.core.main.TestCaseMain.startTestSuite(TestCaseMain.java:142)
	at com.kms.katalon.core.main.TestCaseMain$startTestSuite$0.call(Unknown Source)
	at org.codehaus.groovy.runtime.callsite.CallSiteArray.defaultCall(CallSiteArray.java:48)
	at org.codehaus.groovy.runtime.callsite.AbstractCallSite.call(AbstractCallSite.java:113)
	at org.codehaus.groovy.runtime.callsite.AbstractCallSite.call(AbstractCallSite.java:141)
	at TempTestSuite1538428856608.run(TempTestSuite1538428856608.groovy:36)
	at groovy.lang.GroovyShell.runScriptOrMainOrTestOrRunnable(GroovyShell.java:263)
	at groovy.lang.GroovyShell.run(GroovyShell.java:518)
	at groovy.lang.GroovyShell.run(GroovyShell.java:507)
	at groovy.ui.GroovyMain.processOnce(GroovyMain.java:653)
	at groovy.ui.GroovyMain.run(GroovyMain.java:384)
	at groovy.ui.GroovyMain.process(GroovyMain.java:370)
	at groovy.ui.GroovyMain.processArgs(GroovyMain.java:129)
	at groovy.ui.GroovyMain.main(GroovyMain.java:109)
	at sun.reflect.NativeMethodAccessorImpl.invoke0(Native Method)
	at sun.reflect.NativeMethodAccessorImpl.invoke(NativeMethodAccessorImpl.java:62)
	at sun.reflect.DelegatingMethodAccessorImpl.invoke(DelegatingMethodAccessorImpl.java:43)
	at java.lang.reflect.Method.invoke(Method.java:498)
	at org.codehaus.groovy.tools.GroovyStarter.rootLoader(GroovyStarter.java:109)
	at org.codehaus.groovy.tools.GroovyStarter.main(GroovyStarter.java:131)
)

2018-10-01 14:29:01 - [TEST_STEP][NOT_RUN] - callTestCase: NOT_RUN: callTestCase

2018-10-01 14:29:01 - [MESSAGE][NOT_RUN] - NOT_RUN: callTestCase

2018-10-01 14:29:01 - [TEST_STEP][PASSED] - delay: Delayed 4 second(s)

2018-10-01 14:29:05 - [MESSAGE][PASSED] - Delayed 4 second(s)

2018-10-01 14:29:05 - [TEST_STEP][PASSED] - waitForElementClickable: Object 'Object Repository/Page_Beauty Box Subscription for Wo/div_Collections (2)' is clickable

2018-10-01 14:29:05 - [MESSAGE][WARNING] - Timeout '0' is invalid. Using default page load timeout: '30'

2018-10-01 14:29:05 - [MESSAGE][PASSED] - Object 'Object Repository/Page_Beauty Box Subscription for Wo/div_Collections (2)' is clickable

2018-10-01 14:29:05 - [TEST_STEP][PASSED] - click: Object: 'Object Repository/Page_Beauty Box Subscription for Wo/div_Collections (2)' is clicked on

2018-10-01 14:29:06 - [MESSAGE][PASSED] - Object: 'Object Repository/Page_Beauty Box Subscription for Wo/div_Collections (2)' is clicked on

2018-10-01 14:29:06 - [TEST_STEP][PASSED] - delay: Delayed 2 second(s)

2018-10-01 14:29:08 - [MESSAGE][PASSED] - Delayed 2 second(s)

2018-10-01 14:29:08 - [TEST_STEP][PASSED] - waitForElementClickable: Object 'Object Repository/Page_Beauty Box Subscription for Wo/div_Birchbox Exclusives' is clickable

2018-10-01 14:29:08 - [MESSAGE][WARNING] - Timeout '0' is invalid. Using default page load timeout: '30'

2018-10-01 14:29:08 - [MESSAGE][PASSED] - Object 'Object Repository/Page_Beauty Box Subscription for Wo/div_Birchbox Exclusives' is clickable

2018-10-01 14:29:08 - [TEST_STEP][PASSED] - click: Object: 'Object Repository/Page_Beauty Box Subscription for Wo/div_Birchbox Exclusives' is clicked on

2018-10-01 14:29:08 - [MESSAGE][PASSED] - Object: 'Object Repository/Page_Beauty Box Subscription for Wo/div_Birchbox Exclusives' is clicked on

2018-10-01 14:29:08 - [TEST_STEP][PASSED] - delay: Delayed 2 second(s)

2018-10-01 14:29:10 - [MESSAGE][PASSED] - Delayed 2 second(s)

2018-10-01 14:29:10 - [TEST_STEP][PASSED] - comment: The product displays in different places on the page depending on if the test case is run solo or as part of a suite, so the scrolling below is necessary to find it

2018-10-01 14:29:10 - [TEST_STEP][PASSED] - scrollToPosition: Browser is scrolled to position x = 0, y = 1000

2018-10-01 14:29:10 - [MESSAGE][PASSED] - Browser is scrolled to position x = 0, y = 1000

2018-10-01 14:29:10 - [TEST_STEP][PASSED] - delay: Delayed 2 second(s)

2018-10-01 14:29:12 - [MESSAGE][PASSED] - Delayed 2 second(s)

2018-10-01 14:29:12 - [TEST_STEP][PASSED] - scrollToPosition: Browser is scrolled to position x = 0, y = 2000

2018-10-01 14:29:12 - [MESSAGE][PASSED] - Browser is scrolled to position x = 0, y = 2000

2018-10-01 14:29:12 - [TEST_STEP][PASSED] - delay: Delayed 2 second(s)

2018-10-01 14:29:14 - [MESSAGE][PASSED] - Delayed 2 second(s)

2018-10-01 14:29:14 - [TEST_STEP][PASSED] - scrollToPosition: Browser is scrolled to position x = 0, y = 500

2018-10-01 14:29:14 - [MESSAGE][PASSED] - Browser is scrolled to position x = 0, y = 500

2018-10-01 14:29:14 - [TEST_STEP][PASSED] - delay: Delayed 2 second(s)

2018-10-01 14:29:16 - [MESSAGE][PASSED] - Delayed 2 second(s)

2018-10-01 14:29:16 - [TEST_STEP][PASSED] - scrollToElement: Scroll to object 'Object Repository/Page_Shop Birchbox Exclusives/img_image__absolute___Beauty Protector image' successfully

2018-10-01 14:29:16 - [MESSAGE][WARNING] - Timeout '0' is invalid. Using default page load timeout: '30'

2018-10-01 14:29:16 - [MESSAGE][PASSED] - Scroll to object 'Object Repository/Page_Shop Birchbox Exclusives/img_image__absolute___Beauty Protector image' successfully

2018-10-01 14:29:16 - [TEST_STEP][PASSED] - click: Object: 'Object Repository/Page_Shop Birchbox Exclusives/img_image__absolute___Beauty Protector image' is clicked on

2018-10-01 14:29:17 - [MESSAGE][PASSED] - Object: 'Object Repository/Page_Shop Birchbox Exclusives/img_image__absolute___Beauty Protector image' is clicked on

2018-10-01 14:29:17 - [TEST_STEP][PASSED] - delay: Delayed 2 second(s)

2018-10-01 14:29:19 - [MESSAGE][PASSED] - Delayed 2 second(s)

2018-10-01 14:29:19 - [TEST_STEP][PASSED] - waitForElementClickable: Object 'Object Repository/Page_Beauty Protector Protect  Deta/svg_favorite_icon' is clickable

2018-10-01 14:29:19 - [MESSAGE][WARNING] - Timeout '0' is invalid. Using default page load timeout: '30'

2018-10-01 14:29:19 - [MESSAGE][PASSED] - Object 'Object Repository/Page_Beauty Protector Protect  Deta/svg_favorite_icon' is clickable

2018-10-01 14:29:19 - [TEST_STEP][PASSED] - click: Object: 'Object Repository/Page_Beauty Protector Protect  Deta/svg_favorite_icon' is clicked on

2018-10-01 14:29:19 - [MESSAGE][PASSED] - Object: 'Object Repository/Page_Beauty Protector Protect  Deta/svg_favorite_icon' is clicked on

2018-10-01 14:29:19 - [TEST_STEP][PASSED] - delay: Delayed 5 second(s)

2018-10-01 14:29:24 - [MESSAGE][PASSED] - Delayed 5 second(s)

2018-10-01 14:29:24 - [TEST_STEP][PASSED] - Statement - If (com.kms.katalon.core.webui.keyword.WebUiBuiltInKeywords.verifyElementPresent(com.kms.katalon.core.testobject.ObjectRepository.findTestObject(Page_Beauty Box Subscription for Wo/div_Email Address (3)), 5, OPTIONAL)): com.kms.katalon.core.webui.exception.WebElementNotFoundException: Web element with id: 'Object Repository/Page_Beauty Box Subscription for Wo/div_Email Address (3)' located by 'By.xpath: //div[(text() = 'Email Address' or . = 'Email Address')]' not found

2018-10-01 14:29:31 - [MESSAGE][WARNING] - com.kms.katalon.core.webui.exception.WebElementNotFoundException: Web element with id: 'Object Repository/Page_Beauty Box Subscription for Wo/div_Email Address (3)' located by 'By.xpath: //div[(text() = 'Email Address' or . = 'Email Address')]' not found

2018-10-01 14:29:31 - [TEST_STEP][PASSED] - delay: Delayed 2 second(s)

2018-10-01 14:29:33 - [MESSAGE][PASSED] - Delayed 2 second(s)

2018-10-01 14:29:33 - [TEST_STEP][PASSED] - verifyElementClickable: Object 'Object Repository/Page_Beauty Protector Protect  Deta/div_Favorites_listSelector__PC browser' is clickable

2018-10-01 14:29:33 - [MESSAGE][PASSED] - Object 'Object Repository/Page_Beauty Protector Protect  Deta/div_Favorites_listSelector__PC browser' is clickable

2018-10-01 14:29:33 - [TEST_STEP][PASSED] - click: Object: 'Object Repository/Page_Beauty Protector Protect  Deta/div_Favorites_listSelector__PC browser' is clicked on

2018-10-01 14:29:34 - [MESSAGE][PASSED] - Object: 'Object Repository/Page_Beauty Protector Protect  Deta/div_Favorites_listSelector__PC browser' is clicked on

2018-10-01 14:29:34 - [TEST_STEP][NOT_RUN] - setText: NOT_RUN: setText

2018-10-01 14:29:34 - [MESSAGE][NOT_RUN] - NOT_RUN: setText

2018-10-01 14:29:34 - [TEST_STEP][NOT_RUN] - setEncryptedText: NOT_RUN: setEncryptedText

2018-10-01 14:29:34 - [MESSAGE][NOT_RUN] - NOT_RUN: setEncryptedText

2018-10-01 14:29:34 - [TEST_STEP][NOT_RUN] - click: NOT_RUN: click

2018-10-01 14:29:34 - [MESSAGE][NOT_RUN] - NOT_RUN: click

2018-10-01 14:29:34 - [TEST_STEP][NOT_RUN] - click: NOT_RUN: click

2018-10-01 14:29:34 - [MESSAGE][NOT_RUN] - NOT_RUN: click

2018-10-01 14:29:34 - [TEST_STEP][NOT_RUN] - delay: NOT_RUN: delay

2018-10-01 14:29:34 - [MESSAGE][NOT_RUN] - NOT_RUN: delay

2018-10-01 14:29:34 - [TEST_STEP][NOT_RUN] - waitForElementClickable: NOT_RUN: waitForElementClickable

2018-10-01 14:29:34 - [MESSAGE][NOT_RUN] - NOT_RUN: waitForElementClickable

2018-10-01 14:29:34 - [TEST_STEP][PASSED] - click: Object: 'Object Repository/Page_Beauty Protector Protect  Deta/div_Add to a List_dialog__close_PC browser' is clicked on

2018-10-01 14:29:34 - [MESSAGE][PASSED] - Object: 'Object Repository/Page_Beauty Protector Protect  Deta/div_Add to a List_dialog__close_PC browser' is clicked on

2018-10-01 14:29:34 - [TEST_STEP][PASSED] - delay: Delayed 2 second(s)

2018-10-01 14:29:36 - [MESSAGE][PASSED] - Delayed 2 second(s)

2018-10-01 14:29:36 - [TEST_STEP][PASSED] - waitForElementClickable: Web element with id: 'Object Repository/Page_Beauty Protector Protect  Deta/div_Profile_PC browser' located by 'By.xpath: id("root")/div[@class="app__container___1iszn app__containerWithTrimWide___1wGXG app__container___1iszn"]/div[@class="NavBar__OuterDiv-iYytUm jWomxD"]/div[@class="NavBar__ColumnReverse-izFtDU fVIvca"]/div[2]/div[@class="BarWide__BarsDiv-bhiioM gbjKVU"]/div[@class="GutterDiv-uPqzs eAjzvm"]/div[@class="TopBar__StyledJustifiedBar-iKwPAX guzkjv JustifiedBar__OuterDiv-cTCyOC dKaHqT"]/div[@class="JustifiedBar__LeftDiv-ebIrmq gOCzyM"]/div[@class="utilities__relative___1GEg3"]/div[@class="dropdown__control___3i-ai utilities__flexCenterVertical___2nEt- utilities__flexContainer___2sCJV utilities__relative___1GEg3 theme__themeHover___2yDP1 dropdown__controlEvoText___1apmU typography__copy13___2sIAt typography__bold___1hpib utilities__bold___3ltf7 theme__navText___32Qoi utilities__pointer___1ctfY"]' not found

2018-10-01 14:29:36 - [MESSAGE][WARNING] - Timeout '0' is invalid. Using default page load timeout: '30'

2018-10-01 14:30:11 - [MESSAGE][WARNING] - Web element with id: 'Object Repository/Page_Beauty Protector Protect  Deta/div_Profile_PC browser' located by 'By.xpath: id("root")/div[@class="app__container___1iszn app__containerWithTrimWide___1wGXG app__container___1iszn"]/div[@class="NavBar__OuterDiv-iYytUm jWomxD"]/div[@class="NavBar__ColumnReverse-izFtDU fVIvca"]/div[2]/div[@class="BarWide__BarsDiv-bhiioM gbjKVU"]/div[@class="GutterDiv-uPqzs eAjzvm"]/div[@class="TopBar__StyledJustifiedBar-iKwPAX guzkjv JustifiedBar__OuterDiv-cTCyOC dKaHqT"]/div[@class="JustifiedBar__LeftDiv-ebIrmq gOCzyM"]/div[@class="utilities__relative___1GEg3"]/div[@class="dropdown__control___3i-ai utilities__flexCenterVertical___2nEt- utilities__flexContainer___2sCJV utilities__relative___1GEg3 theme__themeHover___2yDP1 dropdown__controlEvoText___1apmU typography__copy13___2sIAt typography__bold___1hpib utilities__bold___3ltf7 theme__navText___32Qoi utilities__pointer___1ctfY"]' not found

2018-10-01 14:30:11 - [TEST_STEP][FAILED] - click: Unable to click on object 'Object Repository/Page_Beauty Protector Protect  Deta/div_Profile_PC browser' (Root cause: com.kms.katalon.core.webui.exception.WebElementNotFoundException: Web element with id: 'Object Repository/Page_Beauty Protector Protect  Deta/div_Profile_PC browser' located by 'By.xpath: id("root")/div[@class="app__container___1iszn app__containerWithTrimWide___1wGXG app__container___1iszn"]/div[@class="NavBar__OuterDiv-iYytUm jWomxD"]/div[@class="NavBar__ColumnReverse-izFtDU fVIvca"]/div[2]/div[@class="BarWide__BarsDiv-bhiioM gbjKVU"]/div[@class="GutterDiv-uPqzs eAjzvm"]/div[@class="TopBar__StyledJustifiedBar-iKwPAX guzkjv JustifiedBar__OuterDiv-cTCyOC dKaHqT"]/div[@class="JustifiedBar__LeftDiv-ebIrmq gOCzyM"]/div[@class="utilities__relative___1GEg3"]/div[@class="dropdown__control___3i-ai utilities__flexCenterVertical___2nEt- utilities__flexContainer___2sCJV utilities__relative___1GEg3 theme__themeHover___2yDP1 dropdown__controlEvoText___1apmU typography__copy13___2sIAt typography__bold___1hpib utilities__bold___3ltf7 theme__navText___32Qoi utilities__pointer___1ctfY"]' not found)

2018-10-01 14:30:46 - [MESSAGE][FAILED] - Unable to click on object 'Object Repository/Page_Beauty Protector Protect  Deta/div_Profile_PC browser' (Root cause: com.kms.katalon.core.webui.exception.WebElementNotFoundException: Web element with id: 'Object Repository/Page_Beauty Protector Protect  Deta/div_Profile_PC browser' located by 'By.xpath: id("root")/div[@class="app__container___1iszn app__containerWithTrimWide___1wGXG app__container___1iszn"]/div[@class="NavBar__OuterDiv-iYytUm jWomxD"]/div[@class="NavBar__ColumnReverse-izFtDU fVIvca"]/div[2]/div[@class="BarWide__BarsDiv-bhiioM gbjKVU"]/div[@class="GutterDiv-uPqzs eAjzvm"]/div[@class="TopBar__StyledJustifiedBar-iKwPAX guzkjv JustifiedBar__OuterDiv-cTCyOC dKaHqT"]/div[@class="JustifiedBar__LeftDiv-ebIrmq gOCzyM"]/div[@class="utilities__relative___1GEg3"]/div[@class="dropdown__control___3i-ai utilities__flexCenterVertical___2nEt- utilities__flexContainer___2sCJV utilities__relative___1GEg3 theme__themeHover___2yDP1 dropdown__controlEvoText___1apmU typography__copy13___2sIAt typography__bold___1hpib utilities__bold___3ltf7 theme__navText___32Qoi utilities__pointer___1ctfY"]' not found)]]></system-out>
         <system-err><![CDATA[2018-10-01 14:29:01 - [TEST_CASE][FAILED] - Test Cases/US PC browser test/Tap the heart icon for a product and uncheck the item from a list: Test Cases/US PC browser test/Tap the heart icon for a product and uncheck the item from a list FAILED because (of) (Stack trace: com.kms.katalon.core.exception.StepFailedException: Unable to click on object 'Object Repository/Page_Beauty Protector Protect  Deta/div_Profile_PC browser' (Root cause: com.kms.katalon.core.webui.exception.WebElementNotFoundException: Web element with id: 'Object Repository/Page_Beauty Protector Protect  Deta/div_Profile_PC browser' located by 'By.xpath: id("root")/div[@class="app__container___1iszn app__containerWithTrimWide___1wGXG app__container___1iszn"]/div[@class="NavBar__OuterDiv-iYytUm jWomxD"]/div[@class="NavBar__ColumnReverse-izFtDU fVIvca"]/div[2]/div[@class="BarWide__BarsDiv-bhiioM gbjKVU"]/div[@class="GutterDiv-uPqzs eAjzvm"]/div[@class="TopBar__StyledJustifiedBar-iKwPAX guzkjv JustifiedBar__OuterDiv-cTCyOC dKaHqT"]/div[@class="JustifiedBar__LeftDiv-ebIrmq gOCzyM"]/div[@class="utilities__relative___1GEg3"]/div[@class="dropdown__control___3i-ai utilities__flexCenterVertical___2nEt- utilities__flexContainer___2sCJV utilities__relative___1GEg3 theme__themeHover___2yDP1 dropdown__controlEvoText___1apmU typography__copy13___2sIAt typography__bold___1hpib utilities__bold___3ltf7 theme__navText___32Qoi utilities__pointer___1ctfY"]' not found)
	at com.kms.katalon.core.keyword.internal.KeywordMain.stepFailed(KeywordMain.groovy:36)
	at com.kms.katalon.core.webui.keyword.internal.WebUIKeywordMain.stepFailed(WebUIKeywordMain.groovy:65)
	at com.kms.katalon.core.webui.keyword.internal.WebUIKeywordMain.runKeyword(WebUIKeywordMain.groovy:27)
	at com.kms.katalon.core.webui.keyword.builtin.ClickKeyword.click(ClickKeyword.groovy:86)
	at com.kms.katalon.core.webui.keyword.builtin.ClickKeyword.execute(ClickKeyword.groovy:67)
	at com.kms.katalon.core.keyword.internal.KeywordExecutor.executeKeywordForPlatform(KeywordExecutor.groovy:53)
	at com.kms.katalon.core.webui.keyword.WebUiBuiltInKeywords.click(WebUiBuiltInKeywords.groovy:616)
	at com.kms.katalon.core.webui.keyword.WebUiBuiltInKeywords$click$3.call(Unknown Source)
	at org.codehaus.groovy.runtime.callsite.CallSiteArray.defaultCall(CallSiteArray.java:48)
	at org.codehaus.groovy.runtime.callsite.AbstractCallSite.call(AbstractCallSite.java:113)
	at org.codehaus.groovy.runtime.callsite.AbstractCallSite.call(AbstractCallSite.java:125)
	at Script1536956833814.run(Script1536956833814.groovy:103)
	at com.kms.katalon.core.main.ScriptEngine.run(ScriptEngine.java:183)
	at com.kms.katalon.core.main.ScriptEngine.runScriptAsRawText(ScriptEngine.java:108)
	at com.kms.katalon.core.main.TestCaseExecutor.runScript(TestCaseExecutor.java:294)
	at com.kms.katalon.core.main.TestCaseExecutor.doExecute(TestCaseExecutor.java:285)
	at com.kms.katalon.core.main.TestCaseExecutor.processExecutionPhase(TestCaseExecutor.java:264)
	at com.kms.katalon.core.main.TestCaseExecutor.accessMainPhase(TestCaseExecutor.java:256)
	at com.kms.katalon.core.main.TestCaseExecutor.execute(TestCaseExecutor.java:200)
	at com.kms.katalon.core.main.TestSuiteExecutor.accessTestCaseMainPhase(TestSuiteExecutor.java:129)
	at com.kms.katalon.core.main.TestSuiteExecutor.accessTestSuiteMainPhase(TestSuiteExecutor.java:112)
	at com.kms.katalon.core.main.TestSuiteExecutor.execute(TestSuiteExecutor.java:81)
	at com.kms.katalon.core.main.TestCaseMain.startTestSuite(TestCaseMain.java:142)
	at com.kms.katalon.core.main.TestCaseMain$startTestSuite$0.call(Unknown Source)
	at org.codehaus.groovy.runtime.callsite.CallSiteArray.defaultCall(CallSiteArray.java:48)
	at org.codehaus.groovy.runtime.callsite.AbstractCallSite.call(AbstractCallSite.java:113)
	at org.codehaus.groovy.runtime.callsite.AbstractCallSite.call(AbstractCallSite.java:141)
	at TempTestSuite1538428856608.run(TempTestSuite1538428856608.groovy:36)
	at groovy.lang.GroovyShell.runScriptOrMainOrTestOrRunnable(GroovyShell.java:263)
	at groovy.lang.GroovyShell.run(GroovyShell.java:518)
	at groovy.lang.GroovyShell.run(GroovyShell.java:507)
	at groovy.ui.GroovyMain.processOnce(GroovyMain.java:653)
	at groovy.ui.GroovyMain.run(GroovyMain.java:384)
	at groovy.ui.GroovyMain.process(GroovyMain.java:370)
	at groovy.ui.GroovyMain.processArgs(GroovyMain.java:129)
	at groovy.ui.GroovyMain.main(GroovyMain.java:109)
	at sun.reflect.NativeMethodAccessorImpl.invoke0(Native Method)
	at sun.reflect.NativeMethodAccessorImpl.invoke(NativeMethodAccessorImpl.java:62)
	at sun.reflect.DelegatingMethodAccessorImpl.invoke(DelegatingMethodAccessorImpl.java:43)
	at java.lang.reflect.Method.invoke(Method.java:498)
	at org.codehaus.groovy.tools.GroovyStarter.rootLoader(GroovyStarter.java:109)
	at org.codehaus.groovy.tools.GroovyStarter.main(GroovyStarter.java:131)
)]]></system-err>
      </testcase>
      <testcase name="Test Cases/US PC browser test/Navigate to any list and add a product to cart" classname="Test Cases/US PC browser test/Navigate to any list and add a product to cart" status="FAILED">
         <failure type="FAILED" message="(Stack trace: com.kms.katalon.core.exception.StepFailedException: Unable to click on object 'Object Repository/Page_Beauty Protector Protect  Deta/svg_favorite_icon' (Root cause: com.kms.katalon.core.webui.exception.WebElementNotFoundException: Web element with id: 'Object Repository/Page_Beauty Protector Protect  Deta/svg_favorite_icon' located by 'By.xpath: //*[@viewBox = '0 0 38.8 31.3']' not found)
	at com.kms.katalon.core.keyword.internal.KeywordMain.stepFailed(KeywordMain.groovy:36)
	at com.kms.katalon.core.webui.keyword.internal.WebUIKeywordMain.stepFailed(WebUIKeywordMain.groovy:65)
	at com.kms.katalon.core.webui.keyword.internal.WebUIKeywordMain.runKeyword(WebUIKeywordMain.groovy:27)
	at com.kms.katalon.core.webui.keyword.builtin.ClickKeyword.click(ClickKeyword.groovy:86)
	at com.kms.katalon.core.webui.keyword.builtin.ClickKeyword.execute(ClickKeyword.groovy:67)
	at com.kms.katalon.core.keyword.internal.KeywordExecutor.executeKeywordForPlatform(KeywordExecutor.groovy:53)
	at com.kms.katalon.core.webui.keyword.WebUiBuiltInKeywords.click(WebUiBuiltInKeywords.groovy:616)
	at com.kms.katalon.core.webui.keyword.WebUiBuiltInKeywords$click$3.call(Unknown Source)
	at org.codehaus.groovy.runtime.callsite.CallSiteArray.defaultCall(CallSiteArray.java:48)
	at org.codehaus.groovy.runtime.callsite.AbstractCallSite.call(AbstractCallSite.java:113)
	at org.codehaus.groovy.runtime.callsite.AbstractCallSite.call(AbstractCallSite.java:125)
	at Script1536960523902.run(Script1536960523902.groovy:63)
	at com.kms.katalon.core.main.ScriptEngine.run(ScriptEngine.java:183)
	at com.kms.katalon.core.main.ScriptEngine.runScriptAsRawText(ScriptEngine.java:108)
	at com.kms.katalon.core.main.TestCaseExecutor.runScript(TestCaseExecutor.java:294)
	at com.kms.katalon.core.main.TestCaseExecutor.doExecute(TestCaseExecutor.java:285)
	at com.kms.katalon.core.main.TestCaseExecutor.processExecutionPhase(TestCaseExecutor.java:264)
	at com.kms.katalon.core.main.TestCaseExecutor.accessMainPhase(TestCaseExecutor.java:256)
	at com.kms.katalon.core.main.TestCaseExecutor.execute(TestCaseExecutor.java:200)
	at com.kms.katalon.core.main.TestSuiteExecutor.accessTestCaseMainPhase(TestSuiteExecutor.java:129)
	at com.kms.katalon.core.main.TestSuiteExecutor.accessTestSuiteMainPhase(TestSuiteExecutor.java:112)
	at com.kms.katalon.core.main.TestSuiteExecutor.execute(TestSuiteExecutor.java:81)
	at com.kms.katalon.core.main.TestCaseMain.startTestSuite(TestCaseMain.java:142)
	at com.kms.katalon.core.main.TestCaseMain$startTestSuite$0.call(Unknown Source)
	at org.codehaus.groovy.runtime.callsite.CallSiteArray.defaultCall(CallSiteArray.java:48)
	at org.codehaus.groovy.runtime.callsite.AbstractCallSite.call(AbstractCallSite.java:113)
	at org.codehaus.groovy.runtime.callsite.AbstractCallSite.call(AbstractCallSite.java:141)
	at TempTestSuite1538428856608.run(TempTestSuite1538428856608.groovy:36)
	at groovy.lang.GroovyShell.runScriptOrMainOrTestOrRunnable(GroovyShell.java:263)
	at groovy.lang.GroovyShell.run(GroovyShell.java:518)
	at groovy.lang.GroovyShell.run(GroovyShell.java:507)
	at groovy.ui.GroovyMain.processOnce(GroovyMain.java:653)
	at groovy.ui.GroovyMain.run(GroovyMain.java:384)
	at groovy.ui.GroovyMain.process(GroovyMain.java:370)
	at groovy.ui.GroovyMain.processArgs(GroovyMain.java:129)
	at groovy.ui.GroovyMain.main(GroovyMain.java:109)
	at sun.reflect.NativeMethodAccessorImpl.invoke0(Native Method)
	at sun.reflect.NativeMethodAccessorImpl.invoke(NativeMethodAccessorImpl.java:62)
	at sun.reflect.DelegatingMethodAccessorImpl.invoke(DelegatingMethodAccessorImpl.java:43)
	at java.lang.reflect.Method.invoke(Method.java:498)
	at org.codehaus.groovy.tools.GroovyStarter.rootLoader(GroovyStarter.java:109)
	at org.codehaus.groovy.tools.GroovyStarter.main(GroovyStarter.java:131)
)"/>
         <system-out><![CDATA[2018-10-01 14:30:46 - [TEST_CASE][FAILED] - Test Cases/US PC browser test/Navigate to any list and add a product to cart: Test Cases/US PC browser test/Navigate to any list and add a product to cart FAILED because (of) (Stack trace: com.kms.katalon.core.exception.StepFailedException: Unable to click on object 'Object Repository/Page_Beauty Protector Protect  Deta/svg_favorite_icon' (Root cause: com.kms.katalon.core.webui.exception.WebElementNotFoundException: Web element with id: 'Object Repository/Page_Beauty Protector Protect  Deta/svg_favorite_icon' located by 'By.xpath: //*[@viewBox = '0 0 38.8 31.3']' not found)
	at com.kms.katalon.core.keyword.internal.KeywordMain.stepFailed(KeywordMain.groovy:36)
	at com.kms.katalon.core.webui.keyword.internal.WebUIKeywordMain.stepFailed(WebUIKeywordMain.groovy:65)
	at com.kms.katalon.core.webui.keyword.internal.WebUIKeywordMain.runKeyword(WebUIKeywordMain.groovy:27)
	at com.kms.katalon.core.webui.keyword.builtin.ClickKeyword.click(ClickKeyword.groovy:86)
	at com.kms.katalon.core.webui.keyword.builtin.ClickKeyword.execute(ClickKeyword.groovy:67)
	at com.kms.katalon.core.keyword.internal.KeywordExecutor.executeKeywordForPlatform(KeywordExecutor.groovy:53)
	at com.kms.katalon.core.webui.keyword.WebUiBuiltInKeywords.click(WebUiBuiltInKeywords.groovy:616)
	at com.kms.katalon.core.webui.keyword.WebUiBuiltInKeywords$click$3.call(Unknown Source)
	at org.codehaus.groovy.runtime.callsite.CallSiteArray.defaultCall(CallSiteArray.java:48)
	at org.codehaus.groovy.runtime.callsite.AbstractCallSite.call(AbstractCallSite.java:113)
	at org.codehaus.groovy.runtime.callsite.AbstractCallSite.call(AbstractCallSite.java:125)
	at Script1536960523902.run(Script1536960523902.groovy:63)
	at com.kms.katalon.core.main.ScriptEngine.run(ScriptEngine.java:183)
	at com.kms.katalon.core.main.ScriptEngine.runScriptAsRawText(ScriptEngine.java:108)
	at com.kms.katalon.core.main.TestCaseExecutor.runScript(TestCaseExecutor.java:294)
	at com.kms.katalon.core.main.TestCaseExecutor.doExecute(TestCaseExecutor.java:285)
	at com.kms.katalon.core.main.TestCaseExecutor.processExecutionPhase(TestCaseExecutor.java:264)
	at com.kms.katalon.core.main.TestCaseExecutor.accessMainPhase(TestCaseExecutor.java:256)
	at com.kms.katalon.core.main.TestCaseExecutor.execute(TestCaseExecutor.java:200)
	at com.kms.katalon.core.main.TestSuiteExecutor.accessTestCaseMainPhase(TestSuiteExecutor.java:129)
	at com.kms.katalon.core.main.TestSuiteExecutor.accessTestSuiteMainPhase(TestSuiteExecutor.java:112)
	at com.kms.katalon.core.main.TestSuiteExecutor.execute(TestSuiteExecutor.java:81)
	at com.kms.katalon.core.main.TestCaseMain.startTestSuite(TestCaseMain.java:142)
	at com.kms.katalon.core.main.TestCaseMain$startTestSuite$0.call(Unknown Source)
	at org.codehaus.groovy.runtime.callsite.CallSiteArray.defaultCall(CallSiteArray.java:48)
	at org.codehaus.groovy.runtime.callsite.AbstractCallSite.call(AbstractCallSite.java:113)
	at org.codehaus.groovy.runtime.callsite.AbstractCallSite.call(AbstractCallSite.java:141)
	at TempTestSuite1538428856608.run(TempTestSuite1538428856608.groovy:36)
	at groovy.lang.GroovyShell.runScriptOrMainOrTestOrRunnable(GroovyShell.java:263)
	at groovy.lang.GroovyShell.run(GroovyShell.java:518)
	at groovy.lang.GroovyShell.run(GroovyShell.java:507)
	at groovy.ui.GroovyMain.processOnce(GroovyMain.java:653)
	at groovy.ui.GroovyMain.run(GroovyMain.java:384)
	at groovy.ui.GroovyMain.process(GroovyMain.java:370)
	at groovy.ui.GroovyMain.processArgs(GroovyMain.java:129)
	at groovy.ui.GroovyMain.main(GroovyMain.java:109)
	at sun.reflect.NativeMethodAccessorImpl.invoke0(Native Method)
	at sun.reflect.NativeMethodAccessorImpl.invoke(NativeMethodAccessorImpl.java:62)
	at sun.reflect.DelegatingMethodAccessorImpl.invoke(DelegatingMethodAccessorImpl.java:43)
	at java.lang.reflect.Method.invoke(Method.java:498)
	at org.codehaus.groovy.tools.GroovyStarter.rootLoader(GroovyStarter.java:109)
	at org.codehaus.groovy.tools.GroovyStarter.main(GroovyStarter.java:131)
)

2018-10-01 14:30:46 - [TEST_STEP][NOT_RUN] - callTestCase: NOT_RUN: callTestCase

2018-10-01 14:30:46 - [MESSAGE][NOT_RUN] - NOT_RUN: callTestCase

2018-10-01 14:30:46 - [TEST_STEP][PASSED] - delay: Delayed 2 second(s)

2018-10-01 14:30:48 - [MESSAGE][PASSED] - Delayed 2 second(s)

2018-10-01 14:30:48 - [TEST_STEP][PASSED] - waitForElementClickable: Object 'Object Repository/Page_Beauty Box Subscription for Wo/div_Collections (2)' is clickable

2018-10-01 14:30:48 - [MESSAGE][WARNING] - Timeout '0' is invalid. Using default page load timeout: '30'

2018-10-01 14:30:48 - [MESSAGE][PASSED] - Object 'Object Repository/Page_Beauty Box Subscription for Wo/div_Collections (2)' is clickable

2018-10-01 14:30:48 - [TEST_STEP][PASSED] - click: Object: 'Object Repository/Page_Beauty Box Subscription for Wo/div_Collections (2)' is clicked on

2018-10-01 14:30:48 - [MESSAGE][PASSED] - Object: 'Object Repository/Page_Beauty Box Subscription for Wo/div_Collections (2)' is clicked on

2018-10-01 14:30:48 - [TEST_STEP][PASSED] - delay: Delayed 2 second(s)

2018-10-01 14:30:50 - [MESSAGE][PASSED] - Delayed 2 second(s)

2018-10-01 14:30:50 - [TEST_STEP][PASSED] - waitForElementClickable: Object 'Object Repository/Page_Beauty Box Subscription for Wo/div_Birchbox Exclusives' is clickable

2018-10-01 14:30:50 - [MESSAGE][WARNING] - Timeout '0' is invalid. Using default page load timeout: '30'

2018-10-01 14:30:51 - [MESSAGE][PASSED] - Object 'Object Repository/Page_Beauty Box Subscription for Wo/div_Birchbox Exclusives' is clickable

2018-10-01 14:30:51 - [TEST_STEP][PASSED] - click: Object: 'Object Repository/Page_Beauty Box Subscription for Wo/div_Birchbox Exclusives' is clicked on

2018-10-01 14:30:51 - [MESSAGE][PASSED] - Object: 'Object Repository/Page_Beauty Box Subscription for Wo/div_Birchbox Exclusives' is clicked on

2018-10-01 14:30:51 - [TEST_STEP][PASSED] - delay: Delayed 3 second(s)

2018-10-01 14:30:54 - [MESSAGE][PASSED] - Delayed 3 second(s)

2018-10-01 14:30:54 - [TEST_STEP][PASSED] - scrollToPosition: Browser is scrolled to position x = 0, y = 1000

2018-10-01 14:30:54 - [MESSAGE][PASSED] - Browser is scrolled to position x = 0, y = 1000

2018-10-01 14:30:54 - [TEST_STEP][PASSED] - delay: Delayed 2 second(s)

2018-10-01 14:30:56 - [MESSAGE][PASSED] - Delayed 2 second(s)

2018-10-01 14:30:56 - [TEST_STEP][PASSED] - scrollToPosition: Browser is scrolled to position x = 0, y = 2000

2018-10-01 14:30:56 - [MESSAGE][PASSED] - Browser is scrolled to position x = 0, y = 2000

2018-10-01 14:30:56 - [TEST_STEP][PASSED] - delay: Delayed 2 second(s)

2018-10-01 14:30:58 - [MESSAGE][PASSED] - Delayed 2 second(s)

2018-10-01 14:30:58 - [TEST_STEP][PASSED] - scrollToElement: Scroll to object 'Object Repository/Page_Shop Birchbox Exclusives/img_image__absolute___Beauty Protector image' successfully

2018-10-01 14:30:58 - [MESSAGE][WARNING] - Timeout '0' is invalid. Using default page load timeout: '30'

2018-10-01 14:30:58 - [MESSAGE][PASSED] - Scroll to object 'Object Repository/Page_Shop Birchbox Exclusives/img_image__absolute___Beauty Protector image' successfully

2018-10-01 14:30:58 - [TEST_STEP][PASSED] - waitForElementClickable: Object 'Object Repository/Page_Shop Birchbox Exclusives/a_Beauty Protector Protect  De' is clickable

2018-10-01 14:30:58 - [MESSAGE][WARNING] - Timeout '0' is invalid. Using default page load timeout: '30'

2018-10-01 14:30:59 - [MESSAGE][PASSED] - Object 'Object Repository/Page_Shop Birchbox Exclusives/a_Beauty Protector Protect  De' is clickable

2018-10-01 14:30:59 - [TEST_STEP][PASSED] - click: Object: 'Object Repository/Page_Shop Birchbox Exclusives/a_Beauty Protector Protect  De' is clicked on

2018-10-01 14:30:59 - [MESSAGE][PASSED] - Object: 'Object Repository/Page_Shop Birchbox Exclusives/a_Beauty Protector Protect  De' is clicked on

2018-10-01 14:30:59 - [TEST_STEP][PASSED] - waitForPageLoad: Wait for page load successfully

2018-10-01 14:30:59 - [MESSAGE][WARNING] - Timeout '0' is invalid. Using default page load timeout: '30'

2018-10-01 14:30:59 - [MESSAGE][PASSED] - Wait for page load successfully

2018-10-01 14:30:59 - [TEST_STEP][PASSED] - delay: Delayed 8 second(s)

2018-10-01 14:31:07 - [MESSAGE][PASSED] - Delayed 8 second(s)

2018-10-01 14:31:07 - [TEST_STEP][PASSED] - waitForElementClickable: Web element with id: 'Object Repository/Page_Beauty Protector Protect  Deta/svg_favorite_icon' located by 'By.xpath: //*[@viewBox = '0 0 38.8 31.3']' not found

2018-10-01 14:31:07 - [MESSAGE][WARNING] - Timeout '0' is invalid. Using default page load timeout: '30'

2018-10-01 14:31:39 - [MESSAGE][WARNING] - Web element with id: 'Object Repository/Page_Beauty Protector Protect  Deta/svg_favorite_icon' located by 'By.xpath: //*[@viewBox = '0 0 38.8 31.3']' not found

2018-10-01 14:31:39 - [TEST_STEP][FAILED] - click: Unable to click on object 'Object Repository/Page_Beauty Protector Protect  Deta/svg_favorite_icon' (Root cause: com.kms.katalon.core.webui.exception.WebElementNotFoundException: Web element with id: 'Object Repository/Page_Beauty Protector Protect  Deta/svg_favorite_icon' located by 'By.xpath: //*[@viewBox = '0 0 38.8 31.3']' not found)

2018-10-01 14:32:10 - [MESSAGE][FAILED] - Unable to click on object 'Object Repository/Page_Beauty Protector Protect  Deta/svg_favorite_icon' (Root cause: com.kms.katalon.core.webui.exception.WebElementNotFoundException: Web element with id: 'Object Repository/Page_Beauty Protector Protect  Deta/svg_favorite_icon' located by 'By.xpath: //*[@viewBox = '0 0 38.8 31.3']' not found)]]></system-out>
         <system-err><![CDATA[2018-10-01 14:30:46 - [TEST_CASE][FAILED] - Test Cases/US PC browser test/Navigate to any list and add a product to cart: Test Cases/US PC browser test/Navigate to any list and add a product to cart FAILED because (of) (Stack trace: com.kms.katalon.core.exception.StepFailedException: Unable to click on object 'Object Repository/Page_Beauty Protector Protect  Deta/svg_favorite_icon' (Root cause: com.kms.katalon.core.webui.exception.WebElementNotFoundException: Web element with id: 'Object Repository/Page_Beauty Protector Protect  Deta/svg_favorite_icon' located by 'By.xpath: //*[@viewBox = '0 0 38.8 31.3']' not found)
	at com.kms.katalon.core.keyword.internal.KeywordMain.stepFailed(KeywordMain.groovy:36)
	at com.kms.katalon.core.webui.keyword.internal.WebUIKeywordMain.stepFailed(WebUIKeywordMain.groovy:65)
	at com.kms.katalon.core.webui.keyword.internal.WebUIKeywordMain.runKeyword(WebUIKeywordMain.groovy:27)
	at com.kms.katalon.core.webui.keyword.builtin.ClickKeyword.click(ClickKeyword.groovy:86)
	at com.kms.katalon.core.webui.keyword.builtin.ClickKeyword.execute(ClickKeyword.groovy:67)
	at com.kms.katalon.core.keyword.internal.KeywordExecutor.executeKeywordForPlatform(KeywordExecutor.groovy:53)
	at com.kms.katalon.core.webui.keyword.WebUiBuiltInKeywords.click(WebUiBuiltInKeywords.groovy:616)
	at com.kms.katalon.core.webui.keyword.WebUiBuiltInKeywords$click$3.call(Unknown Source)
	at org.codehaus.groovy.runtime.callsite.CallSiteArray.defaultCall(CallSiteArray.java:48)
	at org.codehaus.groovy.runtime.callsite.AbstractCallSite.call(AbstractCallSite.java:113)
	at org.codehaus.groovy.runtime.callsite.AbstractCallSite.call(AbstractCallSite.java:125)
	at Script1536960523902.run(Script1536960523902.groovy:63)
	at com.kms.katalon.core.main.ScriptEngine.run(ScriptEngine.java:183)
	at com.kms.katalon.core.main.ScriptEngine.runScriptAsRawText(ScriptEngine.java:108)
	at com.kms.katalon.core.main.TestCaseExecutor.runScript(TestCaseExecutor.java:294)
	at com.kms.katalon.core.main.TestCaseExecutor.doExecute(TestCaseExecutor.java:285)
	at com.kms.katalon.core.main.TestCaseExecutor.processExecutionPhase(TestCaseExecutor.java:264)
	at com.kms.katalon.core.main.TestCaseExecutor.accessMainPhase(TestCaseExecutor.java:256)
	at com.kms.katalon.core.main.TestCaseExecutor.execute(TestCaseExecutor.java:200)
	at com.kms.katalon.core.main.TestSuiteExecutor.accessTestCaseMainPhase(TestSuiteExecutor.java:129)
	at com.kms.katalon.core.main.TestSuiteExecutor.accessTestSuiteMainPhase(TestSuiteExecutor.java:112)
	at com.kms.katalon.core.main.TestSuiteExecutor.execute(TestSuiteExecutor.java:81)
	at com.kms.katalon.core.main.TestCaseMain.startTestSuite(TestCaseMain.java:142)
	at com.kms.katalon.core.main.TestCaseMain$startTestSuite$0.call(Unknown Source)
	at org.codehaus.groovy.runtime.callsite.CallSiteArray.defaultCall(CallSiteArray.java:48)
	at org.codehaus.groovy.runtime.callsite.AbstractCallSite.call(AbstractCallSite.java:113)
	at org.codehaus.groovy.runtime.callsite.AbstractCallSite.call(AbstractCallSite.java:141)
	at TempTestSuite1538428856608.run(TempTestSuite1538428856608.groovy:36)
	at groovy.lang.GroovyShell.runScriptOrMainOrTestOrRunnable(GroovyShell.java:263)
	at groovy.lang.GroovyShell.run(GroovyShell.java:518)
	at groovy.lang.GroovyShell.run(GroovyShell.java:507)
	at groovy.ui.GroovyMain.processOnce(GroovyMain.java:653)
	at groovy.ui.GroovyMain.run(GroovyMain.java:384)
	at groovy.ui.GroovyMain.process(GroovyMain.java:370)
	at groovy.ui.GroovyMain.processArgs(GroovyMain.java:129)
	at groovy.ui.GroovyMain.main(GroovyMain.java:109)
	at sun.reflect.NativeMethodAccessorImpl.invoke0(Native Method)
	at sun.reflect.NativeMethodAccessorImpl.invoke(NativeMethodAccessorImpl.java:62)
	at sun.reflect.DelegatingMethodAccessorImpl.invoke(DelegatingMethodAccessorImpl.java:43)
	at java.lang.reflect.Method.invoke(Method.java:498)
	at org.codehaus.groovy.tools.GroovyStarter.rootLoader(GroovyStarter.java:109)
	at org.codehaus.groovy.tools.GroovyStarter.main(GroovyStarter.java:131)
)]]></system-err>
      </testcase>
      <system-out><![CDATA[2018-10-01 14:20:58 - [TEST_SUITE][FAILED] - Sub Test (US, PC): Test Cases/US PC browser test/Add a configurable item and place an order FAILED because (of) (Stack trace: com.kms.katalon.core.exception.StepFailedException: Unable to click on object 'Object Repository/Page_Beauty Box Subscription for Wo/a_Lipsticks' (Root cause: org.openqa.selenium.WebDriverException: unknown error: Element <a class="StyledLink-khUpca fgCKOS" href="/category/46">...</a> is not clickable at point (331, 445). Other element would receive the click: <div class="maskContainer__mask___1VWsR utilities__flexCenterBoth___bT52v utilities__flexContainer___2sCJV utilities__cover___WKDvY utilities__fixed___1nM3D maskContainer__loading___3Ady_">...</div>
  (Session info: chrome=69.0.3497.100)
  (Driver info: chromedriver=2.35.528161 (5b82f2d2aae0ca24b877009200ced9065a772e73),platform=Windows NT 6.1.7601 SP1 x86_64) (WARNING: The server did not provide any stacktrace information)
Command duration or timeout: 0 milliseconds
Build info: version: '3.7.1', revision: '8a0099a', time: '2017-11-06T21:07:36.161Z'
System info: host: 'PLEMKTPLACE-08', ip: '10.241.184.32', os.name: 'Windows 7', os.arch: 'amd64', os.version: '6.1', java.version: '1.8.0_181'
Driver info: com.kms.katalon.selenium.driver.CChromeDriver
Capabilities {acceptInsecureCerts: false, acceptSslCerts: false, applicationCacheEnabled: false, browserConnectionEnabled: false, browserName: chrome, chrome: {chromedriverVersion: 2.35.528161 (5b82f2d2aae0ca..., userDataDir: C:\Users\vbrooks\AppData\Lo...}, cssSelectorsEnabled: true, databaseEnabled: false, handlesAlerts: true, hasTouchScreen: false, javascriptEnabled: true, locationContextEnabled: true, mobileEmulationEnabled: false, nativeEvents: true, networkConnectionEnabled: false, pageLoadStrategy: normal, platform: XP, platformName: XP, rotatable: false, setWindowRect: true, takesHeapSnapshot: true, takesScreenshot: true, unexpectedAlertBehaviour: , unhandledPromptBehavior: , version: 69.0.3497.100, webStorageEnabled: true}
Session ID: 286f012a515efe2c2b7e62017888eb42)
	at com.kms.katalon.core.keyword.internal.KeywordMain.stepFailed(KeywordMain.groovy:36)
	at com.kms.katalon.core.webui.keyword.internal.WebUIKeywordMain.stepFailed(WebUIKeywordMain.groovy:65)
	at com.kms.katalon.core.webui.keyword.internal.WebUIKeywordMain.runKeyword(WebUIKeywordMain.groovy:27)
	at com.kms.katalon.core.webui.keyword.builtin.ClickKeyword.click(ClickKeyword.groovy:86)
	at com.kms.katalon.core.webui.keyword.builtin.ClickKeyword.execute(ClickKeyword.groovy:67)
	at com.kms.katalon.core.keyword.internal.KeywordExecutor.executeKeywordForPlatform(KeywordExecutor.groovy:53)
	at com.kms.katalon.core.webui.keyword.WebUiBuiltInKeywords.click(WebUiBuiltInKeywords.groovy:616)
	at com.kms.katalon.core.webui.keyword.WebUiBuiltInKeywords$click$3.call(Unknown Source)
	at org.codehaus.groovy.runtime.callsite.CallSiteArray.defaultCall(CallSiteArray.java:48)
	at org.codehaus.groovy.runtime.callsite.AbstractCallSite.call(AbstractCallSite.java:113)
	at org.codehaus.groovy.runtime.callsite.AbstractCallSite.call(AbstractCallSite.java:125)
	at Script1536869678738.run(Script1536869678738.groovy:43)
	at com.kms.katalon.core.main.ScriptEngine.run(ScriptEngine.java:183)
	at com.kms.katalon.core.main.ScriptEngine.runScriptAsRawText(ScriptEngine.java:108)
	at com.kms.katalon.core.main.TestCaseExecutor.runScript(TestCaseExecutor.java:294)
	at com.kms.katalon.core.main.TestCaseExecutor.doExecute(TestCaseExecutor.java:285)
	at com.kms.katalon.core.main.TestCaseExecutor.processExecutionPhase(TestCaseExecutor.java:264)
	at com.kms.katalon.core.main.TestCaseExecutor.accessMainPhase(TestCaseExecutor.java:256)
	at com.kms.katalon.core.main.TestCaseExecutor.execute(TestCaseExecutor.java:200)
	at com.kms.katalon.core.main.TestSuiteExecutor.accessTestCaseMainPhase(TestSuiteExecutor.java:129)
	at com.kms.katalon.core.main.TestSuiteExecutor.accessTestSuiteMainPhase(TestSuiteExecutor.java:112)
	at com.kms.katalon.core.main.TestSuiteExecutor.execute(TestSuiteExecutor.java:81)
	at com.kms.katalon.core.main.TestCaseMain.startTestSuite(TestCaseMain.java:142)
	at com.kms.katalon.core.main.TestCaseMain$startTestSuite$0.call(Unknown Source)
	at org.codehaus.groovy.runtime.callsite.CallSiteArray.defaultCall(CallSiteArray.java:48)
	at org.codehaus.groovy.runtime.callsite.AbstractCallSite.call(AbstractCallSite.java:113)
	at org.codehaus.groovy.runtime.callsite.AbstractCallSite.call(AbstractCallSite.java:141)
	at TempTestSuite1538428856608.run(TempTestSuite1538428856608.groovy:36)
	at groovy.lang.GroovyShell.runScriptOrMainOrTestOrRunnable(GroovyShell.java:263)
	at groovy.lang.GroovyShell.run(GroovyShell.java:518)
	at groovy.lang.GroovyShell.run(GroovyShell.java:507)
	at groovy.ui.GroovyMain.processOnce(GroovyMain.java:653)
	at groovy.ui.GroovyMain.run(GroovyMain.java:384)
	at groovy.ui.GroovyMain.process(GroovyMain.java:370)
	at groovy.ui.GroovyMain.processArgs(GroovyMain.java:129)
	at groovy.ui.GroovyMain.main(GroovyMain.java:109)
	at sun.reflect.NativeMethodAccessorImpl.invoke0(Native Method)
	at sun.reflect.NativeMethodAccessorImpl.invoke(NativeMethodAccessorImpl.java:62)
	at sun.reflect.DelegatingMethodAccessorImpl.invoke(DelegatingMethodAccessorImpl.java:43)
	at java.lang.reflect.Method.invoke(Method.java:498)
	at org.codehaus.groovy.tools.GroovyStarter.rootLoader(GroovyStarter.java:109)
	at org.codehaus.groovy.tools.GroovyStarter.main(GroovyStarter.java:131)
)]]></system-out>
      <system-err><![CDATA[2018-10-01 14:20:58 - [TEST_SUITE][FAILED] - Sub Test (US, PC): Test Cases/US PC browser test/Add a configurable item and place an order FAILED because (of) (Stack trace: com.kms.katalon.core.exception.StepFailedException: Unable to click on object 'Object Repository/Page_Beauty Box Subscription for Wo/a_Lipsticks' (Root cause: org.openqa.selenium.WebDriverException: unknown error: Element <a class="StyledLink-khUpca fgCKOS" href="/category/46">...</a> is not clickable at point (331, 445). Other element would receive the click: <div class="maskContainer__mask___1VWsR utilities__flexCenterBoth___bT52v utilities__flexContainer___2sCJV utilities__cover___WKDvY utilities__fixed___1nM3D maskContainer__loading___3Ady_">...</div>
  (Session info: chrome=69.0.3497.100)
  (Driver info: chromedriver=2.35.528161 (5b82f2d2aae0ca24b877009200ced9065a772e73),platform=Windows NT 6.1.7601 SP1 x86_64) (WARNING: The server did not provide any stacktrace information)
Command duration or timeout: 0 milliseconds
Build info: version: '3.7.1', revision: '8a0099a', time: '2017-11-06T21:07:36.161Z'
System info: host: 'PLEMKTPLACE-08', ip: '10.241.184.32', os.name: 'Windows 7', os.arch: 'amd64', os.version: '6.1', java.version: '1.8.0_181'
Driver info: com.kms.katalon.selenium.driver.CChromeDriver
Capabilities {acceptInsecureCerts: false, acceptSslCerts: false, applicationCacheEnabled: false, browserConnectionEnabled: false, browserName: chrome, chrome: {chromedriverVersion: 2.35.528161 (5b82f2d2aae0ca..., userDataDir: C:\Users\vbrooks\AppData\Lo...}, cssSelectorsEnabled: true, databaseEnabled: false, handlesAlerts: true, hasTouchScreen: false, javascriptEnabled: true, locationContextEnabled: true, mobileEmulationEnabled: false, nativeEvents: true, networkConnectionEnabled: false, pageLoadStrategy: normal, platform: XP, platformName: XP, rotatable: false, setWindowRect: true, takesHeapSnapshot: true, takesScreenshot: true, unexpectedAlertBehaviour: , unhandledPromptBehavior: , version: 69.0.3497.100, webStorageEnabled: true}
Session ID: 286f012a515efe2c2b7e62017888eb42)
	at com.kms.katalon.core.keyword.internal.KeywordMain.stepFailed(KeywordMain.groovy:36)
	at com.kms.katalon.core.webui.keyword.internal.WebUIKeywordMain.stepFailed(WebUIKeywordMain.groovy:65)
	at com.kms.katalon.core.webui.keyword.internal.WebUIKeywordMain.runKeyword(WebUIKeywordMain.groovy:27)
	at com.kms.katalon.core.webui.keyword.builtin.ClickKeyword.click(ClickKeyword.groovy:86)
	at com.kms.katalon.core.webui.keyword.builtin.ClickKeyword.execute(ClickKeyword.groovy:67)
	at com.kms.katalon.core.keyword.internal.KeywordExecutor.executeKeywordForPlatform(KeywordExecutor.groovy:53)
	at com.kms.katalon.core.webui.keyword.WebUiBuiltInKeywords.click(WebUiBuiltInKeywords.groovy:616)
	at com.kms.katalon.core.webui.keyword.WebUiBuiltInKeywords$click$3.call(Unknown Source)
	at org.codehaus.groovy.runtime.callsite.CallSiteArray.defaultCall(CallSiteArray.java:48)
	at org.codehaus.groovy.runtime.callsite.AbstractCallSite.call(AbstractCallSite.java:113)
	at org.codehaus.groovy.runtime.callsite.AbstractCallSite.call(AbstractCallSite.java:125)
	at Script1536869678738.run(Script1536869678738.groovy:43)
	at com.kms.katalon.core.main.ScriptEngine.run(ScriptEngine.java:183)
	at com.kms.katalon.core.main.ScriptEngine.runScriptAsRawText(ScriptEngine.java:108)
	at com.kms.katalon.core.main.TestCaseExecutor.runScript(TestCaseExecutor.java:294)
	at com.kms.katalon.core.main.TestCaseExecutor.doExecute(TestCaseExecutor.java:285)
	at com.kms.katalon.core.main.TestCaseExecutor.processExecutionPhase(TestCaseExecutor.java:264)
	at com.kms.katalon.core.main.TestCaseExecutor.accessMainPhase(TestCaseExecutor.java:256)
	at com.kms.katalon.core.main.TestCaseExecutor.execute(TestCaseExecutor.java:200)
	at com.kms.katalon.core.main.TestSuiteExecutor.accessTestCaseMainPhase(TestSuiteExecutor.java:129)
	at com.kms.katalon.core.main.TestSuiteExecutor.accessTestSuiteMainPhase(TestSuiteExecutor.java:112)
	at com.kms.katalon.core.main.TestSuiteExecutor.execute(TestSuiteExecutor.java:81)
	at com.kms.katalon.core.main.TestCaseMain.startTestSuite(TestCaseMain.java:142)
	at com.kms.katalon.core.main.TestCaseMain$startTestSuite$0.call(Unknown Source)
	at org.codehaus.groovy.runtime.callsite.CallSiteArray.defaultCall(CallSiteArray.java:48)
	at org.codehaus.groovy.runtime.callsite.AbstractCallSite.call(AbstractCallSite.java:113)
	at org.codehaus.groovy.runtime.callsite.AbstractCallSite.call(AbstractCallSite.java:141)
	at TempTestSuite1538428856608.run(TempTestSuite1538428856608.groovy:36)
	at groovy.lang.GroovyShell.runScriptOrMainOrTestOrRunnable(GroovyShell.java:263)
	at groovy.lang.GroovyShell.run(GroovyShell.java:518)
	at groovy.lang.GroovyShell.run(GroovyShell.java:507)
	at groovy.ui.GroovyMain.processOnce(GroovyMain.java:653)
	at groovy.ui.GroovyMain.run(GroovyMain.java:384)
	at groovy.ui.GroovyMain.process(GroovyMain.java:370)
	at groovy.ui.GroovyMain.processArgs(GroovyMain.java:129)
	at groovy.ui.GroovyMain.main(GroovyMain.java:109)
	at sun.reflect.NativeMethodAccessorImpl.invoke0(Native Method)
	at sun.reflect.NativeMethodAccessorImpl.invoke(NativeMethodAccessorImpl.java:62)
	at sun.reflect.DelegatingMethodAccessorImpl.invoke(DelegatingMethodAccessorImpl.java:43)
	at java.lang.reflect.Method.invoke(Method.java:498)
	at org.codehaus.groovy.tools.GroovyStarter.rootLoader(GroovyStarter.java:109)
	at org.codehaus.groovy.tools.GroovyStarter.main(GroovyStarter.java:131)
)]]></system-err>
   </testsuite>
</testsuites>
